<html>
<head>
<title>TestNG:  Test1</title>
<link href="../testng.css" rel="stylesheet" type="text/css" />
<link href="../my-testng.css" rel="stylesheet" type="text/css" />

<style type="text/css">
.log { display: none;} 
.stack-trace { display: none;} 
</style>
<script type="text/javascript">
<!--
function flip(e) {
  current = e.style.display;
  if (current == 'block') {
    e.style.display = 'none';
    return 0;
  }
  else {
    e.style.display = 'block';
    return 1;
  }
}

function toggleBox(szDivId, elem, msg1, msg2)
{
  var res = -1;  if (document.getElementById) {
    res = flip(document.getElementById(szDivId));
  }
  else if (document.all) {
    // this is the way old msie versions work
    res = flip(document.all[szDivId]);
  }
  if(elem) {
    if(res == 0) elem.innerHTML = msg1; else elem.innerHTML = msg2;
  }

}

function toggleAllBoxes() {
  if (document.getElementsByTagName) {
    d = document.getElementsByTagName('div');
    for (i = 0; i < d.length; i++) {
      if (d[i].className == 'log') {
        flip(d[i]);
      }
    }
  }
}

// -->
</script>

</head>
<body>
<h2 align='center'>Test1</h2><table border='1' align="center">
<tr>
<td>Tests passed/Failed/Skipped:</td><td>54/12/6</td>
</tr><tr>
<td>Started on:</td><td>Fri May 29 00:04:07 BST 2020</td>
</tr>
<tr><td>Total time:</td><td>7189 seconds (7189039 ms)</td>
</tr><tr>
<td>Included groups:</td><td></td>
</tr><tr>
<td>Excluded groups:</td><td></td>
</tr>
</table><p/>
<small><i>(Hover the method name to see the test class name)</i></small><p/>
<table width='100%' border='1' class='invocation-failed'>
<tr><td colspan='4' align='center'><b>FAILED TESTS</b></td></tr>
<tr><td><b>Test method</b></td>
<td width="30%"><b>Exception</b></td>
<td width="10%"><b>Time (seconds)</b></td>
<td><b>Instance</b></td>
</tr>
<tr>
<td title='com.poferries.freight.AutomationFramework.web.runner.RunCukes.runScenario()'><b>runScenario</b><br>Test class: com.poferries.freight.AutomationFramework.web.runner.RunCukes<br>Test method: Runs Cucumber Scenarios<br>Parameters: "Make a booking for a prelodgement", "Abnormal weight width selection."</td>
<td><div><pre>org.openqa.selenium.StaleElementReferenceException: stale element reference: element is not attached to the page document
  (Session info: chrome=79.0.3945.79)
For documentation on this error, please visit: https://www.seleniumhq.org/exceptions/stale_element_reference.html
Build info: version: &apos;3.141.59&apos;, revision: &apos;e82be7d358&apos;, time: &apos;2018-11-14T08:17:03&apos;
System info: host: &apos;DESKTOP-KISPH7H&apos;, ip: &apos;192.168.0.7&apos;, os.name: &apos;Windows 10&apos;, os.arch: &apos;amd64&apos;, os.version: &apos;10.0&apos;, java.version: &apos;1.8.0_241&apos;
Driver info: org.openqa.selenium.chrome.ChromeDriver
Capabilities {acceptInsecureCerts: false, browserName: chrome, browserVersion: 79.0.3945.79, chrome: {chromedriverVersion: 79.0.3945.36 (3582db32b3389..., userDataDir: C:\Users\AKHIL\AppData\Loca...}, goog:chromeOptions: {debuggerAddress: localhost:57032}, javascriptEnabled: true, networkConnectionEnabled: false, pageLoadStrategy: normal, platform: WINDOWS, platformName: WINDOWS, proxy: Proxy(), setWindowRect: true, strictFileInteractability: false, timeouts: {implicit: 0, pageLoad: 300000, script: 30000}, unhandledPromptBehavior: dismiss and notify}
Session ID: 896dbaa182d620c54d170964c1aa7ed6
	at org.openqa.selenium.remote.http.W3CHttpResponseCodec.createException(W3CHttpResponseCodec.java:187)
	at org.openqa.selenium.remote.http.W3CHttpResponseCodec.decode(W3CHttpResponseCodec.java:122)
	at org.openqa.selenium.remote.http.W3CHttpResponseCodec.decode(W3CHttpResponseCodec.java:49)
	at org.openqa.selenium.remote.HttpCommandExecutor.execute(HttpCommandExecutor.java:158)
	at org.openqa.selenium.remote.service.DriverCommandExecutor.execute(DriverCommandExecutor.java:83)
	at org.openqa.selenium.remote.RemoteWebDriver.execute(RemoteWebDriver.java:552)
	at org.openqa.selenium.remote.RemoteWebElement.execute(RemoteWebElement.java:285)
	at org.openqa.selenium.remote.RemoteWebElement.getAttribute(RemoteWebElement.java:134)
	at org.openqa.selenium.support.pagefactory.internal.LocatingElementHandler.invoke(LocatingElementHandler.java:51)
	at com.sun.proxy.$Proxy17.getAttribute(Unknown Source)
	at org.openqa.selenium.support.ui.ExpectedConditions$37.apply(ExpectedConditions.java:1052)
	at org.openqa.selenium.support.ui.ExpectedConditions$37.apply(ExpectedConditions.java:1047)
	at org.openqa.selenium.support.ui.FluentWait.until(FluentWait.java:249)
	at com.poferries.freight.AutomationFramework.web.actions.HomePageActions.waitForProgressbarToappear(HomePageActions.java:57)
	at com.poferries.freight.AutomationFramework.web.actions.HomePageActions.makeLengthAndLanguageSelections(HomePageActions.java:165)
	at com.poferries.freight.AutomationFramework.web.stepDefinitions.MakeABookingSteps.i_set_the_and_units(MakeABookingSteps.java:85)
	at ?.I set the &quot;en&quot; and &quot;Metre&quot; units(file:src/test/resources/features/web/AbnormalWeightWidth.feature:19)
... Removed 7 stack frames</pre></div><a href='#' onClick='toggleBox("stack-trace1884982716", this, "Click to show all stack frames", "Click to hide stack frames")'>Click to show all stack frames</a>
<div class='stack-trace' id='stack-trace1884982716'><pre>org.openqa.selenium.StaleElementReferenceException: stale element reference: element is not attached to the page document
  (Session info: chrome=79.0.3945.79)
For documentation on this error, please visit: https://www.seleniumhq.org/exceptions/stale_element_reference.html
Build info: version: &apos;3.141.59&apos;, revision: &apos;e82be7d358&apos;, time: &apos;2018-11-14T08:17:03&apos;
System info: host: &apos;DESKTOP-KISPH7H&apos;, ip: &apos;192.168.0.7&apos;, os.name: &apos;Windows 10&apos;, os.arch: &apos;amd64&apos;, os.version: &apos;10.0&apos;, java.version: &apos;1.8.0_241&apos;
Driver info: org.openqa.selenium.chrome.ChromeDriver
Capabilities {acceptInsecureCerts: false, browserName: chrome, browserVersion: 79.0.3945.79, chrome: {chromedriverVersion: 79.0.3945.36 (3582db32b3389..., userDataDir: C:\Users\AKHIL\AppData\Loca...}, goog:chromeOptions: {debuggerAddress: localhost:57032}, javascriptEnabled: true, networkConnectionEnabled: false, pageLoadStrategy: normal, platform: WINDOWS, platformName: WINDOWS, proxy: Proxy(), setWindowRect: true, strictFileInteractability: false, timeouts: {implicit: 0, pageLoad: 300000, script: 30000}, unhandledPromptBehavior: dismiss and notify}
Session ID: 896dbaa182d620c54d170964c1aa7ed6
	at sun.reflect.NativeConstructorAccessorImpl.newInstance0(Native Method)
	at sun.reflect.NativeConstructorAccessorImpl.newInstance(NativeConstructorAccessorImpl.java:62)
	at sun.reflect.DelegatingConstructorAccessorImpl.newInstance(DelegatingConstructorAccessorImpl.java:45)
	at java.lang.reflect.Constructor.newInstance(Constructor.java:423)
	at org.openqa.selenium.remote.http.W3CHttpResponseCodec.createException(W3CHttpResponseCodec.java:187)
	at org.openqa.selenium.remote.http.W3CHttpResponseCodec.decode(W3CHttpResponseCodec.java:122)
	at org.openqa.selenium.remote.http.W3CHttpResponseCodec.decode(W3CHttpResponseCodec.java:49)
	at org.openqa.selenium.remote.HttpCommandExecutor.execute(HttpCommandExecutor.java:158)
	at org.openqa.selenium.remote.service.DriverCommandExecutor.execute(DriverCommandExecutor.java:83)
	at org.openqa.selenium.remote.RemoteWebDriver.execute(RemoteWebDriver.java:552)
	at org.openqa.selenium.remote.RemoteWebElement.execute(RemoteWebElement.java:285)
	at org.openqa.selenium.remote.RemoteWebElement.getAttribute(RemoteWebElement.java:134)
	at sun.reflect.GeneratedMethodAccessor5.invoke(Unknown Source)
	at sun.reflect.DelegatingMethodAccessorImpl.invoke(DelegatingMethodAccessorImpl.java:43)
	at java.lang.reflect.Method.invoke(Method.java:498)
	at org.openqa.selenium.support.pagefactory.internal.LocatingElementHandler.invoke(LocatingElementHandler.java:51)
	at com.sun.proxy.$Proxy17.getAttribute(Unknown Source)
	at org.openqa.selenium.support.ui.ExpectedConditions$37.apply(ExpectedConditions.java:1052)
	at org.openqa.selenium.support.ui.ExpectedConditions$37.apply(ExpectedConditions.java:1047)
	at org.openqa.selenium.support.ui.FluentWait.until(FluentWait.java:249)
	at com.poferries.freight.AutomationFramework.web.actions.HomePageActions.waitForProgressbarToappear(HomePageActions.java:57)
	at com.poferries.freight.AutomationFramework.web.actions.HomePageActions.makeLengthAndLanguageSelections(HomePageActions.java:165)
	at com.poferries.freight.AutomationFramework.web.stepDefinitions.MakeABookingSteps.i_set_the_and_units(MakeABookingSteps.java:85)
	at ?.I set the &quot;en&quot; and &quot;Metre&quot; units(file:src/test/resources/features/web/AbnormalWeightWidth.feature:19)
</pre></div></td>
<td>140</td>
<td>com.poferries.freight.AutomationFramework.web.runner.RunCukes@1753acfe</td></tr>
<tr>
<td title='com.poferries.freight.AutomationFramework.web.runner.RunCukes.runScenario()'><b>runScenario</b><br>Test class: com.poferries.freight.AutomationFramework.web.runner.RunCukes<br>Test method: Runs Cucumber Scenarios<br>Parameters: "Change password Successfully", "Change password functionality"</td>
<td><div><pre>org.openqa.selenium.NoSuchElementException: no such element: Unable to locate element: {&quot;method&quot;:&quot;link text&quot;,&quot;selector&quot;:&quot;Logout&quot;}
  (Session info: chrome=79.0.3945.79)
For documentation on this error, please visit: https://www.seleniumhq.org/exceptions/no_such_element.html
Build info: version: &apos;3.141.59&apos;, revision: &apos;e82be7d358&apos;, time: &apos;2018-11-14T08:17:03&apos;
System info: host: &apos;DESKTOP-KISPH7H&apos;, ip: &apos;192.168.0.7&apos;, os.name: &apos;Windows 10&apos;, os.arch: &apos;amd64&apos;, os.version: &apos;10.0&apos;, java.version: &apos;1.8.0_241&apos;
Driver info: org.openqa.selenium.chrome.ChromeDriver
Capabilities {acceptInsecureCerts: false, browserName: chrome, browserVersion: 79.0.3945.79, chrome: {chromedriverVersion: 79.0.3945.36 (3582db32b3389..., userDataDir: C:\Users\AKHIL\AppData\Loca...}, goog:chromeOptions: {debuggerAddress: localhost:57340}, javascriptEnabled: true, networkConnectionEnabled: false, pageLoadStrategy: normal, platform: WINDOWS, platformName: WINDOWS, proxy: Proxy(), setWindowRect: true, strictFileInteractability: false, timeouts: {implicit: 0, pageLoad: 300000, script: 30000}, unhandledPromptBehavior: dismiss and notify}
Session ID: 55c27ec3539c00b06a5d1b05806160d8
*** Element info: {Using=link text, value=Logout}
	at org.openqa.selenium.remote.http.W3CHttpResponseCodec.createException(W3CHttpResponseCodec.java:187)
	at org.openqa.selenium.remote.http.W3CHttpResponseCodec.decode(W3CHttpResponseCodec.java:122)
	at org.openqa.selenium.remote.http.W3CHttpResponseCodec.decode(W3CHttpResponseCodec.java:49)
	at org.openqa.selenium.remote.HttpCommandExecutor.execute(HttpCommandExecutor.java:158)
	at org.openqa.selenium.remote.service.DriverCommandExecutor.execute(DriverCommandExecutor.java:83)
	at org.openqa.selenium.remote.RemoteWebDriver.execute(RemoteWebDriver.java:552)
	at org.openqa.selenium.remote.RemoteWebDriver.findElement(RemoteWebDriver.java:323)
	at org.openqa.selenium.remote.RemoteWebDriver.findElementByLinkText(RemoteWebDriver.java:380)
	at org.openqa.selenium.By$ByLinkText.findElement(By.java:220)
	at org.openqa.selenium.remote.RemoteWebDriver.findElement(RemoteWebDriver.java:315)
	at org.openqa.selenium.support.pagefactory.DefaultElementLocator.findElement(DefaultElementLocator.java:69)
	at org.openqa.selenium.support.pagefactory.internal.LocatingElementHandler.invoke(LocatingElementHandler.java:38)
	at com.sun.proxy.$Proxy17.click(Unknown Source)
	at com.poferries.freight.AutomationFramework.web.actions.HomePageActions.clickLogOut(HomePageActions.java:31)
	at com.poferries.freight.AutomationFramework.web.stepDefinitions.LoginSteps.i_click_the_LogOut_Link(LoginSteps.java:67)
	at ?.I click the LogOut Link(file:src/test/resources/features/web/ChangePassword.feature:44)
... Removed 4 stack frames</pre></div><a href='#' onClick='toggleBox("stack-trace1617682801", this, "Click to show all stack frames", "Click to hide stack frames")'>Click to show all stack frames</a>
<div class='stack-trace' id='stack-trace1617682801'><pre>org.openqa.selenium.NoSuchElementException: no such element: Unable to locate element: {&quot;method&quot;:&quot;link text&quot;,&quot;selector&quot;:&quot;Logout&quot;}
  (Session info: chrome=79.0.3945.79)
For documentation on this error, please visit: https://www.seleniumhq.org/exceptions/no_such_element.html
Build info: version: &apos;3.141.59&apos;, revision: &apos;e82be7d358&apos;, time: &apos;2018-11-14T08:17:03&apos;
System info: host: &apos;DESKTOP-KISPH7H&apos;, ip: &apos;192.168.0.7&apos;, os.name: &apos;Windows 10&apos;, os.arch: &apos;amd64&apos;, os.version: &apos;10.0&apos;, java.version: &apos;1.8.0_241&apos;
Driver info: org.openqa.selenium.chrome.ChromeDriver
Capabilities {acceptInsecureCerts: false, browserName: chrome, browserVersion: 79.0.3945.79, chrome: {chromedriverVersion: 79.0.3945.36 (3582db32b3389..., userDataDir: C:\Users\AKHIL\AppData\Loca...}, goog:chromeOptions: {debuggerAddress: localhost:57340}, javascriptEnabled: true, networkConnectionEnabled: false, pageLoadStrategy: normal, platform: WINDOWS, platformName: WINDOWS, proxy: Proxy(), setWindowRect: true, strictFileInteractability: false, timeouts: {implicit: 0, pageLoad: 300000, script: 30000}, unhandledPromptBehavior: dismiss and notify}
Session ID: 55c27ec3539c00b06a5d1b05806160d8
*** Element info: {Using=link text, value=Logout}
	at sun.reflect.NativeConstructorAccessorImpl.newInstance0(Native Method)
	at sun.reflect.NativeConstructorAccessorImpl.newInstance(NativeConstructorAccessorImpl.java:62)
	at sun.reflect.DelegatingConstructorAccessorImpl.newInstance(DelegatingConstructorAccessorImpl.java:45)
	at java.lang.reflect.Constructor.newInstance(Constructor.java:423)
	at org.openqa.selenium.remote.http.W3CHttpResponseCodec.createException(W3CHttpResponseCodec.java:187)
	at org.openqa.selenium.remote.http.W3CHttpResponseCodec.decode(W3CHttpResponseCodec.java:122)
	at org.openqa.selenium.remote.http.W3CHttpResponseCodec.decode(W3CHttpResponseCodec.java:49)
	at org.openqa.selenium.remote.HttpCommandExecutor.execute(HttpCommandExecutor.java:158)
	at org.openqa.selenium.remote.service.DriverCommandExecutor.execute(DriverCommandExecutor.java:83)
	at org.openqa.selenium.remote.RemoteWebDriver.execute(RemoteWebDriver.java:552)
	at org.openqa.selenium.remote.RemoteWebDriver.findElement(RemoteWebDriver.java:323)
	at org.openqa.selenium.remote.RemoteWebDriver.findElementByLinkText(RemoteWebDriver.java:380)
	at org.openqa.selenium.By$ByLinkText.findElement(By.java:220)
	at org.openqa.selenium.remote.RemoteWebDriver.findElement(RemoteWebDriver.java:315)
	at org.openqa.selenium.support.pagefactory.DefaultElementLocator.findElement(DefaultElementLocator.java:69)
	at org.openqa.selenium.support.pagefactory.internal.LocatingElementHandler.invoke(LocatingElementHandler.java:38)
	at com.sun.proxy.$Proxy17.click(Unknown Source)
	at com.poferries.freight.AutomationFramework.web.actions.HomePageActions.clickLogOut(HomePageActions.java:31)
	at com.poferries.freight.AutomationFramework.web.stepDefinitions.LoginSteps.i_click_the_LogOut_Link(LoginSteps.java:67)
	at ?.I click the LogOut Link(file:src/test/resources/features/web/ChangePassword.feature:44)
</pre></div></td>
<td>351</td>
<td>com.poferries.freight.AutomationFramework.web.runner.RunCukes@1753acfe</td></tr>
<tr>
<td title='com.poferries.freight.AutomationFramework.web.runner.RunCukes.runScenario()'><b>runScenario</b><br>Test class: com.poferries.freight.AutomationFramework.web.runner.RunCukes<br>Test method: Runs Cucumber Scenarios<br>Parameters: "Make a booking for a prelodgement with invalid card Details and cancelling the payment", "Invalid Card Details and Cancel Payment"</td>
<td><div><pre>org.openqa.selenium.InvalidSelectorException: invalid selector: Unable to locate an element with the xpath expression //*[@class=&apos;btn btn-secondary float-left&apos; because of the following error:
SyntaxError: Failed to execute &apos;evaluate&apos; on &apos;Document&apos;: The string &apos;//*[@class=&apos;btn btn-secondary float-left&apos;&apos; is not a valid XPath expression.
  (Session info: chrome=79.0.3945.79)
For documentation on this error, please visit: https://www.seleniumhq.org/exceptions/invalid_selector_exception.html
Build info: version: &apos;3.141.59&apos;, revision: &apos;e82be7d358&apos;, time: &apos;2018-11-14T08:17:03&apos;
System info: host: &apos;DESKTOP-KISPH7H&apos;, ip: &apos;192.168.0.7&apos;, os.name: &apos;Windows 10&apos;, os.arch: &apos;amd64&apos;, os.version: &apos;10.0&apos;, java.version: &apos;1.8.0_241&apos;
Driver info: org.openqa.selenium.chrome.ChromeDriver
Capabilities {acceptInsecureCerts: false, browserName: chrome, browserVersion: 79.0.3945.79, chrome: {chromedriverVersion: 79.0.3945.36 (3582db32b3389..., userDataDir: C:\Users\AKHIL\AppData\Loca...}, goog:chromeOptions: {debuggerAddress: localhost:57807}, javascriptEnabled: true, networkConnectionEnabled: false, pageLoadStrategy: normal, platform: WINDOWS, platformName: WINDOWS, proxy: Proxy(), setWindowRect: true, strictFileInteractability: false, timeouts: {implicit: 0, pageLoad: 300000, script: 30000}, unhandledPromptBehavior: dismiss and notify}
Session ID: e4c0e37740922e51a94cb9f48008772b
*** Element info: {Using=xpath, value=//*[@class=&apos;btn btn-secondary float-left&apos;}
	at org.openqa.selenium.remote.http.W3CHttpResponseCodec.createException(W3CHttpResponseCodec.java:187)
	at org.openqa.selenium.remote.http.W3CHttpResponseCodec.decode(W3CHttpResponseCodec.java:122)
	at org.openqa.selenium.remote.http.W3CHttpResponseCodec.decode(W3CHttpResponseCodec.java:49)
	at org.openqa.selenium.remote.HttpCommandExecutor.execute(HttpCommandExecutor.java:158)
	at org.openqa.selenium.remote.service.DriverCommandExecutor.execute(DriverCommandExecutor.java:83)
	at org.openqa.selenium.remote.RemoteWebDriver.execute(RemoteWebDriver.java:552)
	at org.openqa.selenium.remote.RemoteWebDriver.findElement(RemoteWebDriver.java:323)
	at org.openqa.selenium.remote.RemoteWebDriver.findElementByXPath(RemoteWebDriver.java:428)
	at org.openqa.selenium.By$ByXPath.findElement(By.java:353)
	at org.openqa.selenium.remote.RemoteWebDriver.findElement(RemoteWebDriver.java:315)
	at org.openqa.selenium.support.pagefactory.DefaultElementLocator.findElement(DefaultElementLocator.java:69)
	at org.openqa.selenium.support.pagefactory.internal.LocatingElementHandler.invoke(LocatingElementHandler.java:38)
	at com.sun.proxy.$Proxy17.click(Unknown Source)
	at com.poferries.freight.AutomationFramework.web.actions.PaymentFailurePageActions.closeSurveyPopup(PaymentFailurePageActions.java:37)
	at com.poferries.freight.AutomationFramework.web.stepDefinitions.MakeABookingSteps.i_close_the_survey_popup(MakeABookingSteps.java:1377)
	at ?.I close the survey popup(file:src/test/resources/features/web/InvalidCardDetailsAndCancelPayment.feature:42)
... Removed 4 stack frames</pre></div><a href='#' onClick='toggleBox("stack-trace164799505", this, "Click to show all stack frames", "Click to hide stack frames")'>Click to show all stack frames</a>
<div class='stack-trace' id='stack-trace164799505'><pre>org.openqa.selenium.InvalidSelectorException: invalid selector: Unable to locate an element with the xpath expression //*[@class=&apos;btn btn-secondary float-left&apos; because of the following error:
SyntaxError: Failed to execute &apos;evaluate&apos; on &apos;Document&apos;: The string &apos;//*[@class=&apos;btn btn-secondary float-left&apos;&apos; is not a valid XPath expression.
  (Session info: chrome=79.0.3945.79)
For documentation on this error, please visit: https://www.seleniumhq.org/exceptions/invalid_selector_exception.html
Build info: version: &apos;3.141.59&apos;, revision: &apos;e82be7d358&apos;, time: &apos;2018-11-14T08:17:03&apos;
System info: host: &apos;DESKTOP-KISPH7H&apos;, ip: &apos;192.168.0.7&apos;, os.name: &apos;Windows 10&apos;, os.arch: &apos;amd64&apos;, os.version: &apos;10.0&apos;, java.version: &apos;1.8.0_241&apos;
Driver info: org.openqa.selenium.chrome.ChromeDriver
Capabilities {acceptInsecureCerts: false, browserName: chrome, browserVersion: 79.0.3945.79, chrome: {chromedriverVersion: 79.0.3945.36 (3582db32b3389..., userDataDir: C:\Users\AKHIL\AppData\Loca...}, goog:chromeOptions: {debuggerAddress: localhost:57807}, javascriptEnabled: true, networkConnectionEnabled: false, pageLoadStrategy: normal, platform: WINDOWS, platformName: WINDOWS, proxy: Proxy(), setWindowRect: true, strictFileInteractability: false, timeouts: {implicit: 0, pageLoad: 300000, script: 30000}, unhandledPromptBehavior: dismiss and notify}
Session ID: e4c0e37740922e51a94cb9f48008772b
*** Element info: {Using=xpath, value=//*[@class=&apos;btn btn-secondary float-left&apos;}
	at sun.reflect.NativeConstructorAccessorImpl.newInstance0(Native Method)
	at sun.reflect.NativeConstructorAccessorImpl.newInstance(NativeConstructorAccessorImpl.java:62)
	at sun.reflect.DelegatingConstructorAccessorImpl.newInstance(DelegatingConstructorAccessorImpl.java:45)
	at java.lang.reflect.Constructor.newInstance(Constructor.java:423)
	at org.openqa.selenium.remote.http.W3CHttpResponseCodec.createException(W3CHttpResponseCodec.java:187)
	at org.openqa.selenium.remote.http.W3CHttpResponseCodec.decode(W3CHttpResponseCodec.java:122)
	at org.openqa.selenium.remote.http.W3CHttpResponseCodec.decode(W3CHttpResponseCodec.java:49)
	at org.openqa.selenium.remote.HttpCommandExecutor.execute(HttpCommandExecutor.java:158)
	at org.openqa.selenium.remote.service.DriverCommandExecutor.execute(DriverCommandExecutor.java:83)
	at org.openqa.selenium.remote.RemoteWebDriver.execute(RemoteWebDriver.java:552)
	at org.openqa.selenium.remote.RemoteWebDriver.findElement(RemoteWebDriver.java:323)
	at org.openqa.selenium.remote.RemoteWebDriver.findElementByXPath(RemoteWebDriver.java:428)
	at org.openqa.selenium.By$ByXPath.findElement(By.java:353)
	at org.openqa.selenium.remote.RemoteWebDriver.findElement(RemoteWebDriver.java:315)
	at org.openqa.selenium.support.pagefactory.DefaultElementLocator.findElement(DefaultElementLocator.java:69)
	at org.openqa.selenium.support.pagefactory.internal.LocatingElementHandler.invoke(LocatingElementHandler.java:38)
	at com.sun.proxy.$Proxy17.click(Unknown Source)
	at com.poferries.freight.AutomationFramework.web.actions.PaymentFailurePageActions.closeSurveyPopup(PaymentFailurePageActions.java:37)
	at com.poferries.freight.AutomationFramework.web.stepDefinitions.MakeABookingSteps.i_close_the_survey_popup(MakeABookingSteps.java:1377)
	at ?.I close the survey popup(file:src/test/resources/features/web/InvalidCardDetailsAndCancelPayment.feature:42)
</pre></div></td>
<td>144</td>
<td>com.poferries.freight.AutomationFramework.web.runner.RunCukes@1753acfe</td></tr>
<tr>
<td title='com.poferries.freight.AutomationFramework.web.runner.RunCukes.runScenario()'><b>runScenario</b><br>Test class: com.poferries.freight.AutomationFramework.web.runner.RunCukes<br>Test method: Runs Cucumber Scenarios<br>Parameters: "Make a booking for a prelodgement with invalid card Details and cancelling the payment", "Invalid Card Details and Cancel Payment"</td>
<td><div><pre>org.openqa.selenium.InvalidSelectorException: invalid selector: Unable to locate an element with the xpath expression //*[@class=&apos;btn btn-secondary float-left&apos; because of the following error:
SyntaxError: Failed to execute &apos;evaluate&apos; on &apos;Document&apos;: The string &apos;//*[@class=&apos;btn btn-secondary float-left&apos;&apos; is not a valid XPath expression.
  (Session info: chrome=79.0.3945.79)
For documentation on this error, please visit: https://www.seleniumhq.org/exceptions/invalid_selector_exception.html
Build info: version: &apos;3.141.59&apos;, revision: &apos;e82be7d358&apos;, time: &apos;2018-11-14T08:17:03&apos;
System info: host: &apos;DESKTOP-KISPH7H&apos;, ip: &apos;192.168.0.7&apos;, os.name: &apos;Windows 10&apos;, os.arch: &apos;amd64&apos;, os.version: &apos;10.0&apos;, java.version: &apos;1.8.0_241&apos;
Driver info: org.openqa.selenium.chrome.ChromeDriver
Capabilities {acceptInsecureCerts: false, browserName: chrome, browserVersion: 79.0.3945.79, chrome: {chromedriverVersion: 79.0.3945.36 (3582db32b3389..., userDataDir: C:\Users\AKHIL\AppData\Loca...}, goog:chromeOptions: {debuggerAddress: localhost:57867}, javascriptEnabled: true, networkConnectionEnabled: false, pageLoadStrategy: normal, platform: WINDOWS, platformName: WINDOWS, proxy: Proxy(), setWindowRect: true, strictFileInteractability: false, timeouts: {implicit: 0, pageLoad: 300000, script: 30000}, unhandledPromptBehavior: dismiss and notify}
Session ID: 5e3390ca785df81b66ef53e44414cd11
*** Element info: {Using=xpath, value=//*[@class=&apos;btn btn-secondary float-left&apos;}
	at org.openqa.selenium.remote.http.W3CHttpResponseCodec.createException(W3CHttpResponseCodec.java:187)
	at org.openqa.selenium.remote.http.W3CHttpResponseCodec.decode(W3CHttpResponseCodec.java:122)
	at org.openqa.selenium.remote.http.W3CHttpResponseCodec.decode(W3CHttpResponseCodec.java:49)
	at org.openqa.selenium.remote.HttpCommandExecutor.execute(HttpCommandExecutor.java:158)
	at org.openqa.selenium.remote.service.DriverCommandExecutor.execute(DriverCommandExecutor.java:83)
	at org.openqa.selenium.remote.RemoteWebDriver.execute(RemoteWebDriver.java:552)
	at org.openqa.selenium.remote.RemoteWebDriver.findElement(RemoteWebDriver.java:323)
	at org.openqa.selenium.remote.RemoteWebDriver.findElementByXPath(RemoteWebDriver.java:428)
	at org.openqa.selenium.By$ByXPath.findElement(By.java:353)
	at org.openqa.selenium.remote.RemoteWebDriver.findElement(RemoteWebDriver.java:315)
	at org.openqa.selenium.support.pagefactory.DefaultElementLocator.findElement(DefaultElementLocator.java:69)
	at org.openqa.selenium.support.pagefactory.internal.LocatingElementHandler.invoke(LocatingElementHandler.java:38)
	at com.sun.proxy.$Proxy17.click(Unknown Source)
	at com.poferries.freight.AutomationFramework.web.actions.PaymentFailurePageActions.closeSurveyPopup(PaymentFailurePageActions.java:37)
	at com.poferries.freight.AutomationFramework.web.stepDefinitions.MakeABookingSteps.i_close_the_survey_popup(MakeABookingSteps.java:1377)
	at ?.I close the survey popup(file:src/test/resources/features/web/InvalidCardDetailsAndCancelPayment.feature:42)
... Removed 4 stack frames</pre></div><a href='#' onClick='toggleBox("stack-trace692298128", this, "Click to show all stack frames", "Click to hide stack frames")'>Click to show all stack frames</a>
<div class='stack-trace' id='stack-trace692298128'><pre>org.openqa.selenium.InvalidSelectorException: invalid selector: Unable to locate an element with the xpath expression //*[@class=&apos;btn btn-secondary float-left&apos; because of the following error:
SyntaxError: Failed to execute &apos;evaluate&apos; on &apos;Document&apos;: The string &apos;//*[@class=&apos;btn btn-secondary float-left&apos;&apos; is not a valid XPath expression.
  (Session info: chrome=79.0.3945.79)
For documentation on this error, please visit: https://www.seleniumhq.org/exceptions/invalid_selector_exception.html
Build info: version: &apos;3.141.59&apos;, revision: &apos;e82be7d358&apos;, time: &apos;2018-11-14T08:17:03&apos;
System info: host: &apos;DESKTOP-KISPH7H&apos;, ip: &apos;192.168.0.7&apos;, os.name: &apos;Windows 10&apos;, os.arch: &apos;amd64&apos;, os.version: &apos;10.0&apos;, java.version: &apos;1.8.0_241&apos;
Driver info: org.openqa.selenium.chrome.ChromeDriver
Capabilities {acceptInsecureCerts: false, browserName: chrome, browserVersion: 79.0.3945.79, chrome: {chromedriverVersion: 79.0.3945.36 (3582db32b3389..., userDataDir: C:\Users\AKHIL\AppData\Loca...}, goog:chromeOptions: {debuggerAddress: localhost:57867}, javascriptEnabled: true, networkConnectionEnabled: false, pageLoadStrategy: normal, platform: WINDOWS, platformName: WINDOWS, proxy: Proxy(), setWindowRect: true, strictFileInteractability: false, timeouts: {implicit: 0, pageLoad: 300000, script: 30000}, unhandledPromptBehavior: dismiss and notify}
Session ID: 5e3390ca785df81b66ef53e44414cd11
*** Element info: {Using=xpath, value=//*[@class=&apos;btn btn-secondary float-left&apos;}
	at sun.reflect.NativeConstructorAccessorImpl.newInstance0(Native Method)
	at sun.reflect.NativeConstructorAccessorImpl.newInstance(NativeConstructorAccessorImpl.java:62)
	at sun.reflect.DelegatingConstructorAccessorImpl.newInstance(DelegatingConstructorAccessorImpl.java:45)
	at java.lang.reflect.Constructor.newInstance(Constructor.java:423)
	at org.openqa.selenium.remote.http.W3CHttpResponseCodec.createException(W3CHttpResponseCodec.java:187)
	at org.openqa.selenium.remote.http.W3CHttpResponseCodec.decode(W3CHttpResponseCodec.java:122)
	at org.openqa.selenium.remote.http.W3CHttpResponseCodec.decode(W3CHttpResponseCodec.java:49)
	at org.openqa.selenium.remote.HttpCommandExecutor.execute(HttpCommandExecutor.java:158)
	at org.openqa.selenium.remote.service.DriverCommandExecutor.execute(DriverCommandExecutor.java:83)
	at org.openqa.selenium.remote.RemoteWebDriver.execute(RemoteWebDriver.java:552)
	at org.openqa.selenium.remote.RemoteWebDriver.findElement(RemoteWebDriver.java:323)
	at org.openqa.selenium.remote.RemoteWebDriver.findElementByXPath(RemoteWebDriver.java:428)
	at org.openqa.selenium.By$ByXPath.findElement(By.java:353)
	at org.openqa.selenium.remote.RemoteWebDriver.findElement(RemoteWebDriver.java:315)
	at org.openqa.selenium.support.pagefactory.DefaultElementLocator.findElement(DefaultElementLocator.java:69)
	at org.openqa.selenium.support.pagefactory.internal.LocatingElementHandler.invoke(LocatingElementHandler.java:38)
	at com.sun.proxy.$Proxy17.click(Unknown Source)
	at com.poferries.freight.AutomationFramework.web.actions.PaymentFailurePageActions.closeSurveyPopup(PaymentFailurePageActions.java:37)
	at com.poferries.freight.AutomationFramework.web.stepDefinitions.MakeABookingSteps.i_close_the_survey_popup(MakeABookingSteps.java:1377)
	at ?.I close the survey popup(file:src/test/resources/features/web/InvalidCardDetailsAndCancelPayment.feature:42)
</pre></div></td>
<td>105</td>
<td>com.poferries.freight.AutomationFramework.web.runner.RunCukes@1753acfe</td></tr>
<tr>
<td title='com.poferries.freight.AutomationFramework.web.runner.RunCukes.runScenario()'><b>runScenario</b><br>Test class: com.poferries.freight.AutomationFramework.web.runner.RunCukes<br>Test method: Runs Cucumber Scenarios<br>Parameters: "Make a DataDriven booking for a prelodgement", "Validate the Booking process for a prelodgement"</td>
<td><div><pre>java.lang.AssertionError: expected [29-May-2020] but found [28-May-2020]
	at com.poferries.freight.AutomationFramework.web.stepDefinitions.MakeABookingSteps.i_verify_the_confirmed_Payment_Details_and(MakeABookingSteps.java:1111)
	at ?.I verify the confirmed Payment Details &quot;dt_paymentDate&quot;,&quot;dt_paymentType&quot; and &quot;dt_paymentStatus&quot;(file:src/test/resources/features/web/MakeABookingDataDriven.feature:62)
... Removed 6 stack frames</pre></div><a href='#' onClick='toggleBox("stack-trace1973734872", this, "Click to show all stack frames", "Click to hide stack frames")'>Click to show all stack frames</a>
<div class='stack-trace' id='stack-trace1973734872'><pre>java.lang.AssertionError: expected [29-May-2020] but found [28-May-2020]
	at org.testng.Assert.fail(Assert.java:96)
	at org.testng.Assert.failNotEquals(Assert.java:776)
	at org.testng.Assert.assertEqualsImpl(Assert.java:137)
	at org.testng.Assert.assertEquals(Assert.java:118)
	at org.testng.Assert.assertEquals(Assert.java:453)
	at org.testng.Assert.assertEquals(Assert.java:463)
	at com.poferries.freight.AutomationFramework.web.stepDefinitions.MakeABookingSteps.i_verify_the_confirmed_Payment_Details_and(MakeABookingSteps.java:1111)
	at ?.I verify the confirmed Payment Details &quot;dt_paymentDate&quot;,&quot;dt_paymentType&quot; and &quot;dt_paymentStatus&quot;(file:src/test/resources/features/web/MakeABookingDataDriven.feature:62)
</pre></div></td>
<td>171</td>
<td>com.poferries.freight.AutomationFramework.web.runner.RunCukes@1753acfe</td></tr>
<tr>
<td title='com.poferries.freight.AutomationFramework.web.runner.RunCukes.runScenario()'><b>runScenario</b><br>Test class: com.poferries.freight.AutomationFramework.web.runner.RunCukes<br>Test method: Runs Cucumber Scenarios<br>Parameters: "Make a DataDriven booking for a prelodgement", "Validate the Booking process for a prelodgement"</td>
<td><div><pre>java.lang.AssertionError: expected [29-May-2020] but found [28-May-2020]
	at com.poferries.freight.AutomationFramework.web.stepDefinitions.MakeABookingSteps.i_verify_the_confirmed_Payment_Details_and(MakeABookingSteps.java:1111)
	at ?.I verify the confirmed Payment Details &quot;dt_paymentDate&quot;,&quot;dt_paymentType&quot; and &quot;dt_paymentStatus&quot;(file:src/test/resources/features/web/MakeABookingDataDriven.feature:62)
... Removed 6 stack frames</pre></div><a href='#' onClick='toggleBox("stack-trace1912467658", this, "Click to show all stack frames", "Click to hide stack frames")'>Click to show all stack frames</a>
<div class='stack-trace' id='stack-trace1912467658'><pre>java.lang.AssertionError: expected [29-May-2020] but found [28-May-2020]
	at org.testng.Assert.fail(Assert.java:96)
	at org.testng.Assert.failNotEquals(Assert.java:776)
	at org.testng.Assert.assertEqualsImpl(Assert.java:137)
	at org.testng.Assert.assertEquals(Assert.java:118)
	at org.testng.Assert.assertEquals(Assert.java:453)
	at org.testng.Assert.assertEquals(Assert.java:463)
	at com.poferries.freight.AutomationFramework.web.stepDefinitions.MakeABookingSteps.i_verify_the_confirmed_Payment_Details_and(MakeABookingSteps.java:1111)
	at ?.I verify the confirmed Payment Details &quot;dt_paymentDate&quot;,&quot;dt_paymentType&quot; and &quot;dt_paymentStatus&quot;(file:src/test/resources/features/web/MakeABookingDataDriven.feature:62)
</pre></div></td>
<td>124</td>
<td>com.poferries.freight.AutomationFramework.web.runner.RunCukes@1753acfe</td></tr>
<tr>
<td title='com.poferries.freight.AutomationFramework.web.runner.RunCukes.runScenario()'><b>runScenario</b><br>Test class: com.poferries.freight.AutomationFramework.web.runner.RunCukes<br>Test method: Runs Cucumber Scenarios<br>Parameters: "Make a DataDriven booking for a prelodgement", "Validate the Booking process for a prelodgement"</td>
<td><div><pre>java.lang.AssertionError: expected [29-May-2020] but found [28-May-2020]
	at com.poferries.freight.AutomationFramework.web.stepDefinitions.MakeABookingSteps.i_verify_the_confirmed_Payment_Details_and(MakeABookingSteps.java:1111)
	at ?.I verify the confirmed Payment Details &quot;dt_paymentDate&quot;,&quot;dt_paymentType&quot; and &quot;dt_paymentStatus&quot;(file:src/test/resources/features/web/MakeABookingDataDriven.feature:62)
... Removed 6 stack frames</pre></div><a href='#' onClick='toggleBox("stack-trace1987186764", this, "Click to show all stack frames", "Click to hide stack frames")'>Click to show all stack frames</a>
<div class='stack-trace' id='stack-trace1987186764'><pre>java.lang.AssertionError: expected [29-May-2020] but found [28-May-2020]
	at org.testng.Assert.fail(Assert.java:96)
	at org.testng.Assert.failNotEquals(Assert.java:776)
	at org.testng.Assert.assertEqualsImpl(Assert.java:137)
	at org.testng.Assert.assertEquals(Assert.java:118)
	at org.testng.Assert.assertEquals(Assert.java:453)
	at org.testng.Assert.assertEquals(Assert.java:463)
	at com.poferries.freight.AutomationFramework.web.stepDefinitions.MakeABookingSteps.i_verify_the_confirmed_Payment_Details_and(MakeABookingSteps.java:1111)
	at ?.I verify the confirmed Payment Details &quot;dt_paymentDate&quot;,&quot;dt_paymentType&quot; and &quot;dt_paymentStatus&quot;(file:src/test/resources/features/web/MakeABookingDataDriven.feature:62)
</pre></div></td>
<td>128</td>
<td>com.poferries.freight.AutomationFramework.web.runner.RunCukes@1753acfe</td></tr>
<tr>
<td title='com.poferries.freight.AutomationFramework.web.runner.RunCukes.runScenario()'><b>runScenario</b><br>Test class: com.poferries.freight.AutomationFramework.web.runner.RunCukes<br>Test method: Runs Cucumber Scenarios<br>Parameters: "Make a DataDriven booking for a prelodgement", "Validate the Booking process for a prelodgement"</td>
<td><div><pre>java.lang.AssertionError: expected [29-May-2020] but found [28-May-2020]
	at com.poferries.freight.AutomationFramework.web.stepDefinitions.MakeABookingSteps.i_verify_the_confirmed_Payment_Details_and(MakeABookingSteps.java:1111)
	at ?.I verify the confirmed Payment Details &quot;dt_paymentDate&quot;,&quot;dt_paymentType&quot; and &quot;dt_paymentStatus&quot;(file:src/test/resources/features/web/MakeABookingDataDriven.feature:62)
... Removed 6 stack frames</pre></div><a href='#' onClick='toggleBox("stack-trace121952789", this, "Click to show all stack frames", "Click to hide stack frames")'>Click to show all stack frames</a>
<div class='stack-trace' id='stack-trace121952789'><pre>java.lang.AssertionError: expected [29-May-2020] but found [28-May-2020]
	at org.testng.Assert.fail(Assert.java:96)
	at org.testng.Assert.failNotEquals(Assert.java:776)
	at org.testng.Assert.assertEqualsImpl(Assert.java:137)
	at org.testng.Assert.assertEquals(Assert.java:118)
	at org.testng.Assert.assertEquals(Assert.java:453)
	at org.testng.Assert.assertEquals(Assert.java:463)
	at com.poferries.freight.AutomationFramework.web.stepDefinitions.MakeABookingSteps.i_verify_the_confirmed_Payment_Details_and(MakeABookingSteps.java:1111)
	at ?.I verify the confirmed Payment Details &quot;dt_paymentDate&quot;,&quot;dt_paymentType&quot; and &quot;dt_paymentStatus&quot;(file:src/test/resources/features/web/MakeABookingDataDriven.feature:62)
</pre></div></td>
<td>120</td>
<td>com.poferries.freight.AutomationFramework.web.runner.RunCukes@1753acfe</td></tr>
<tr>
<td title='com.poferries.freight.AutomationFramework.web.runner.RunCukes.runScenario()'><b>runScenario</b><br>Test class: com.poferries.freight.AutomationFramework.web.runner.RunCukes<br>Test method: Runs Cucumber Scenarios<br>Parameters: "Make a DataDriven booking for a prelodgement", "Validate the Booking process for a prelodgement"</td>
<td><div><pre>java.lang.AssertionError: expected [29-May-2020] but found [28-May-2020]
	at com.poferries.freight.AutomationFramework.web.stepDefinitions.MakeABookingSteps.i_verify_the_confirmed_Payment_Details_and(MakeABookingSteps.java:1111)
	at ?.I verify the confirmed Payment Details &quot;dt_paymentDate&quot;,&quot;dt_paymentType&quot; and &quot;dt_paymentStatus&quot;(file:src/test/resources/features/web/MakeABookingDataDriven.feature:62)
... Removed 6 stack frames</pre></div><a href='#' onClick='toggleBox("stack-trace664059213", this, "Click to show all stack frames", "Click to hide stack frames")'>Click to show all stack frames</a>
<div class='stack-trace' id='stack-trace664059213'><pre>java.lang.AssertionError: expected [29-May-2020] but found [28-May-2020]
	at org.testng.Assert.fail(Assert.java:96)
	at org.testng.Assert.failNotEquals(Assert.java:776)
	at org.testng.Assert.assertEqualsImpl(Assert.java:137)
	at org.testng.Assert.assertEquals(Assert.java:118)
	at org.testng.Assert.assertEquals(Assert.java:453)
	at org.testng.Assert.assertEquals(Assert.java:463)
	at com.poferries.freight.AutomationFramework.web.stepDefinitions.MakeABookingSteps.i_verify_the_confirmed_Payment_Details_and(MakeABookingSteps.java:1111)
	at ?.I verify the confirmed Payment Details &quot;dt_paymentDate&quot;,&quot;dt_paymentType&quot; and &quot;dt_paymentStatus&quot;(file:src/test/resources/features/web/MakeABookingDataDriven.feature:62)
</pre></div></td>
<td>119</td>
<td>com.poferries.freight.AutomationFramework.web.runner.RunCukes@1753acfe</td></tr>
<tr>
<td title='com.poferries.freight.AutomationFramework.web.runner.RunCukes.runScenario()'><b>runScenario</b><br>Test class: com.poferries.freight.AutomationFramework.web.runner.RunCukes<br>Test method: Runs Cucumber Scenarios<br>Parameters: "Make a DataDriven booking for a prelodgement", "Validate the Booking process for a prelodgement"</td>
<td><div><pre>java.lang.AssertionError: expected [29-May-2020] but found [28-May-2020]
	at com.poferries.freight.AutomationFramework.web.stepDefinitions.MakeABookingSteps.i_verify_the_confirmed_Payment_Details_and(MakeABookingSteps.java:1111)
	at ?.I verify the confirmed Payment Details &quot;dt_paymentDate&quot;,&quot;dt_paymentType&quot; and &quot;dt_paymentStatus&quot;(file:src/test/resources/features/web/MakeABookingDataDriven.feature:62)
... Removed 6 stack frames</pre></div><a href='#' onClick='toggleBox("stack-trace19624228", this, "Click to show all stack frames", "Click to hide stack frames")'>Click to show all stack frames</a>
<div class='stack-trace' id='stack-trace19624228'><pre>java.lang.AssertionError: expected [29-May-2020] but found [28-May-2020]
	at org.testng.Assert.fail(Assert.java:96)
	at org.testng.Assert.failNotEquals(Assert.java:776)
	at org.testng.Assert.assertEqualsImpl(Assert.java:137)
	at org.testng.Assert.assertEquals(Assert.java:118)
	at org.testng.Assert.assertEquals(Assert.java:453)
	at org.testng.Assert.assertEquals(Assert.java:463)
	at com.poferries.freight.AutomationFramework.web.stepDefinitions.MakeABookingSteps.i_verify_the_confirmed_Payment_Details_and(MakeABookingSteps.java:1111)
	at ?.I verify the confirmed Payment Details &quot;dt_paymentDate&quot;,&quot;dt_paymentType&quot; and &quot;dt_paymentStatus&quot;(file:src/test/resources/features/web/MakeABookingDataDriven.feature:62)
</pre></div></td>
<td>143</td>
<td>com.poferries.freight.AutomationFramework.web.runner.RunCukes@1753acfe</td></tr>
<tr>
<td title='com.poferries.freight.AutomationFramework.web.runner.RunCukes.runScenario()'><b>runScenario</b><br>Test class: com.poferries.freight.AutomationFramework.web.runner.RunCukes<br>Test method: Runs Cucumber Scenarios<br>Parameters: "Make a DataDriven booking for a prelodgement", "Validate the Booking process for a prelodgement"</td>
<td><div><pre>java.lang.AssertionError: expected [29-May-2020] but found [28-May-2020]
	at com.poferries.freight.AutomationFramework.web.stepDefinitions.MakeABookingSteps.i_verify_the_confirmed_Payment_Details_and(MakeABookingSteps.java:1111)
	at ?.I verify the confirmed Payment Details &quot;dt_paymentDate&quot;,&quot;dt_paymentType&quot; and &quot;dt_paymentStatus&quot;(file:src/test/resources/features/web/MakeABookingDataDriven.feature:62)
... Removed 6 stack frames</pre></div><a href='#' onClick='toggleBox("stack-trace581820592", this, "Click to show all stack frames", "Click to hide stack frames")'>Click to show all stack frames</a>
<div class='stack-trace' id='stack-trace581820592'><pre>java.lang.AssertionError: expected [29-May-2020] but found [28-May-2020]
	at org.testng.Assert.fail(Assert.java:96)
	at org.testng.Assert.failNotEquals(Assert.java:776)
	at org.testng.Assert.assertEqualsImpl(Assert.java:137)
	at org.testng.Assert.assertEquals(Assert.java:118)
	at org.testng.Assert.assertEquals(Assert.java:453)
	at org.testng.Assert.assertEquals(Assert.java:463)
	at com.poferries.freight.AutomationFramework.web.stepDefinitions.MakeABookingSteps.i_verify_the_confirmed_Payment_Details_and(MakeABookingSteps.java:1111)
	at ?.I verify the confirmed Payment Details &quot;dt_paymentDate&quot;,&quot;dt_paymentType&quot; and &quot;dt_paymentStatus&quot;(file:src/test/resources/features/web/MakeABookingDataDriven.feature:62)
</pre></div></td>
<td>128</td>
<td>com.poferries.freight.AutomationFramework.web.runner.RunCukes@1753acfe</td></tr>
<tr>
<td title='com.poferries.freight.AutomationFramework.web.runner.RunCukes.runScenario()'><b>runScenario</b><br>Test class: com.poferries.freight.AutomationFramework.web.runner.RunCukes<br>Test method: Runs Cucumber Scenarios<br>Parameters: "Make a DataDriven booking for a prelodgement", "Validate the Booking process for a prelodgement"</td>
<td><div><pre>org.openqa.selenium.StaleElementReferenceException: stale element reference: element is not attached to the page document
  (Session info: chrome=79.0.3945.79)
For documentation on this error, please visit: https://www.seleniumhq.org/exceptions/stale_element_reference.html
Build info: version: &apos;3.141.59&apos;, revision: &apos;e82be7d358&apos;, time: &apos;2018-11-14T08:17:03&apos;
System info: host: &apos;DESKTOP-KISPH7H&apos;, ip: &apos;192.168.0.7&apos;, os.name: &apos;Windows 10&apos;, os.arch: &apos;amd64&apos;, os.version: &apos;10.0&apos;, java.version: &apos;1.8.0_241&apos;
Driver info: org.openqa.selenium.chrome.ChromeDriver
Capabilities {acceptInsecureCerts: false, browserName: chrome, browserVersion: 79.0.3945.79, chrome: {chromedriverVersion: 79.0.3945.36 (3582db32b3389..., userDataDir: C:\Users\AKHIL\AppData\Loca...}, goog:chromeOptions: {debuggerAddress: localhost:58947}, javascriptEnabled: true, networkConnectionEnabled: false, pageLoadStrategy: normal, platform: WINDOWS, platformName: WINDOWS, proxy: Proxy(), setWindowRect: true, strictFileInteractability: false, timeouts: {implicit: 0, pageLoad: 300000, script: 30000}, unhandledPromptBehavior: dismiss and notify}
Session ID: a46eb993f0a6f6044eb2e8c2126739cf
	at org.openqa.selenium.remote.http.W3CHttpResponseCodec.createException(W3CHttpResponseCodec.java:187)
	at org.openqa.selenium.remote.http.W3CHttpResponseCodec.decode(W3CHttpResponseCodec.java:122)
	at org.openqa.selenium.remote.http.W3CHttpResponseCodec.decode(W3CHttpResponseCodec.java:49)
	at org.openqa.selenium.remote.HttpCommandExecutor.execute(HttpCommandExecutor.java:158)
	at org.openqa.selenium.remote.service.DriverCommandExecutor.execute(DriverCommandExecutor.java:83)
	at org.openqa.selenium.remote.RemoteWebDriver.execute(RemoteWebDriver.java:552)
	at org.openqa.selenium.remote.RemoteWebElement.execute(RemoteWebElement.java:285)
	at org.openqa.selenium.remote.RemoteWebElement.getAttribute(RemoteWebElement.java:134)
	at org.openqa.selenium.support.pagefactory.internal.LocatingElementHandler.invoke(LocatingElementHandler.java:51)
	at com.sun.proxy.$Proxy17.getAttribute(Unknown Source)
	at org.openqa.selenium.support.ui.ExpectedConditions$37.apply(ExpectedConditions.java:1052)
	at org.openqa.selenium.support.ui.ExpectedConditions$37.apply(ExpectedConditions.java:1047)
	at org.openqa.selenium.support.ui.FluentWait.until(FluentWait.java:249)
	at com.poferries.freight.AutomationFramework.web.actions.HomePageActions.waitForProgressbarToappear(HomePageActions.java:57)
	at com.poferries.freight.AutomationFramework.web.actions.HomePageActions.makeLengthAndLanguageSelections(HomePageActions.java:141)
	at com.poferries.freight.AutomationFramework.web.stepDefinitions.MakeABookingSteps.i_set_the_and_units_and(MakeABookingSteps.java:118)
	at ?.I set the &quot;dt_language&quot; and &quot;dt_lengthUnit&quot; units and &quot;125&quot;(file:src/test/resources/features/web/MakeABookingDataDriven.feature:25)
... Removed 7 stack frames</pre></div><a href='#' onClick='toggleBox("stack-trace722494474", this, "Click to show all stack frames", "Click to hide stack frames")'>Click to show all stack frames</a>
<div class='stack-trace' id='stack-trace722494474'><pre>org.openqa.selenium.StaleElementReferenceException: stale element reference: element is not attached to the page document
  (Session info: chrome=79.0.3945.79)
For documentation on this error, please visit: https://www.seleniumhq.org/exceptions/stale_element_reference.html
Build info: version: &apos;3.141.59&apos;, revision: &apos;e82be7d358&apos;, time: &apos;2018-11-14T08:17:03&apos;
System info: host: &apos;DESKTOP-KISPH7H&apos;, ip: &apos;192.168.0.7&apos;, os.name: &apos;Windows 10&apos;, os.arch: &apos;amd64&apos;, os.version: &apos;10.0&apos;, java.version: &apos;1.8.0_241&apos;
Driver info: org.openqa.selenium.chrome.ChromeDriver
Capabilities {acceptInsecureCerts: false, browserName: chrome, browserVersion: 79.0.3945.79, chrome: {chromedriverVersion: 79.0.3945.36 (3582db32b3389..., userDataDir: C:\Users\AKHIL\AppData\Loca...}, goog:chromeOptions: {debuggerAddress: localhost:58947}, javascriptEnabled: true, networkConnectionEnabled: false, pageLoadStrategy: normal, platform: WINDOWS, platformName: WINDOWS, proxy: Proxy(), setWindowRect: true, strictFileInteractability: false, timeouts: {implicit: 0, pageLoad: 300000, script: 30000}, unhandledPromptBehavior: dismiss and notify}
Session ID: a46eb993f0a6f6044eb2e8c2126739cf
	at sun.reflect.NativeConstructorAccessorImpl.newInstance0(Native Method)
	at sun.reflect.NativeConstructorAccessorImpl.newInstance(NativeConstructorAccessorImpl.java:62)
	at sun.reflect.DelegatingConstructorAccessorImpl.newInstance(DelegatingConstructorAccessorImpl.java:45)
	at java.lang.reflect.Constructor.newInstance(Constructor.java:423)
	at org.openqa.selenium.remote.http.W3CHttpResponseCodec.createException(W3CHttpResponseCodec.java:187)
	at org.openqa.selenium.remote.http.W3CHttpResponseCodec.decode(W3CHttpResponseCodec.java:122)
	at org.openqa.selenium.remote.http.W3CHttpResponseCodec.decode(W3CHttpResponseCodec.java:49)
	at org.openqa.selenium.remote.HttpCommandExecutor.execute(HttpCommandExecutor.java:158)
	at org.openqa.selenium.remote.service.DriverCommandExecutor.execute(DriverCommandExecutor.java:83)
	at org.openqa.selenium.remote.RemoteWebDriver.execute(RemoteWebDriver.java:552)
	at org.openqa.selenium.remote.RemoteWebElement.execute(RemoteWebElement.java:285)
	at org.openqa.selenium.remote.RemoteWebElement.getAttribute(RemoteWebElement.java:134)
	at sun.reflect.GeneratedMethodAccessor5.invoke(Unknown Source)
	at sun.reflect.DelegatingMethodAccessorImpl.invoke(DelegatingMethodAccessorImpl.java:43)
	at java.lang.reflect.Method.invoke(Method.java:498)
	at org.openqa.selenium.support.pagefactory.internal.LocatingElementHandler.invoke(LocatingElementHandler.java:51)
	at com.sun.proxy.$Proxy17.getAttribute(Unknown Source)
	at org.openqa.selenium.support.ui.ExpectedConditions$37.apply(ExpectedConditions.java:1052)
	at org.openqa.selenium.support.ui.ExpectedConditions$37.apply(ExpectedConditions.java:1047)
	at org.openqa.selenium.support.ui.FluentWait.until(FluentWait.java:249)
	at com.poferries.freight.AutomationFramework.web.actions.HomePageActions.waitForProgressbarToappear(HomePageActions.java:57)
	at com.poferries.freight.AutomationFramework.web.actions.HomePageActions.makeLengthAndLanguageSelections(HomePageActions.java:141)
	at com.poferries.freight.AutomationFramework.web.stepDefinitions.MakeABookingSteps.i_set_the_and_units_and(MakeABookingSteps.java:118)
	at ?.I set the &quot;dt_language&quot; and &quot;dt_lengthUnit&quot; units and &quot;125&quot;(file:src/test/resources/features/web/MakeABookingDataDriven.feature:25)
</pre></div></td>
<td>26</td>
<td>com.poferries.freight.AutomationFramework.web.runner.RunCukes@1753acfe</td></tr>
</table><p>
<table width='100%' border='1' class='invocation-passed'>
<tr><td colspan='4' align='center'><b>PASSED TESTS</b></td></tr>
<tr><td><b>Test method</b></td>
<td width="30%"><b>Exception</b></td>
<td width="10%"><b>Time (seconds)</b></td>
<td><b>Instance</b></td>
</tr>
<tr>
<td title='com.poferries.freight.AutomationFramework.web.runner.RunCukes.runScenario()'><b>runScenario</b><br>Test class: com.poferries.freight.AutomationFramework.web.runner.RunCukes<br>Test method: Runs Cucumber Scenarios<br>Parameters: "Make a booking for a prelodgement", "Abnormal weight width selection."</td>
<td></td>
<td>84</td>
<td>com.poferries.freight.AutomationFramework.web.runner.RunCukes@1753acfe</td></tr>
<tr>
<td title='com.poferries.freight.AutomationFramework.web.runner.RunCukes.runScenario()'><b>runScenario</b><br>Test class: com.poferries.freight.AutomationFramework.web.runner.RunCukes<br>Test method: Runs Cucumber Scenarios<br>Parameters: "Make a booking for a prelodgement", "Abnormal weight width selection."</td>
<td></td>
<td>78</td>
<td>com.poferries.freight.AutomationFramework.web.runner.RunCukes@1753acfe</td></tr>
<tr>
<td title='com.poferries.freight.AutomationFramework.web.runner.RunCukes.runScenario()'><b>runScenario</b><br>Test class: com.poferries.freight.AutomationFramework.web.runner.RunCukes<br>Test method: Runs Cucumber Scenarios<br>Parameters: "Make a booking for a prelodgement", "Abnormal weight width selection."</td>
<td></td>
<td>77</td>
<td>com.poferries.freight.AutomationFramework.web.runner.RunCukes@1753acfe</td></tr>
<tr>
<td title='com.poferries.freight.AutomationFramework.web.runner.RunCukes.runScenario()'><b>runScenario</b><br>Test class: com.poferries.freight.AutomationFramework.web.runner.RunCukes<br>Test method: Runs Cucumber Scenarios<br>Parameters: "Make a booking for a prelodgement", "Abnormal weight width selection."</td>
<td></td>
<td>85</td>
<td>com.poferries.freight.AutomationFramework.web.runner.RunCukes@1753acfe</td></tr>
<tr>
<td title='com.poferries.freight.AutomationFramework.web.runner.RunCukes.runScenario()'><b>runScenario</b><br>Test class: com.poferries.freight.AutomationFramework.web.runner.RunCukes<br>Test method: Runs Cucumber Scenarios<br>Parameters: "Make a booking for a prelodgement", "Abnormal weight width selection."</td>
<td></td>
<td>88</td>
<td>com.poferries.freight.AutomationFramework.web.runner.RunCukes@1753acfe</td></tr>
<tr>
<td title='com.poferries.freight.AutomationFramework.web.runner.RunCukes.runScenario()'><b>runScenario</b><br>Test class: com.poferries.freight.AutomationFramework.web.runner.RunCukes<br>Test method: Runs Cucumber Scenarios<br>Parameters: "Amend Booking", "Amend Booking"</td>
<td></td>
<td>129</td>
<td>com.poferries.freight.AutomationFramework.web.runner.RunCukes@1753acfe</td></tr>
<tr>
<td title='com.poferries.freight.AutomationFramework.web.runner.RunCukes.runScenario()'><b>runScenario</b><br>Test class: com.poferries.freight.AutomationFramework.web.runner.RunCukes<br>Test method: Runs Cucumber Scenarios<br>Parameters: "Verify error messages when invalid data is entered", "Verify address has been changed from profile Page"</td>
<td></td>
<td>216</td>
<td>com.poferries.freight.AutomationFramework.web.runner.RunCukes@1753acfe</td></tr>
<tr>
<td title='com.poferries.freight.AutomationFramework.web.runner.RunCukes.runScenario()'><b>runScenario</b><br>Test class: com.poferries.freight.AutomationFramework.web.runner.RunCukes<br>Test method: Runs Cucumber Scenarios<br>Parameters: "Click Update password with Blank fields", "Change password functionality"</td>
<td></td>
<td>24</td>
<td>com.poferries.freight.AutomationFramework.web.runner.RunCukes@1753acfe</td></tr>
<tr>
<td title='com.poferries.freight.AutomationFramework.web.runner.RunCukes.runScenario()'><b>runScenario</b><br>Test class: com.poferries.freight.AutomationFramework.web.runner.RunCukes<br>Test method: Runs Cucumber Scenarios<br>Parameters: "Click Update password with Blank fields", "Change password functionality"</td>
<td></td>
<td>24</td>
<td>com.poferries.freight.AutomationFramework.web.runner.RunCukes@1753acfe</td></tr>
<tr>
<td title='com.poferries.freight.AutomationFramework.web.runner.RunCukes.runScenario()'><b>runScenario</b><br>Test class: com.poferries.freight.AutomationFramework.web.runner.RunCukes<br>Test method: Runs Cucumber Scenarios<br>Parameters: "Click Update password with Blank fields", "Change password functionality"</td>
<td></td>
<td>34</td>
<td>com.poferries.freight.AutomationFramework.web.runner.RunCukes@1753acfe</td></tr>
<tr>
<td title='com.poferries.freight.AutomationFramework.web.runner.RunCukes.runScenario()'><b>runScenario</b><br>Test class: com.poferries.freight.AutomationFramework.web.runner.RunCukes<br>Test method: Runs Cucumber Scenarios<br>Parameters: "Click Update password with Blank fields", "Change password functionality"</td>
<td></td>
<td>26</td>
<td>com.poferries.freight.AutomationFramework.web.runner.RunCukes@1753acfe</td></tr>
<tr>
<td title='com.poferries.freight.AutomationFramework.web.runner.RunCukes.runScenario()'><b>runScenario</b><br>Test class: com.poferries.freight.AutomationFramework.web.runner.RunCukes<br>Test method: Runs Cucumber Scenarios<br>Parameters: "Click Update password with Invalid Details", "Change password functionality"</td>
<td></td>
<td>29</td>
<td>com.poferries.freight.AutomationFramework.web.runner.RunCukes@1753acfe</td></tr>
<tr>
<td title='com.poferries.freight.AutomationFramework.web.runner.RunCukes.runScenario()'><b>runScenario</b><br>Test class: com.poferries.freight.AutomationFramework.web.runner.RunCukes<br>Test method: Runs Cucumber Scenarios<br>Parameters: "Click Update password with Invalid Details", "Change password functionality"</td>
<td></td>
<td>27</td>
<td>com.poferries.freight.AutomationFramework.web.runner.RunCukes@1753acfe</td></tr>
<tr>
<td title='com.poferries.freight.AutomationFramework.web.runner.RunCukes.runScenario()'><b>runScenario</b><br>Test class: com.poferries.freight.AutomationFramework.web.runner.RunCukes<br>Test method: Runs Cucumber Scenarios<br>Parameters: "Click Update password with Invalid Details", "Change password functionality"</td>
<td></td>
<td>25</td>
<td>com.poferries.freight.AutomationFramework.web.runner.RunCukes@1753acfe</td></tr>
<tr>
<td title='com.poferries.freight.AutomationFramework.web.runner.RunCukes.runScenario()'><b>runScenario</b><br>Test class: com.poferries.freight.AutomationFramework.web.runner.RunCukes<br>Test method: Runs Cucumber Scenarios<br>Parameters: "Make a booking for a prelodgement", "Dangerous goods and Pets selection"</td>
<td></td>
<td>110</td>
<td>com.poferries.freight.AutomationFramework.web.runner.RunCukes@1753acfe</td></tr>
<tr>
<td title='com.poferries.freight.AutomationFramework.web.runner.RunCukes.runScenario()'><b>runScenario</b><br>Test class: com.poferries.freight.AutomationFramework.web.runner.RunCukes<br>Test method: Runs Cucumber Scenarios<br>Parameters: "Make a booking for a prelodgement", "Dangerous goods and Pets selection"</td>
<td></td>
<td>77</td>
<td>com.poferries.freight.AutomationFramework.web.runner.RunCukes@1753acfe</td></tr>
<tr>
<td title='com.poferries.freight.AutomationFramework.web.runner.RunCukes.runScenario()'><b>runScenario</b><br>Test class: com.poferries.freight.AutomationFramework.web.runner.RunCukes<br>Test method: Runs Cucumber Scenarios<br>Parameters: "Make a booking for a prelodgement", "Dangerous goods and Pets selection"</td>
<td></td>
<td>102</td>
<td>com.poferries.freight.AutomationFramework.web.runner.RunCukes@1753acfe</td></tr>
<tr>
<td title='com.poferries.freight.AutomationFramework.web.runner.RunCukes.runScenario()'><b>runScenario</b><br>Test class: com.poferries.freight.AutomationFramework.web.runner.RunCukes<br>Test method: Runs Cucumber Scenarios<br>Parameters: "Make a booking for a prelodgement", "Dangerous goods and Pets selection"</td>
<td></td>
<td>85</td>
<td>com.poferries.freight.AutomationFramework.web.runner.RunCukes@1753acfe</td></tr>
<tr>
<td title='com.poferries.freight.AutomationFramework.web.runner.RunCukes.runScenario()'><b>runScenario</b><br>Test class: com.poferries.freight.AutomationFramework.web.runner.RunCukes<br>Test method: Runs Cucumber Scenarios<br>Parameters: "Make a booking for a prelodgement", "Dangerous goods and Pets selection"</td>
<td></td>
<td>140</td>
<td>com.poferries.freight.AutomationFramework.web.runner.RunCukes@1753acfe</td></tr>
<tr>
<td title='com.poferries.freight.AutomationFramework.web.runner.RunCukes.runScenario()'><b>runScenario</b><br>Test class: com.poferries.freight.AutomationFramework.web.runner.RunCukes<br>Test method: Runs Cucumber Scenarios<br>Parameters: "Make a booking for a prelodgement", "Dangerous goods and Pets selection"</td>
<td></td>
<td>99</td>
<td>com.poferries.freight.AutomationFramework.web.runner.RunCukes@1753acfe</td></tr>
<tr>
<td title='com.poferries.freight.AutomationFramework.web.runner.RunCukes.runScenario()'><b>runScenario</b><br>Test class: com.poferries.freight.AutomationFramework.web.runner.RunCukes<br>Test method: Runs Cucumber Scenarios<br>Parameters: "LogIn and Logout with Valid Credentials", "Signing in to Web with correct account details"</td>
<td></td>
<td>30</td>
<td>com.poferries.freight.AutomationFramework.web.runner.RunCukes@1753acfe</td></tr>
<tr>
<td title='com.poferries.freight.AutomationFramework.web.runner.RunCukes.runScenario()'><b>runScenario</b><br>Test class: com.poferries.freight.AutomationFramework.web.runner.RunCukes<br>Test method: Runs Cucumber Scenarios<br>Parameters: "LogIn with InValid Credentials", "Signing in to Web with correct account details"</td>
<td></td>
<td>16</td>
<td>com.poferries.freight.AutomationFramework.web.runner.RunCukes@1753acfe</td></tr>
<tr>
<td title='com.poferries.freight.AutomationFramework.web.runner.RunCukes.runScenario()'><b>runScenario</b><br>Test class: com.poferries.freight.AutomationFramework.web.runner.RunCukes<br>Test method: Runs Cucumber Scenarios<br>Parameters: "Make a DataDriven booking for a prelodgement", "Validate the Booking process for a prelodgement"</td>
<td></td>
<td>121</td>
<td>com.poferries.freight.AutomationFramework.web.runner.RunCukes@1753acfe</td></tr>
<tr>
<td title='com.poferries.freight.AutomationFramework.web.runner.RunCukes.runScenario()'><b>runScenario</b><br>Test class: com.poferries.freight.AutomationFramework.web.runner.RunCukes<br>Test method: Runs Cucumber Scenarios<br>Parameters: "Make a DataDriven booking for a prelodgement", "Validate the Booking process for a prelodgement"</td>
<td></td>
<td>115</td>
<td>com.poferries.freight.AutomationFramework.web.runner.RunCukes@1753acfe</td></tr>
<tr>
<td title='com.poferries.freight.AutomationFramework.web.runner.RunCukes.runScenario()'><b>runScenario</b><br>Test class: com.poferries.freight.AutomationFramework.web.runner.RunCukes<br>Test method: Runs Cucumber Scenarios<br>Parameters: "Make a DataDriven booking for a prelodgement", "Validate the Booking process for a prelodgement"</td>
<td></td>
<td>91</td>
<td>com.poferries.freight.AutomationFramework.web.runner.RunCukes@1753acfe</td></tr>
<tr>
<td title='com.poferries.freight.AutomationFramework.web.runner.RunCukes.runScenario()'><b>runScenario</b><br>Test class: com.poferries.freight.AutomationFramework.web.runner.RunCukes<br>Test method: Runs Cucumber Scenarios<br>Parameters: "Make a DataDriven booking for a prelodgement", "Validate the Booking process for a prelodgement"</td>
<td></td>
<td>81</td>
<td>com.poferries.freight.AutomationFramework.web.runner.RunCukes@1753acfe</td></tr>
<tr>
<td title='com.poferries.freight.AutomationFramework.web.runner.RunCukes.runScenario()'><b>runScenario</b><br>Test class: com.poferries.freight.AutomationFramework.web.runner.RunCukes<br>Test method: Runs Cucumber Scenarios<br>Parameters: "Make a DataDriven booking for a prelodgement", "Validate the Booking process for a prelodgement"</td>
<td></td>
<td>132</td>
<td>com.poferries.freight.AutomationFramework.web.runner.RunCukes@1753acfe</td></tr>
<tr>
<td title='com.poferries.freight.AutomationFramework.web.runner.RunCukes.runScenario()'><b>runScenario</b><br>Test class: com.poferries.freight.AutomationFramework.web.runner.RunCukes<br>Test method: Runs Cucumber Scenarios<br>Parameters: "Make a DataDriven booking for a prelodgement", "Validate the Booking process for a prelodgement"</td>
<td></td>
<td>90</td>
<td>com.poferries.freight.AutomationFramework.web.runner.RunCukes@1753acfe</td></tr>
<tr>
<td title='com.poferries.freight.AutomationFramework.web.runner.RunCukes.runScenario()'><b>runScenario</b><br>Test class: com.poferries.freight.AutomationFramework.web.runner.RunCukes<br>Test method: Runs Cucumber Scenarios<br>Parameters: "Make a DataDriven booking for a prelodgement", "Validate the Booking process for a prelodgement"</td>
<td></td>
<td>138</td>
<td>com.poferries.freight.AutomationFramework.web.runner.RunCukes@1753acfe</td></tr>
<tr>
<td title='com.poferries.freight.AutomationFramework.web.runner.RunCukes.runScenario()'><b>runScenario</b><br>Test class: com.poferries.freight.AutomationFramework.web.runner.RunCukes<br>Test method: Runs Cucumber Scenarios<br>Parameters: "Make a DataDriven booking for a prelodgement", "Validate the Booking process for a prelodgement"</td>
<td></td>
<td>77</td>
<td>com.poferries.freight.AutomationFramework.web.runner.RunCukes@1753acfe</td></tr>
<tr>
<td title='com.poferries.freight.AutomationFramework.web.runner.RunCukes.runScenario()'><b>runScenario</b><br>Test class: com.poferries.freight.AutomationFramework.web.runner.RunCukes<br>Test method: Runs Cucumber Scenarios<br>Parameters: "Make a DataDriven booking for a prelodgement", "Validate the Booking process for a prelodgement"</td>
<td></td>
<td>102</td>
<td>com.poferries.freight.AutomationFramework.web.runner.RunCukes@1753acfe</td></tr>
<tr>
<td title='com.poferries.freight.AutomationFramework.web.runner.RunCukes.runScenario()'><b>runScenario</b><br>Test class: com.poferries.freight.AutomationFramework.web.runner.RunCukes<br>Test method: Runs Cucumber Scenarios<br>Parameters: "Make a DataDriven booking for a prelodgement", "Validate the Booking process for a prelodgement"</td>
<td></td>
<td>97</td>
<td>com.poferries.freight.AutomationFramework.web.runner.RunCukes@1753acfe</td></tr>
<tr>
<td title='com.poferries.freight.AutomationFramework.web.runner.RunCukes.runScenario()'><b>runScenario</b><br>Test class: com.poferries.freight.AutomationFramework.web.runner.RunCukes<br>Test method: Runs Cucumber Scenarios<br>Parameters: "Make a DataDriven booking for a prelodgement", "Validate the Booking process for a prelodgement"</td>
<td></td>
<td>105</td>
<td>com.poferries.freight.AutomationFramework.web.runner.RunCukes@1753acfe</td></tr>
<tr>
<td title='com.poferries.freight.AutomationFramework.web.runner.RunCukes.runScenario()'><b>runScenario</b><br>Test class: com.poferries.freight.AutomationFramework.web.runner.RunCukes<br>Test method: Runs Cucumber Scenarios<br>Parameters: "Make a DataDriven booking for a prelodgement", "Validate the Booking process for a prelodgement"</td>
<td></td>
<td>107</td>
<td>com.poferries.freight.AutomationFramework.web.runner.RunCukes@1753acfe</td></tr>
<tr>
<td title='com.poferries.freight.AutomationFramework.web.runner.RunCukes.runScenario()'><b>runScenario</b><br>Test class: com.poferries.freight.AutomationFramework.web.runner.RunCukes<br>Test method: Runs Cucumber Scenarios<br>Parameters: "Make a DataDriven booking for a prelodgement", "Validate the Booking process for a prelodgement"</td>
<td></td>
<td>115</td>
<td>com.poferries.freight.AutomationFramework.web.runner.RunCukes@1753acfe</td></tr>
<tr>
<td title='com.poferries.freight.AutomationFramework.web.runner.RunCukes.runScenario()'><b>runScenario</b><br>Test class: com.poferries.freight.AutomationFramework.web.runner.RunCukes<br>Test method: Runs Cucumber Scenarios<br>Parameters: "Make a DataDriven booking for a prelodgement", "Validate the Booking process for a prelodgement"</td>
<td></td>
<td>107</td>
<td>com.poferries.freight.AutomationFramework.web.runner.RunCukes@1753acfe</td></tr>
<tr>
<td title='com.poferries.freight.AutomationFramework.web.runner.RunCukes.runScenario()'><b>runScenario</b><br>Test class: com.poferries.freight.AutomationFramework.web.runner.RunCukes<br>Test method: Runs Cucumber Scenarios<br>Parameters: "Make a DataDriven booking for a prelodgement", "Validate the Booking process for a prelodgement"</td>
<td></td>
<td>115</td>
<td>com.poferries.freight.AutomationFramework.web.runner.RunCukes@1753acfe</td></tr>
<tr>
<td title='com.poferries.freight.AutomationFramework.web.runner.RunCukes.runScenario()'><b>runScenario</b><br>Test class: com.poferries.freight.AutomationFramework.web.runner.RunCukes<br>Test method: Runs Cucumber Scenarios<br>Parameters: "Make a DataDriven booking for a prelodgement", "Validate the Booking process for a prelodgement"</td>
<td></td>
<td>107</td>
<td>com.poferries.freight.AutomationFramework.web.runner.RunCukes@1753acfe</td></tr>
<tr>
<td title='com.poferries.freight.AutomationFramework.web.runner.RunCukes.runScenario()'><b>runScenario</b><br>Test class: com.poferries.freight.AutomationFramework.web.runner.RunCukes<br>Test method: Runs Cucumber Scenarios<br>Parameters: "Make a DataDriven booking for a prelodgement", "Validate the Booking process for a prelodgement"</td>
<td></td>
<td>117</td>
<td>com.poferries.freight.AutomationFramework.web.runner.RunCukes@1753acfe</td></tr>
<tr>
<td title='com.poferries.freight.AutomationFramework.web.runner.RunCukes.runScenario()'><b>runScenario</b><br>Test class: com.poferries.freight.AutomationFramework.web.runner.RunCukes<br>Test method: Runs Cucumber Scenarios<br>Parameters: "Make a DataDriven booking for a prelodgement", "Validate the Booking process for a prelodgement"</td>
<td></td>
<td>107</td>
<td>com.poferries.freight.AutomationFramework.web.runner.RunCukes@1753acfe</td></tr>
<tr>
<td title='com.poferries.freight.AutomationFramework.web.runner.RunCukes.runScenario()'><b>runScenario</b><br>Test class: com.poferries.freight.AutomationFramework.web.runner.RunCukes<br>Test method: Runs Cucumber Scenarios<br>Parameters: "Make a DataDriven booking for a prelodgement", "Validate the Booking process for a prelodgement"</td>
<td></td>
<td>108</td>
<td>com.poferries.freight.AutomationFramework.web.runner.RunCukes@1753acfe</td></tr>
<tr>
<td title='com.poferries.freight.AutomationFramework.web.runner.RunCukes.runScenario()'><b>runScenario</b><br>Test class: com.poferries.freight.AutomationFramework.web.runner.RunCukes<br>Test method: Runs Cucumber Scenarios<br>Parameters: "Make a DataDriven booking for a prelodgement", "Validate the Booking process for a prelodgement"</td>
<td></td>
<td>102</td>
<td>com.poferries.freight.AutomationFramework.web.runner.RunCukes@1753acfe</td></tr>
<tr>
<td title='com.poferries.freight.AutomationFramework.web.runner.RunCukes.runScenario()'><b>runScenario</b><br>Test class: com.poferries.freight.AutomationFramework.web.runner.RunCukes<br>Test method: Runs Cucumber Scenarios<br>Parameters: "Make a DataDriven booking for a prelodgement", "Validate the Booking process for a prelodgement"</td>
<td></td>
<td>133</td>
<td>com.poferries.freight.AutomationFramework.web.runner.RunCukes@1753acfe</td></tr>
<tr>
<td title='com.poferries.freight.AutomationFramework.web.runner.RunCukes.runScenario()'><b>runScenario</b><br>Test class: com.poferries.freight.AutomationFramework.web.runner.RunCukes<br>Test method: Runs Cucumber Scenarios<br>Parameters: "Make a DataDriven booking for a prelodgement", "Validate the Booking process for a prelodgement"</td>
<td></td>
<td>193</td>
<td>com.poferries.freight.AutomationFramework.web.runner.RunCukes@1753acfe</td></tr>
<tr>
<td title='com.poferries.freight.AutomationFramework.web.runner.RunCukes.runScenario()'><b>runScenario</b><br>Test class: com.poferries.freight.AutomationFramework.web.runner.RunCukes<br>Test method: Runs Cucumber Scenarios<br>Parameters: "Verify error messages when invalid data is entered", "Verify Profile Page field validations"</td>
<td></td>
<td>39</td>
<td>com.poferries.freight.AutomationFramework.web.runner.RunCukes@1753acfe</td></tr>
<tr>
<td title='com.poferries.freight.AutomationFramework.web.runner.RunCukes.runScenario()'><b>runScenario</b><br>Test class: com.poferries.freight.AutomationFramework.web.runner.RunCukes<br>Test method: Runs Cucumber Scenarios<br>Parameters: "Verify error messages when invalid data is entered", "Verify Profile Page field validations"</td>
<td></td>
<td>42</td>
<td>com.poferries.freight.AutomationFramework.web.runner.RunCukes@1753acfe</td></tr>
<tr>
<td title='com.poferries.freight.AutomationFramework.web.runner.RunCukes.runScenario()'><b>runScenario</b><br>Test class: com.poferries.freight.AutomationFramework.web.runner.RunCukes<br>Test method: Runs Cucumber Scenarios<br>Parameters: "Verify error messages when invalid data is entered", "Verify Profile Page field validations"</td>
<td></td>
<td>41</td>
<td>com.poferries.freight.AutomationFramework.web.runner.RunCukes@1753acfe</td></tr>
<tr>
<td title='com.poferries.freight.AutomationFramework.web.runner.RunCukes.runScenario()'><b>runScenario</b><br>Test class: com.poferries.freight.AutomationFramework.web.runner.RunCukes<br>Test method: Runs Cucumber Scenarios<br>Parameters: "Verify wheather profile changes have been updated", "Verify Profile Page field validations"</td>
<td></td>
<td>53</td>
<td>com.poferries.freight.AutomationFramework.web.runner.RunCukes@1753acfe</td></tr>
<tr>
<td title='com.poferries.freight.AutomationFramework.web.runner.RunCukes.runScenario()'><b>runScenario</b><br>Test class: com.poferries.freight.AutomationFramework.web.runner.RunCukes<br>Test method: Runs Cucumber Scenarios<br>Parameters: "Make a booking for a prelodgement", "Vehicle length greater than TwentyTwo metre."</td>
<td></td>
<td>69</td>
<td>com.poferries.freight.AutomationFramework.web.runner.RunCukes@1753acfe</td></tr>
<tr>
<td title='com.poferries.freight.AutomationFramework.web.runner.RunCukes.runScenario()'><b>runScenario</b><br>Test class: com.poferries.freight.AutomationFramework.web.runner.RunCukes<br>Test method: Runs Cucumber Scenarios<br>Parameters: "Make a booking for a prelodgement", "Vehicle length greater than TwentyTwo metre."</td>
<td></td>
<td>82</td>
<td>com.poferries.freight.AutomationFramework.web.runner.RunCukes@1753acfe</td></tr>
<tr>
<td title='com.poferries.freight.AutomationFramework.web.runner.RunCukes.runScenario()'><b>runScenario</b><br>Test class: com.poferries.freight.AutomationFramework.web.runner.RunCukes<br>Test method: Runs Cucumber Scenarios<br>Parameters: "Make a booking for a prelodgement", "Vehicle length greater than TwentyTwo metre."</td>
<td></td>
<td>67</td>
<td>com.poferries.freight.AutomationFramework.web.runner.RunCukes@1753acfe</td></tr>
<tr>
<td title='com.poferries.freight.AutomationFramework.web.runner.RunCukes.runScenario()'><b>runScenario</b><br>Test class: com.poferries.freight.AutomationFramework.web.runner.RunCukes<br>Test method: Runs Cucumber Scenarios<br>Parameters: "Make a booking for a prelodgement", "Vehicle length greater than TwentyTwo metre."</td>
<td></td>
<td>97</td>
<td>com.poferries.freight.AutomationFramework.web.runner.RunCukes@1753acfe</td></tr>
<tr>
<td title='com.poferries.freight.AutomationFramework.web.runner.RunCukes.runScenario()'><b>runScenario</b><br>Test class: com.poferries.freight.AutomationFramework.web.runner.RunCukes<br>Test method: Runs Cucumber Scenarios<br>Parameters: "Amend Booking", "Vehicle Registration Field"</td>
<td></td>
<td>87</td>
<td>com.poferries.freight.AutomationFramework.web.runner.RunCukes@1753acfe</td></tr>
<tr>
<td title='com.poferries.freight.AutomationFramework.web.runner.RunCukes.runScenario()'><b>runScenario</b><br>Test class: com.poferries.freight.AutomationFramework.web.runner.RunCukes<br>Test method: Runs Cucumber Scenarios<br>Parameters: "Amend Booking", "Vehicle Registration Field"</td>
<td></td>
<td>68</td>
<td>com.poferries.freight.AutomationFramework.web.runner.RunCukes@1753acfe</td></tr>
</table><p>
<table width='100%' border='1' class='invocation-skipped'>
<tr><td colspan='4' align='center'><b>SKIPPED TESTS</b></td></tr>
<tr><td><b>Test method</b></td>
<td width="30%"><b>Exception</b></td>
<td width="10%"><b>Time (seconds)</b></td>
<td><b>Instance</b></td>
</tr>
<tr>
<td title='com.poferries.freight.AutomationFramework.web.runner.RunCukes.runScenario()'><b>runScenario</b><br>Test class: com.poferries.freight.AutomationFramework.web.runner.RunCukes<br>Test method: Runs Cucumber Scenarios<br>Parameters: "Make a booking for a prelodgement", "Validate the Booking process for a prelodgement for multiple languages"</td>
<td><div><pre>org.testng.SkipException: There are undefined steps
	at cucumber.api.testng.TestCaseResultListener.getError(TestCaseResultListener.java:60)
	at cucumber.api.testng.TestNGCucumberRunner.runScenario(TestNGCucumberRunner.java:61)
	at cucumber.api.testng.AbstractTestNGCucumberTests.runScenario(AbstractTestNGCucumberTests.java:22)
... Removed 28 stack frames</pre></div><a href='#' onClick='toggleBox("stack-trace399167529", this, "Click to show all stack frames", "Click to hide stack frames")'>Click to show all stack frames</a>
<div class='stack-trace' id='stack-trace399167529'><pre>org.testng.SkipException: There are undefined steps
	at cucumber.api.testng.TestCaseResultListener.getError(TestCaseResultListener.java:60)
	at cucumber.api.testng.TestNGCucumberRunner.runScenario(TestNGCucumberRunner.java:61)
	at cucumber.api.testng.AbstractTestNGCucumberTests.runScenario(AbstractTestNGCucumberTests.java:22)
	at sun.reflect.GeneratedMethodAccessor15.invoke(Unknown Source)
	at sun.reflect.DelegatingMethodAccessorImpl.invoke(DelegatingMethodAccessorImpl.java:43)
	at java.lang.reflect.Method.invoke(Method.java:498)
	at org.testng.internal.MethodInvocationHelper.invokeMethod(MethodInvocationHelper.java:124)
	at org.testng.internal.Invoker.invokeMethod(Invoker.java:583)
	at org.testng.internal.Invoker.invokeTestMethod(Invoker.java:719)
	at org.testng.internal.Invoker.invokeTestMethods(Invoker.java:989)
	at org.testng.internal.TestMethodWorker.invokeTestMethods(TestMethodWorker.java:125)
	at org.testng.internal.TestMethodWorker.run(TestMethodWorker.java:109)
	at org.testng.TestRunner.privateRun(TestRunner.java:648)
	at org.testng.TestRunner.run(TestRunner.java:505)
	at org.testng.SuiteRunner.runTest(SuiteRunner.java:455)
	at org.testng.SuiteRunner.runSequentially(SuiteRunner.java:450)
	at org.testng.SuiteRunner.privateRun(SuiteRunner.java:415)
	at org.testng.SuiteRunner.run(SuiteRunner.java:364)
	at org.testng.SuiteRunnerWorker.runSuite(SuiteRunnerWorker.java:52)
	at org.testng.SuiteRunnerWorker.run(SuiteRunnerWorker.java:84)
	at org.testng.TestNG.runSuitesSequentially(TestNG.java:1208)
	at org.testng.TestNG.runSuitesLocally(TestNG.java:1137)
	at org.testng.TestNG.runSuites(TestNG.java:1049)
	at org.testng.TestNG.run(TestNG.java:1017)
	at org.apache.maven.surefire.testng.TestNGExecutor.run(TestNGExecutor.java:283)
	at org.apache.maven.surefire.testng.TestNGXmlTestSuite.execute(TestNGXmlTestSuite.java:75)
	at org.apache.maven.surefire.testng.TestNGProvider.invoke(TestNGProvider.java:120)
	at org.apache.maven.surefire.booter.ForkedBooter.invokeProviderInSameClassLoader(ForkedBooter.java:384)
	at org.apache.maven.surefire.booter.ForkedBooter.runSuitesInProcess(ForkedBooter.java:345)
	at org.apache.maven.surefire.booter.ForkedBooter.execute(ForkedBooter.java:126)
	at org.apache.maven.surefire.booter.ForkedBooter.main(ForkedBooter.java:418)
</pre></div></td>
<td>106</td>
<td>com.poferries.freight.AutomationFramework.web.runner.RunCukes@1753acfe</td></tr>
<tr>
<td title='com.poferries.freight.AutomationFramework.web.runner.RunCukes.runScenario()'><b>runScenario</b><br>Test class: com.poferries.freight.AutomationFramework.web.runner.RunCukes<br>Test method: Runs Cucumber Scenarios<br>Parameters: "Make a booking for a prelodgement", "Validate the Booking process for a prelodgement for multiple languages"</td>
<td><div><pre>org.testng.SkipException: There are undefined steps
	at cucumber.api.testng.TestCaseResultListener.getError(TestCaseResultListener.java:60)
	at cucumber.api.testng.TestNGCucumberRunner.runScenario(TestNGCucumberRunner.java:61)
	at cucumber.api.testng.AbstractTestNGCucumberTests.runScenario(AbstractTestNGCucumberTests.java:22)
... Removed 28 stack frames</pre></div><a href='#' onClick='toggleBox("stack-trace723380177", this, "Click to show all stack frames", "Click to hide stack frames")'>Click to show all stack frames</a>
<div class='stack-trace' id='stack-trace723380177'><pre>org.testng.SkipException: There are undefined steps
	at cucumber.api.testng.TestCaseResultListener.getError(TestCaseResultListener.java:60)
	at cucumber.api.testng.TestNGCucumberRunner.runScenario(TestNGCucumberRunner.java:61)
	at cucumber.api.testng.AbstractTestNGCucumberTests.runScenario(AbstractTestNGCucumberTests.java:22)
	at sun.reflect.GeneratedMethodAccessor15.invoke(Unknown Source)
	at sun.reflect.DelegatingMethodAccessorImpl.invoke(DelegatingMethodAccessorImpl.java:43)
	at java.lang.reflect.Method.invoke(Method.java:498)
	at org.testng.internal.MethodInvocationHelper.invokeMethod(MethodInvocationHelper.java:124)
	at org.testng.internal.Invoker.invokeMethod(Invoker.java:583)
	at org.testng.internal.Invoker.invokeTestMethod(Invoker.java:719)
	at org.testng.internal.Invoker.invokeTestMethods(Invoker.java:989)
	at org.testng.internal.TestMethodWorker.invokeTestMethods(TestMethodWorker.java:125)
	at org.testng.internal.TestMethodWorker.run(TestMethodWorker.java:109)
	at org.testng.TestRunner.privateRun(TestRunner.java:648)
	at org.testng.TestRunner.run(TestRunner.java:505)
	at org.testng.SuiteRunner.runTest(SuiteRunner.java:455)
	at org.testng.SuiteRunner.runSequentially(SuiteRunner.java:450)
	at org.testng.SuiteRunner.privateRun(SuiteRunner.java:415)
	at org.testng.SuiteRunner.run(SuiteRunner.java:364)
	at org.testng.SuiteRunnerWorker.runSuite(SuiteRunnerWorker.java:52)
	at org.testng.SuiteRunnerWorker.run(SuiteRunnerWorker.java:84)
	at org.testng.TestNG.runSuitesSequentially(TestNG.java:1208)
	at org.testng.TestNG.runSuitesLocally(TestNG.java:1137)
	at org.testng.TestNG.runSuites(TestNG.java:1049)
	at org.testng.TestNG.run(TestNG.java:1017)
	at org.apache.maven.surefire.testng.TestNGExecutor.run(TestNGExecutor.java:283)
	at org.apache.maven.surefire.testng.TestNGXmlTestSuite.execute(TestNGXmlTestSuite.java:75)
	at org.apache.maven.surefire.testng.TestNGProvider.invoke(TestNGProvider.java:120)
	at org.apache.maven.surefire.booter.ForkedBooter.invokeProviderInSameClassLoader(ForkedBooter.java:384)
	at org.apache.maven.surefire.booter.ForkedBooter.runSuitesInProcess(ForkedBooter.java:345)
	at org.apache.maven.surefire.booter.ForkedBooter.execute(ForkedBooter.java:126)
	at org.apache.maven.surefire.booter.ForkedBooter.main(ForkedBooter.java:418)
</pre></div></td>
<td>120</td>
<td>com.poferries.freight.AutomationFramework.web.runner.RunCukes@1753acfe</td></tr>
<tr>
<td title='com.poferries.freight.AutomationFramework.web.runner.RunCukes.runScenario()'><b>runScenario</b><br>Test class: com.poferries.freight.AutomationFramework.web.runner.RunCukes<br>Test method: Runs Cucumber Scenarios<br>Parameters: "Make a booking for a prelodgement", "Validate the Booking process for a prelodgement for multiple languages"</td>
<td><div><pre>org.testng.SkipException: There are undefined steps
	at cucumber.api.testng.TestCaseResultListener.getError(TestCaseResultListener.java:60)
	at cucumber.api.testng.TestNGCucumberRunner.runScenario(TestNGCucumberRunner.java:61)
	at cucumber.api.testng.AbstractTestNGCucumberTests.runScenario(AbstractTestNGCucumberTests.java:22)
... Removed 28 stack frames</pre></div><a href='#' onClick='toggleBox("stack-trace1610282629", this, "Click to show all stack frames", "Click to hide stack frames")'>Click to show all stack frames</a>
<div class='stack-trace' id='stack-trace1610282629'><pre>org.testng.SkipException: There are undefined steps
	at cucumber.api.testng.TestCaseResultListener.getError(TestCaseResultListener.java:60)
	at cucumber.api.testng.TestNGCucumberRunner.runScenario(TestNGCucumberRunner.java:61)
	at cucumber.api.testng.AbstractTestNGCucumberTests.runScenario(AbstractTestNGCucumberTests.java:22)
	at sun.reflect.GeneratedMethodAccessor15.invoke(Unknown Source)
	at sun.reflect.DelegatingMethodAccessorImpl.invoke(DelegatingMethodAccessorImpl.java:43)
	at java.lang.reflect.Method.invoke(Method.java:498)
	at org.testng.internal.MethodInvocationHelper.invokeMethod(MethodInvocationHelper.java:124)
	at org.testng.internal.Invoker.invokeMethod(Invoker.java:583)
	at org.testng.internal.Invoker.invokeTestMethod(Invoker.java:719)
	at org.testng.internal.Invoker.invokeTestMethods(Invoker.java:989)
	at org.testng.internal.TestMethodWorker.invokeTestMethods(TestMethodWorker.java:125)
	at org.testng.internal.TestMethodWorker.run(TestMethodWorker.java:109)
	at org.testng.TestRunner.privateRun(TestRunner.java:648)
	at org.testng.TestRunner.run(TestRunner.java:505)
	at org.testng.SuiteRunner.runTest(SuiteRunner.java:455)
	at org.testng.SuiteRunner.runSequentially(SuiteRunner.java:450)
	at org.testng.SuiteRunner.privateRun(SuiteRunner.java:415)
	at org.testng.SuiteRunner.run(SuiteRunner.java:364)
	at org.testng.SuiteRunnerWorker.runSuite(SuiteRunnerWorker.java:52)
	at org.testng.SuiteRunnerWorker.run(SuiteRunnerWorker.java:84)
	at org.testng.TestNG.runSuitesSequentially(TestNG.java:1208)
	at org.testng.TestNG.runSuitesLocally(TestNG.java:1137)
	at org.testng.TestNG.runSuites(TestNG.java:1049)
	at org.testng.TestNG.run(TestNG.java:1017)
	at org.apache.maven.surefire.testng.TestNGExecutor.run(TestNGExecutor.java:283)
	at org.apache.maven.surefire.testng.TestNGXmlTestSuite.execute(TestNGXmlTestSuite.java:75)
	at org.apache.maven.surefire.testng.TestNGProvider.invoke(TestNGProvider.java:120)
	at org.apache.maven.surefire.booter.ForkedBooter.invokeProviderInSameClassLoader(ForkedBooter.java:384)
	at org.apache.maven.surefire.booter.ForkedBooter.runSuitesInProcess(ForkedBooter.java:345)
	at org.apache.maven.surefire.booter.ForkedBooter.execute(ForkedBooter.java:126)
	at org.apache.maven.surefire.booter.ForkedBooter.main(ForkedBooter.java:418)
</pre></div></td>
<td>112</td>
<td>com.poferries.freight.AutomationFramework.web.runner.RunCukes@1753acfe</td></tr>
<tr>
<td title='com.poferries.freight.AutomationFramework.web.runner.RunCukes.runScenario()'><b>runScenario</b><br>Test class: com.poferries.freight.AutomationFramework.web.runner.RunCukes<br>Test method: Runs Cucumber Scenarios<br>Parameters: "Make a booking for a prelodgement", "Validate the Booking process for a prelodgement for multiple languages"</td>
<td><div><pre>org.testng.SkipException: There are undefined steps
	at cucumber.api.testng.TestCaseResultListener.getError(TestCaseResultListener.java:60)
	at cucumber.api.testng.TestNGCucumberRunner.runScenario(TestNGCucumberRunner.java:61)
	at cucumber.api.testng.AbstractTestNGCucumberTests.runScenario(AbstractTestNGCucumberTests.java:22)
... Removed 28 stack frames</pre></div><a href='#' onClick='toggleBox("stack-trace1967045053", this, "Click to show all stack frames", "Click to hide stack frames")'>Click to show all stack frames</a>
<div class='stack-trace' id='stack-trace1967045053'><pre>org.testng.SkipException: There are undefined steps
	at cucumber.api.testng.TestCaseResultListener.getError(TestCaseResultListener.java:60)
	at cucumber.api.testng.TestNGCucumberRunner.runScenario(TestNGCucumberRunner.java:61)
	at cucumber.api.testng.AbstractTestNGCucumberTests.runScenario(AbstractTestNGCucumberTests.java:22)
	at sun.reflect.GeneratedMethodAccessor15.invoke(Unknown Source)
	at sun.reflect.DelegatingMethodAccessorImpl.invoke(DelegatingMethodAccessorImpl.java:43)
	at java.lang.reflect.Method.invoke(Method.java:498)
	at org.testng.internal.MethodInvocationHelper.invokeMethod(MethodInvocationHelper.java:124)
	at org.testng.internal.Invoker.invokeMethod(Invoker.java:583)
	at org.testng.internal.Invoker.invokeTestMethod(Invoker.java:719)
	at org.testng.internal.Invoker.invokeTestMethods(Invoker.java:989)
	at org.testng.internal.TestMethodWorker.invokeTestMethods(TestMethodWorker.java:125)
	at org.testng.internal.TestMethodWorker.run(TestMethodWorker.java:109)
	at org.testng.TestRunner.privateRun(TestRunner.java:648)
	at org.testng.TestRunner.run(TestRunner.java:505)
	at org.testng.SuiteRunner.runTest(SuiteRunner.java:455)
	at org.testng.SuiteRunner.runSequentially(SuiteRunner.java:450)
	at org.testng.SuiteRunner.privateRun(SuiteRunner.java:415)
	at org.testng.SuiteRunner.run(SuiteRunner.java:364)
	at org.testng.SuiteRunnerWorker.runSuite(SuiteRunnerWorker.java:52)
	at org.testng.SuiteRunnerWorker.run(SuiteRunnerWorker.java:84)
	at org.testng.TestNG.runSuitesSequentially(TestNG.java:1208)
	at org.testng.TestNG.runSuitesLocally(TestNG.java:1137)
	at org.testng.TestNG.runSuites(TestNG.java:1049)
	at org.testng.TestNG.run(TestNG.java:1017)
	at org.apache.maven.surefire.testng.TestNGExecutor.run(TestNGExecutor.java:283)
	at org.apache.maven.surefire.testng.TestNGXmlTestSuite.execute(TestNGXmlTestSuite.java:75)
	at org.apache.maven.surefire.testng.TestNGProvider.invoke(TestNGProvider.java:120)
	at org.apache.maven.surefire.booter.ForkedBooter.invokeProviderInSameClassLoader(ForkedBooter.java:384)
	at org.apache.maven.surefire.booter.ForkedBooter.runSuitesInProcess(ForkedBooter.java:345)
	at org.apache.maven.surefire.booter.ForkedBooter.execute(ForkedBooter.java:126)
	at org.apache.maven.surefire.booter.ForkedBooter.main(ForkedBooter.java:418)
</pre></div></td>
<td>142</td>
<td>com.poferries.freight.AutomationFramework.web.runner.RunCukes@1753acfe</td></tr>
<tr>
<td title='com.poferries.freight.AutomationFramework.web.runner.RunCukes.runScenario()'><b>runScenario</b><br>Test class: com.poferries.freight.AutomationFramework.web.runner.RunCukes<br>Test method: Runs Cucumber Scenarios<br>Parameters: "Make a booking for a prelodgement", "Validate the Booking process for a prelodgement for multiple languages"</td>
<td><div><pre>org.testng.SkipException: There are undefined steps
	at cucumber.api.testng.TestCaseResultListener.getError(TestCaseResultListener.java:60)
	at cucumber.api.testng.TestNGCucumberRunner.runScenario(TestNGCucumberRunner.java:61)
	at cucumber.api.testng.AbstractTestNGCucumberTests.runScenario(AbstractTestNGCucumberTests.java:22)
... Removed 28 stack frames</pre></div><a href='#' onClick='toggleBox("stack-trace1476482367", this, "Click to show all stack frames", "Click to hide stack frames")'>Click to show all stack frames</a>
<div class='stack-trace' id='stack-trace1476482367'><pre>org.testng.SkipException: There are undefined steps
	at cucumber.api.testng.TestCaseResultListener.getError(TestCaseResultListener.java:60)
	at cucumber.api.testng.TestNGCucumberRunner.runScenario(TestNGCucumberRunner.java:61)
	at cucumber.api.testng.AbstractTestNGCucumberTests.runScenario(AbstractTestNGCucumberTests.java:22)
	at sun.reflect.GeneratedMethodAccessor15.invoke(Unknown Source)
	at sun.reflect.DelegatingMethodAccessorImpl.invoke(DelegatingMethodAccessorImpl.java:43)
	at java.lang.reflect.Method.invoke(Method.java:498)
	at org.testng.internal.MethodInvocationHelper.invokeMethod(MethodInvocationHelper.java:124)
	at org.testng.internal.Invoker.invokeMethod(Invoker.java:583)
	at org.testng.internal.Invoker.invokeTestMethod(Invoker.java:719)
	at org.testng.internal.Invoker.invokeTestMethods(Invoker.java:989)
	at org.testng.internal.TestMethodWorker.invokeTestMethods(TestMethodWorker.java:125)
	at org.testng.internal.TestMethodWorker.run(TestMethodWorker.java:109)
	at org.testng.TestRunner.privateRun(TestRunner.java:648)
	at org.testng.TestRunner.run(TestRunner.java:505)
	at org.testng.SuiteRunner.runTest(SuiteRunner.java:455)
	at org.testng.SuiteRunner.runSequentially(SuiteRunner.java:450)
	at org.testng.SuiteRunner.privateRun(SuiteRunner.java:415)
	at org.testng.SuiteRunner.run(SuiteRunner.java:364)
	at org.testng.SuiteRunnerWorker.runSuite(SuiteRunnerWorker.java:52)
	at org.testng.SuiteRunnerWorker.run(SuiteRunnerWorker.java:84)
	at org.testng.TestNG.runSuitesSequentially(TestNG.java:1208)
	at org.testng.TestNG.runSuitesLocally(TestNG.java:1137)
	at org.testng.TestNG.runSuites(TestNG.java:1049)
	at org.testng.TestNG.run(TestNG.java:1017)
	at org.apache.maven.surefire.testng.TestNGExecutor.run(TestNGExecutor.java:283)
	at org.apache.maven.surefire.testng.TestNGXmlTestSuite.execute(TestNGXmlTestSuite.java:75)
	at org.apache.maven.surefire.testng.TestNGProvider.invoke(TestNGProvider.java:120)
	at org.apache.maven.surefire.booter.ForkedBooter.invokeProviderInSameClassLoader(ForkedBooter.java:384)
	at org.apache.maven.surefire.booter.ForkedBooter.runSuitesInProcess(ForkedBooter.java:345)
	at org.apache.maven.surefire.booter.ForkedBooter.execute(ForkedBooter.java:126)
	at org.apache.maven.surefire.booter.ForkedBooter.main(ForkedBooter.java:418)
</pre></div></td>
<td>132</td>
<td>com.poferries.freight.AutomationFramework.web.runner.RunCukes@1753acfe</td></tr>
<tr>
<td title='com.poferries.freight.AutomationFramework.web.runner.RunCukes.runScenario()'><b>runScenario</b><br>Test class: com.poferries.freight.AutomationFramework.web.runner.RunCukes<br>Test method: Runs Cucumber Scenarios<br>Parameters: "Make a booking for a prelodgement", "Validate the Booking process for a prelodgement for multiple languages"</td>
<td><div><pre>org.testng.SkipException: There are undefined steps
	at cucumber.api.testng.TestCaseResultListener.getError(TestCaseResultListener.java:60)
	at cucumber.api.testng.TestNGCucumberRunner.runScenario(TestNGCucumberRunner.java:61)
	at cucumber.api.testng.AbstractTestNGCucumberTests.runScenario(AbstractTestNGCucumberTests.java:22)
... Removed 28 stack frames</pre></div><a href='#' onClick='toggleBox("stack-trace772557536", this, "Click to show all stack frames", "Click to hide stack frames")'>Click to show all stack frames</a>
<div class='stack-trace' id='stack-trace772557536'><pre>org.testng.SkipException: There are undefined steps
	at cucumber.api.testng.TestCaseResultListener.getError(TestCaseResultListener.java:60)
	at cucumber.api.testng.TestNGCucumberRunner.runScenario(TestNGCucumberRunner.java:61)
	at cucumber.api.testng.AbstractTestNGCucumberTests.runScenario(AbstractTestNGCucumberTests.java:22)
	at sun.reflect.GeneratedMethodAccessor15.invoke(Unknown Source)
	at sun.reflect.DelegatingMethodAccessorImpl.invoke(DelegatingMethodAccessorImpl.java:43)
	at java.lang.reflect.Method.invoke(Method.java:498)
	at org.testng.internal.MethodInvocationHelper.invokeMethod(MethodInvocationHelper.java:124)
	at org.testng.internal.Invoker.invokeMethod(Invoker.java:583)
	at org.testng.internal.Invoker.invokeTestMethod(Invoker.java:719)
	at org.testng.internal.Invoker.invokeTestMethods(Invoker.java:989)
	at org.testng.internal.TestMethodWorker.invokeTestMethods(TestMethodWorker.java:125)
	at org.testng.internal.TestMethodWorker.run(TestMethodWorker.java:109)
	at org.testng.TestRunner.privateRun(TestRunner.java:648)
	at org.testng.TestRunner.run(TestRunner.java:505)
	at org.testng.SuiteRunner.runTest(SuiteRunner.java:455)
	at org.testng.SuiteRunner.runSequentially(SuiteRunner.java:450)
	at org.testng.SuiteRunner.privateRun(SuiteRunner.java:415)
	at org.testng.SuiteRunner.run(SuiteRunner.java:364)
	at org.testng.SuiteRunnerWorker.runSuite(SuiteRunnerWorker.java:52)
	at org.testng.SuiteRunnerWorker.run(SuiteRunnerWorker.java:84)
	at org.testng.TestNG.runSuitesSequentially(TestNG.java:1208)
	at org.testng.TestNG.runSuitesLocally(TestNG.java:1137)
	at org.testng.TestNG.runSuites(TestNG.java:1049)
	at org.testng.TestNG.run(TestNG.java:1017)
	at org.apache.maven.surefire.testng.TestNGExecutor.run(TestNGExecutor.java:283)
	at org.apache.maven.surefire.testng.TestNGXmlTestSuite.execute(TestNGXmlTestSuite.java:75)
	at org.apache.maven.surefire.testng.TestNGProvider.invoke(TestNGProvider.java:120)
	at org.apache.maven.surefire.booter.ForkedBooter.invokeProviderInSameClassLoader(ForkedBooter.java:384)
	at org.apache.maven.surefire.booter.ForkedBooter.runSuitesInProcess(ForkedBooter.java:345)
	at org.apache.maven.surefire.booter.ForkedBooter.execute(ForkedBooter.java:126)
	at org.apache.maven.surefire.booter.ForkedBooter.main(ForkedBooter.java:418)
</pre></div></td>
<td>129</td>
<td>com.poferries.freight.AutomationFramework.web.runner.RunCukes@1753acfe</td></tr>
</table><p>
</body>
</html>