{"name":"LogIn and Logout with Valid Credentials","status":"broken","statusDetails":{"known":false,"muted":false,"flaky":false,"message":"Unable to find element with locator By.xpath: //span[@title='test account']\nFor documentation on this error, please visit: https://www.selenium.dev/documentation/webdriver/troubleshooting/errors#no-such-element-exception\nBuild info: version: '4.12.1', revision: '8e34639b11'\nSystem info: os.name: 'Windows 10', os.arch: 'amd64', os.version: '10.0', java.version: '17.0.9'\nDriver info: driver.version: RemoteWebDriver","trace":"org.openqa.selenium.NoSuchElementException: Unable to find element with locator By.xpath: //span[@title='test account']\nFor documentation on this error, please visit: https://www.selenium.dev/documentation/webdriver/troubleshooting/errors#no-such-element-exception\nBuild info: version: '4.12.1', revision: '8e34639b11'\nSystem info: os.name: 'Windows 10', os.arch: 'amd64', os.version: '10.0', java.version: '17.0.9'\nDriver info: driver.version: RemoteWebDriver\r\n\tat org.openqa.selenium.remote.ElementLocation$ElementFinder$2.findElement(ElementLocation.java:168)\r\n\tat org.openqa.selenium.remote.ElementLocation.findElement(ElementLocation.java:59)\r\n\tat org.openqa.selenium.remote.RemoteWebDriver.findElement(RemoteWebDriver.java:359)\r\n\tat org.openqa.selenium.remote.RemoteWebDriver.findElement(RemoteWebDriver.java:353)\r\n\tat org.openqa.selenium.support.pagefactory.DefaultElementLocator.findElement(DefaultElementLocator.java:68)\r\n\tat org.openqa.selenium.support.pagefactory.internal.LocatingElementHandler.invoke(LocatingElementHandler.java:38)\r\n\tat jdk.proxy2/jdk.proxy2.$Proxy32.click(Unknown Source)\r\n\tat com.poferries.freight.AutomationFramework.web.actions.LoginPageActions.clickaccountfield(LoginPageActions.java:216)\r\n\tat com.poferries.freight.AutomationFramework.web.stepDefinitions.LoginSteps.clickAcountfield(LoginSteps.java:166)\r\n\tat ✽.I click on account field(file:///C:/Users/HP/eclipse-workspace/AutomationFramework%201/AutomationFramework/src/test/resources/features/web/Login.feature:31)\r\n"},"stage":"finished","description":"  As User I should be able to sign in once I provide the correct account details.","steps":[{"name":"Given  I navigate to the salesforce Website","status":"passed","statusDetails":{"known":false,"muted":false,"flaky":false},"stage":"finished","steps":[],"attachments":[],"parameters":[],"start":1703072691022,"stop":1703072692666},{"name":"When  I enter the userName in the username edit Box","status":"passed","statusDetails":{"known":false,"muted":false,"flaky":false},"stage":"finished","steps":[],"attachments":[],"parameters":[],"start":1703072692982,"stop":1703072693332},{"name":"And  I enter the password in the password edit Box","status":"passed","statusDetails":{"known":false,"muted":false,"flaky":false},"stage":"finished","steps":[],"attachments":[],"parameters":[],"start":1703072693676,"stop":1703072694034},{"name":"And  I click the LogIn button","status":"passed","statusDetails":{"known":false,"muted":false,"flaky":false},"stage":"finished","steps":[],"attachments":[],"parameters":[],"start":1703072694322,"stop":1703072708756},{"name":"And  I click on dashBoard link","status":"passed","statusDetails":{"known":false,"muted":false,"flaky":false},"stage":"finished","steps":[],"attachments":[],"parameters":[],"start":1703072708989,"stop":1703072709046},{"name":"And  I click on newDashboard link","status":"passed","statusDetails":{"known":false,"muted":false,"flaky":false},"stage":"finished","steps":[],"attachments":[],"parameters":[],"start":1703072709307,"stop":1703072710443},{"name":"And  Enter name in new bashboard form from Excel","status":"passed","statusDetails":{"known":false,"muted":false,"flaky":false},"stage":"finished","steps":[],"attachments":[],"parameters":[],"start":1703072710736,"stop":1703072742975},{"name":"And  Enter description in the form","status":"passed","statusDetails":{"known":false,"muted":false,"flaky":false},"stage":"finished","steps":[],"attachments":[],"parameters":[],"start":1703072743137,"stop":1703072743324},{"name":"And  I click on create button","status":"passed","statusDetails":{"known":false,"muted":false,"flaky":false},"stage":"finished","steps":[],"attachments":[],"parameters":[],"start":1703072743484,"stop":1703072743546},{"name":"And  I click on accout link","status":"passed","statusDetails":{"known":false,"muted":false,"flaky":false},"stage":"finished","steps":[],"attachments":[],"parameters":[],"start":1703072743691,"stop":1703072743744},{"name":"And  I click on contacts link","status":"passed","statusDetails":{"known":false,"muted":false,"flaky":false},"stage":"finished","steps":[],"attachments":[],"parameters":[],"start":1703072744045,"stop":1703072744104},{"name":"And  I click on New button link","status":"passed","statusDetails":{"known":false,"muted":false,"flaky":false},"stage":"finished","steps":[],"attachments":[],"parameters":[],"start":1703072744436,"stop":1703072745039},{"name":"And  I click on salutation field","status":"passed","statusDetails":{"known":false,"muted":false,"flaky":false},"stage":"finished","steps":[],"attachments":[],"parameters":[],"start":1703072745299,"stop":1703072747652},{"name":"And  Enter data in firstname input field","status":"passed","statusDetails":{"known":false,"muted":false,"flaky":false},"stage":"finished","steps":[],"attachments":[],"parameters":[],"start":1703072747807,"stop":1703072747925},{"name":"And  Enter data in lastname input field","status":"passed","statusDetails":{"known":false,"muted":false,"flaky":false},"stage":"finished","steps":[],"attachments":[],"parameters":[],"start":1703072748129,"stop":1703072748396},{"name":"And  I click on account field","status":"broken","statusDetails":{"known":false,"muted":false,"flaky":false,"message":"Unable to find element with locator By.xpath: //span[@title='test account']\nFor documentation on this error, please visit: https://www.selenium.dev/documentation/webdriver/troubleshooting/errors#no-such-element-exception\nBuild info: version: '4.12.1', revision: '8e34639b11'\nSystem info: os.name: 'Windows 10', os.arch: 'amd64', os.version: '10.0', java.version: '17.0.9'\nDriver info: driver.version: RemoteWebDriver","trace":"org.openqa.selenium.NoSuchElementException: Unable to find element with locator By.xpath: //span[@title='test account']\nFor documentation on this error, please visit: https://www.selenium.dev/documentation/webdriver/troubleshooting/errors#no-such-element-exception\nBuild info: version: '4.12.1', revision: '8e34639b11'\nSystem info: os.name: 'Windows 10', os.arch: 'amd64', os.version: '10.0', java.version: '17.0.9'\nDriver info: driver.version: RemoteWebDriver\r\n\tat org.openqa.selenium.remote.ElementLocation$ElementFinder$2.findElement(ElementLocation.java:168)\r\n\tat org.openqa.selenium.remote.ElementLocation.findElement(ElementLocation.java:59)\r\n\tat org.openqa.selenium.remote.RemoteWebDriver.findElement(RemoteWebDriver.java:359)\r\n\tat org.openqa.selenium.remote.RemoteWebDriver.findElement(RemoteWebDriver.java:353)\r\n\tat org.openqa.selenium.support.pagefactory.DefaultElementLocator.findElement(DefaultElementLocator.java:68)\r\n\tat org.openqa.selenium.support.pagefactory.internal.LocatingElementHandler.invoke(LocatingElementHandler.java:38)\r\n\tat jdk.proxy2/jdk.proxy2.$Proxy32.click(Unknown Source)\r\n\tat com.poferries.freight.AutomationFramework.web.actions.LoginPageActions.clickaccountfield(LoginPageActions.java:216)\r\n\tat com.poferries.freight.AutomationFramework.web.stepDefinitions.LoginSteps.clickAcountfield(LoginSteps.java:166)\r\n\tat ✽.I click on account field(file:///C:/Users/HP/eclipse-workspace/AutomationFramework%201/AutomationFramework/src/test/resources/features/web/Login.feature:31)\r\n"},"stage":"finished","steps":[],"attachments":[],"parameters":[],"start":1703072748617,"stop":1703072780277},{"name":"And  I click on save button on new contact","status":"skipped","statusDetails":{"known":false,"muted":false,"flaky":false},"stage":"finished","steps":[],"attachments":[],"parameters":[],"start":1703072780307,"stop":1703072780309},{"name":"And  I click on profile image icon","status":"skipped","statusDetails":{"known":false,"muted":false,"flaky":false},"stage":"finished","steps":[],"attachments":[],"parameters":[],"start":1703072780309,"stop":1703072780311},{"name":"Then  Verify signOut button is displayed or not","status":"skipped","statusDetails":{"known":false,"muted":false,"flaky":false},"stage":"finished","steps":[],"attachments":[],"parameters":[],"start":1703072780312,"stop":1703072780316},{"name":"And  I click on Signout button","status":"skipped","statusDetails":{"known":false,"muted":false,"flaky":false},"stage":"finished","steps":[],"attachments":[],"parameters":[],"start":1703072780321,"stop":1703072780322}],"attachments":[],"parameters":[{"name":"userName","value":"tcsitltd41-tnbh@force.com"},{"name":"password","value":"kpk8910123@"}],"start":1703072687872,"stop":1703072780811,"uuid":"83a271f4-d70e-4388-b96d-ac08a8cfaf33","historyId":"e93147d3b49238933b302d5b5a371db0","fullName":"Signing in to Web with correct account details: LogIn and Logout with Valid Credentials","labels":[{"name":"tag","value":"Regression"},{"name":"host","value":"DESKTOP-1FGAUJ1"},{"name":"thread","value":"15076@DESKTOP-1FGAUJ1.main(1)"},{"name":"feature","value":"Signing in to Web with correct account details"},{"name":"story","value":"LogIn and Logout with Valid Credentials"},{"name":"suite","value":"Signing in to Web with correct account details"},{"name":"testClass","value":"LogIn and Logout with Valid Credentials"},{"name":"framework","value":"cucumber4jvm"},{"name":"language","value":"java"},{"name":"gherkin_uri","value":"file:///C:/Users/HP/eclipse-workspace/AutomationFramework%201/AutomationFramework/src/test/resources/features/web/Login.feature"},{"name":"package","value":"src.test.resources.features.web.Login_feature.Signing in to Web with correct account details"}],"links":[]}