<!DOCTYPE html PUBLIC "-//W3C//DTD XHTML 1.1//EN" "http://www.w3.org/TR/xhtml11/DTD/xhtml11.dtd">
<html xmlns="http://www.w3.org/1999/xhtml">
<head>
<meta http-equiv="content-type" content="text/html; charset=UTF-8"/>
<title>TestNG Report</title>
<style type="text/css">table {margin-bottom:10px;border-collapse:collapse;empty-cells:show}th,td {border:1px solid #009;padding:.25em .5em}th {vertical-align:bottom}td {vertical-align:top}table a {font-weight:bold}.stripe td {background-color: #E6EBF9}.num {text-align:right}.passedodd td {background-color: #3F3}.passedeven td {background-color: #0A0}.skippedodd td {background-color: #DDD}.skippedeven td {background-color: #CCC}.failedodd td,.attn {background-color: #F33}.failedeven td,.stripe .attn {background-color: #D00}.stacktrace {white-space:pre;font-family:monospace}.totop {font-size:85%;text-align:center;border-bottom:2px solid #000}.invisible {display:none}</style>
</head>
<body>
<table>
<tr><th>Test</th><th># Passed</th><th># Skipped</th><th># Failed</th><th>Time (ms)</th><th>Included Groups</th><th>Excluded Groups</th></tr>
<tr><th colspan="7">Suite</th></tr>
<tr><td><a href="#t0">Test1</a></td><td class="num">54</td><td class="num attn">6</td><td class="num attn">12</td><td class="num">7,189,039</td><td></td><td></td></tr>
</table>
<table id='summary'><thead><tr><th>Class</th><th>Method</th><th>Start</th><th>Time (ms)</th></tr></thead><tbody><tr><th colspan="4">Suite</th></tr></tbody><tbody id="t0"><tr><th colspan="4">Test1 &#8212; failed</th></tr><tr class="failedeven"><td rowspan="12">com.poferries.freight.AutomationFramework.web.runner.RunCukes</td><td><a href="#m0">runScenario</a></td><td rowspan="12">1590709107483</td><td rowspan="12">144953</td></tr><tr class="failedeven"><td><a href="#m1">runScenario</a></td></tr><tr class="failedeven"><td><a href="#m2">runScenario</a></td></tr><tr class="failedeven"><td><a href="#m3">runScenario</a></td></tr><tr class="failedeven"><td><a href="#m4">runScenario</a></td></tr><tr class="failedeven"><td><a href="#m5">runScenario</a></td></tr><tr class="failedeven"><td><a href="#m6">runScenario</a></td></tr><tr class="failedeven"><td><a href="#m7">runScenario</a></td></tr><tr class="failedeven"><td><a href="#m8">runScenario</a></td></tr><tr class="failedeven"><td><a href="#m9">runScenario</a></td></tr><tr class="failedeven"><td><a href="#m10">runScenario</a></td></tr><tr class="failedeven"><td><a href="#m11">runScenario</a></td></tr><tr><th colspan="4">Test1 &#8212; skipped</th></tr><tr class="skippedeven"><td rowspan="6">com.poferries.freight.AutomationFramework.web.runner.RunCukes</td><td><a href="#m12">runScenario</a></td><td rowspan="6">1590712841034</td><td rowspan="6">106454</td></tr><tr class="skippedeven"><td><a href="#m13">runScenario</a></td></tr><tr class="skippedeven"><td><a href="#m14">runScenario</a></td></tr><tr class="skippedeven"><td><a href="#m15">runScenario</a></td></tr><tr class="skippedeven"><td><a href="#m16">runScenario</a></td></tr><tr class="skippedeven"><td><a href="#m17">runScenario</a></td></tr><tr><th colspan="4">Test1 &#8212; passed</th></tr><tr class="passedeven"><td rowspan="54">com.poferries.freight.AutomationFramework.web.runner.RunCukes</td><td><a href="#m18">runScenario</a></td><td rowspan="54">1590707188833</td><td rowspan="54">84991</td></tr><tr class="passedeven"><td><a href="#m19">runScenario</a></td></tr><tr class="passedeven"><td><a href="#m20">runScenario</a></td></tr><tr class="passedeven"><td><a href="#m21">runScenario</a></td></tr><tr class="passedeven"><td><a href="#m22">runScenario</a></td></tr><tr class="passedeven"><td><a href="#m23">runScenario</a></td></tr><tr class="passedeven"><td><a href="#m24">runScenario</a></td></tr><tr class="passedeven"><td><a href="#m25">runScenario</a></td></tr><tr class="passedeven"><td><a href="#m26">runScenario</a></td></tr><tr class="passedeven"><td><a href="#m27">runScenario</a></td></tr><tr class="passedeven"><td><a href="#m28">runScenario</a></td></tr><tr class="passedeven"><td><a href="#m29">runScenario</a></td></tr><tr class="passedeven"><td><a href="#m30">runScenario</a></td></tr><tr class="passedeven"><td><a href="#m31">runScenario</a></td></tr><tr class="passedeven"><td><a href="#m32">runScenario</a></td></tr><tr class="passedeven"><td><a href="#m33">runScenario</a></td></tr><tr class="passedeven"><td><a href="#m34">runScenario</a></td></tr><tr class="passedeven"><td><a href="#m35">runScenario</a></td></tr><tr class="passedeven"><td><a href="#m36">runScenario</a></td></tr><tr class="passedeven"><td><a href="#m37">runScenario</a></td></tr><tr class="passedeven"><td><a href="#m38">runScenario</a></td></tr><tr class="passedeven"><td><a href="#m39">runScenario</a></td></tr><tr class="passedeven"><td><a href="#m40">runScenario</a></td></tr><tr class="passedeven"><td><a href="#m41">runScenario</a></td></tr><tr class="passedeven"><td><a href="#m42">runScenario</a></td></tr><tr class="passedeven"><td><a href="#m43">runScenario</a></td></tr><tr class="passedeven"><td><a href="#m44">runScenario</a></td></tr><tr class="passedeven"><td><a href="#m45">runScenario</a></td></tr><tr class="passedeven"><td><a href="#m46">runScenario</a></td></tr><tr class="passedeven"><td><a href="#m47">runScenario</a></td></tr><tr class="passedeven"><td><a href="#m48">runScenario</a></td></tr><tr class="passedeven"><td><a href="#m49">runScenario</a></td></tr><tr class="passedeven"><td><a href="#m50">runScenario</a></td></tr><tr class="passedeven"><td><a href="#m51">runScenario</a></td></tr><tr class="passedeven"><td><a href="#m52">runScenario</a></td></tr><tr class="passedeven"><td><a href="#m53">runScenario</a></td></tr><tr class="passedeven"><td><a href="#m54">runScenario</a></td></tr><tr class="passedeven"><td><a href="#m55">runScenario</a></td></tr><tr class="passedeven"><td><a href="#m56">runScenario</a></td></tr><tr class="passedeven"><td><a href="#m57">runScenario</a></td></tr><tr class="passedeven"><td><a href="#m58">runScenario</a></td></tr><tr class="passedeven"><td><a href="#m59">runScenario</a></td></tr><tr class="passedeven"><td><a href="#m60">runScenario</a></td></tr><tr class="passedeven"><td><a href="#m61">runScenario</a></td></tr><tr class="passedeven"><td><a href="#m62">runScenario</a></td></tr><tr class="passedeven"><td><a href="#m63">runScenario</a></td></tr><tr class="passedeven"><td><a href="#m64">runScenario</a></td></tr><tr class="passedeven"><td><a href="#m65">runScenario</a></td></tr><tr class="passedeven"><td><a href="#m66">runScenario</a></td></tr><tr class="passedeven"><td><a href="#m67">runScenario</a></td></tr><tr class="passedeven"><td><a href="#m68">runScenario</a></td></tr><tr class="passedeven"><td><a href="#m69">runScenario</a></td></tr><tr class="passedeven"><td><a href="#m70">runScenario</a></td></tr><tr class="passedeven"><td><a href="#m71">runScenario</a></td></tr></tbody>
</table>
<h2>Test1</h2><h3 id="m0">com.poferries.freight.AutomationFramework.web.runner.RunCukes#runScenario</h3><table class="result"><tr class="param"><th>Parameter #1</th><th>Parameter #2</th></tr><tr class="param stripe"><td>&quot;Make a booking for a prelodgement with invalid card Details and cancelling the payment&quot;</td><td>&quot;Invalid Card Details and Cancel Payment&quot;</td></tr><tr><th colspan="2">Exception</th></tr><tr><td colspan="2"><div class="stacktrace">org.openqa.selenium.InvalidSelectorException: invalid selector: Unable to locate an element with the xpath expression //*[@class=&apos;btn btn-secondary float-left&apos; because of the following error:
SyntaxError: Failed to execute &apos;evaluate&apos; on &apos;Document&apos;: The string &apos;//*[@class=&apos;btn btn-secondary float-left&apos;&apos; is not a valid XPath expression.
  (Session info: chrome=79.0.3945.79)
For documentation on this error, please visit: https://www.seleniumhq.org/exceptions/invalid_selector_exception.html
Build info: version: &apos;3.141.59&apos;, revision: &apos;e82be7d358&apos;, time: &apos;2018-11-14T08:17:03&apos;
System info: host: &apos;DESKTOP-KISPH7H&apos;, ip: &apos;192.168.0.7&apos;, os.name: &apos;Windows 10&apos;, os.arch: &apos;amd64&apos;, os.version: &apos;10.0&apos;, java.version: &apos;1.8.0_241&apos;
Driver info: org.openqa.selenium.chrome.ChromeDriver
Capabilities {acceptInsecureCerts: false, browserName: chrome, browserVersion: 79.0.3945.79, chrome: {chromedriverVersion: 79.0.3945.36 (3582db32b3389..., userDataDir: C:\Users\AKHIL\AppData\Loca...}, goog:chromeOptions: {debuggerAddress: localhost:57807}, javascriptEnabled: true, networkConnectionEnabled: false, pageLoadStrategy: normal, platform: WINDOWS, platformName: WINDOWS, proxy: Proxy(), setWindowRect: true, strictFileInteractability: false, timeouts: {implicit: 0, pageLoad: 300000, script: 30000}, unhandledPromptBehavior: dismiss and notify}
Session ID: e4c0e37740922e51a94cb9f48008772b
*** Element info: {Using=xpath, value=//*[@class=&apos;btn btn-secondary float-left&apos;}
	at org.openqa.selenium.remote.http.W3CHttpResponseCodec.createException(W3CHttpResponseCodec.java:187)
	at org.openqa.selenium.remote.http.W3CHttpResponseCodec.decode(W3CHttpResponseCodec.java:122)
	at org.openqa.selenium.remote.http.W3CHttpResponseCodec.decode(W3CHttpResponseCodec.java:49)
	at org.openqa.selenium.remote.HttpCommandExecutor.execute(HttpCommandExecutor.java:158)
	at org.openqa.selenium.remote.service.DriverCommandExecutor.execute(DriverCommandExecutor.java:83)
	at org.openqa.selenium.remote.RemoteWebDriver.execute(RemoteWebDriver.java:552)
	at org.openqa.selenium.remote.RemoteWebDriver.findElement(RemoteWebDriver.java:323)
	at org.openqa.selenium.remote.RemoteWebDriver.findElementByXPath(RemoteWebDriver.java:428)
	at org.openqa.selenium.By$ByXPath.findElement(By.java:353)
	at org.openqa.selenium.remote.RemoteWebDriver.findElement(RemoteWebDriver.java:315)
	at org.openqa.selenium.support.pagefactory.DefaultElementLocator.findElement(DefaultElementLocator.java:69)
	at org.openqa.selenium.support.pagefactory.internal.LocatingElementHandler.invoke(LocatingElementHandler.java:38)
	at com.sun.proxy.$Proxy17.click(Unknown Source)
	at com.poferries.freight.AutomationFramework.web.actions.PaymentFailurePageActions.closeSurveyPopup(PaymentFailurePageActions.java:37)
	at com.poferries.freight.AutomationFramework.web.stepDefinitions.MakeABookingSteps.i_close_the_survey_popup(MakeABookingSteps.java:1377)
	at ✽.I close the survey popup(file:src/test/resources/features/web/InvalidCardDetailsAndCancelPayment.feature:42)
... Removed 4 stack frames</div></td></tr></table><p class="totop"><a href="#summary">back to summary</a></p>
<h3 id="m1">com.poferries.freight.AutomationFramework.web.runner.RunCukes#runScenario</h3><table class="result"><tr class="param"><th>Parameter #1</th><th>Parameter #2</th></tr><tr class="param stripe"><td>&quot;Make a booking for a prelodgement&quot;</td><td>&quot;Abnormal weight width selection.&quot;</td></tr><tr><th colspan="2">Exception</th></tr><tr><td colspan="2"><div class="stacktrace">org.openqa.selenium.StaleElementReferenceException: stale element reference: element is not attached to the page document
  (Session info: chrome=79.0.3945.79)
For documentation on this error, please visit: https://www.seleniumhq.org/exceptions/stale_element_reference.html
Build info: version: &apos;3.141.59&apos;, revision: &apos;e82be7d358&apos;, time: &apos;2018-11-14T08:17:03&apos;
System info: host: &apos;DESKTOP-KISPH7H&apos;, ip: &apos;192.168.0.7&apos;, os.name: &apos;Windows 10&apos;, os.arch: &apos;amd64&apos;, os.version: &apos;10.0&apos;, java.version: &apos;1.8.0_241&apos;
Driver info: org.openqa.selenium.chrome.ChromeDriver
Capabilities {acceptInsecureCerts: false, browserName: chrome, browserVersion: 79.0.3945.79, chrome: {chromedriverVersion: 79.0.3945.36 (3582db32b3389..., userDataDir: C:\Users\AKHIL\AppData\Loca...}, goog:chromeOptions: {debuggerAddress: localhost:57032}, javascriptEnabled: true, networkConnectionEnabled: false, pageLoadStrategy: normal, platform: WINDOWS, platformName: WINDOWS, proxy: Proxy(), setWindowRect: true, strictFileInteractability: false, timeouts: {implicit: 0, pageLoad: 300000, script: 30000}, unhandledPromptBehavior: dismiss and notify}
Session ID: 896dbaa182d620c54d170964c1aa7ed6
	at org.openqa.selenium.remote.http.W3CHttpResponseCodec.createException(W3CHttpResponseCodec.java:187)
	at org.openqa.selenium.remote.http.W3CHttpResponseCodec.decode(W3CHttpResponseCodec.java:122)
	at org.openqa.selenium.remote.http.W3CHttpResponseCodec.decode(W3CHttpResponseCodec.java:49)
	at org.openqa.selenium.remote.HttpCommandExecutor.execute(HttpCommandExecutor.java:158)
	at org.openqa.selenium.remote.service.DriverCommandExecutor.execute(DriverCommandExecutor.java:83)
	at org.openqa.selenium.remote.RemoteWebDriver.execute(RemoteWebDriver.java:552)
	at org.openqa.selenium.remote.RemoteWebElement.execute(RemoteWebElement.java:285)
	at org.openqa.selenium.remote.RemoteWebElement.getAttribute(RemoteWebElement.java:134)
	at org.openqa.selenium.support.pagefactory.internal.LocatingElementHandler.invoke(LocatingElementHandler.java:51)
	at com.sun.proxy.$Proxy17.getAttribute(Unknown Source)
	at org.openqa.selenium.support.ui.ExpectedConditions$37.apply(ExpectedConditions.java:1052)
	at org.openqa.selenium.support.ui.ExpectedConditions$37.apply(ExpectedConditions.java:1047)
	at org.openqa.selenium.support.ui.FluentWait.until(FluentWait.java:249)
	at com.poferries.freight.AutomationFramework.web.actions.HomePageActions.waitForProgressbarToappear(HomePageActions.java:57)
	at com.poferries.freight.AutomationFramework.web.actions.HomePageActions.makeLengthAndLanguageSelections(HomePageActions.java:165)
	at com.poferries.freight.AutomationFramework.web.stepDefinitions.MakeABookingSteps.i_set_the_and_units(MakeABookingSteps.java:85)
	at ✽.I set the &quot;en&quot; and &quot;Metre&quot; units(file:src/test/resources/features/web/AbnormalWeightWidth.feature:19)
... Removed 7 stack frames</div></td></tr></table><p class="totop"><a href="#summary">back to summary</a></p>
<h3 id="m2">com.poferries.freight.AutomationFramework.web.runner.RunCukes#runScenario</h3><table class="result"><tr class="param"><th>Parameter #1</th><th>Parameter #2</th></tr><tr class="param stripe"><td>&quot;Make a DataDriven booking for a prelodgement&quot;</td><td>&quot;Validate the Booking process for a prelodgement&quot;</td></tr><tr><th colspan="2">Exception</th></tr><tr><td colspan="2"><div class="stacktrace">java.lang.AssertionError: expected [29-May-2020] but found [28-May-2020]
	at com.poferries.freight.AutomationFramework.web.stepDefinitions.MakeABookingSteps.i_verify_the_confirmed_Payment_Details_and(MakeABookingSteps.java:1111)
	at ✽.I verify the confirmed Payment Details &quot;dt_paymentDate&quot;,&quot;dt_paymentType&quot; and &quot;dt_paymentStatus&quot;(file:src/test/resources/features/web/MakeABookingDataDriven.feature:62)
... Removed 6 stack frames</div></td></tr></table><p class="totop"><a href="#summary">back to summary</a></p>
<h3 id="m3">com.poferries.freight.AutomationFramework.web.runner.RunCukes#runScenario</h3><table class="result"><tr class="param"><th>Parameter #1</th><th>Parameter #2</th></tr><tr class="param stripe"><td>&quot;Make a DataDriven booking for a prelodgement&quot;</td><td>&quot;Validate the Booking process for a prelodgement&quot;</td></tr><tr><th colspan="2">Exception</th></tr><tr><td colspan="2"><div class="stacktrace">java.lang.AssertionError: expected [29-May-2020] but found [28-May-2020]
	at com.poferries.freight.AutomationFramework.web.stepDefinitions.MakeABookingSteps.i_verify_the_confirmed_Payment_Details_and(MakeABookingSteps.java:1111)
	at ✽.I verify the confirmed Payment Details &quot;dt_paymentDate&quot;,&quot;dt_paymentType&quot; and &quot;dt_paymentStatus&quot;(file:src/test/resources/features/web/MakeABookingDataDriven.feature:62)
... Removed 6 stack frames</div></td></tr></table><p class="totop"><a href="#summary">back to summary</a></p>
<h3 id="m4">com.poferries.freight.AutomationFramework.web.runner.RunCukes#runScenario</h3><table class="result"><tr class="param"><th>Parameter #1</th><th>Parameter #2</th></tr><tr class="param stripe"><td>&quot;Make a booking for a prelodgement with invalid card Details and cancelling the payment&quot;</td><td>&quot;Invalid Card Details and Cancel Payment&quot;</td></tr><tr><th colspan="2">Exception</th></tr><tr><td colspan="2"><div class="stacktrace">org.openqa.selenium.InvalidSelectorException: invalid selector: Unable to locate an element with the xpath expression //*[@class=&apos;btn btn-secondary float-left&apos; because of the following error:
SyntaxError: Failed to execute &apos;evaluate&apos; on &apos;Document&apos;: The string &apos;//*[@class=&apos;btn btn-secondary float-left&apos;&apos; is not a valid XPath expression.
  (Session info: chrome=79.0.3945.79)
For documentation on this error, please visit: https://www.seleniumhq.org/exceptions/invalid_selector_exception.html
Build info: version: &apos;3.141.59&apos;, revision: &apos;e82be7d358&apos;, time: &apos;2018-11-14T08:17:03&apos;
System info: host: &apos;DESKTOP-KISPH7H&apos;, ip: &apos;192.168.0.7&apos;, os.name: &apos;Windows 10&apos;, os.arch: &apos;amd64&apos;, os.version: &apos;10.0&apos;, java.version: &apos;1.8.0_241&apos;
Driver info: org.openqa.selenium.chrome.ChromeDriver
Capabilities {acceptInsecureCerts: false, browserName: chrome, browserVersion: 79.0.3945.79, chrome: {chromedriverVersion: 79.0.3945.36 (3582db32b3389..., userDataDir: C:\Users\AKHIL\AppData\Loca...}, goog:chromeOptions: {debuggerAddress: localhost:57867}, javascriptEnabled: true, networkConnectionEnabled: false, pageLoadStrategy: normal, platform: WINDOWS, platformName: WINDOWS, proxy: Proxy(), setWindowRect: true, strictFileInteractability: false, timeouts: {implicit: 0, pageLoad: 300000, script: 30000}, unhandledPromptBehavior: dismiss and notify}
Session ID: 5e3390ca785df81b66ef53e44414cd11
*** Element info: {Using=xpath, value=//*[@class=&apos;btn btn-secondary float-left&apos;}
	at org.openqa.selenium.remote.http.W3CHttpResponseCodec.createException(W3CHttpResponseCodec.java:187)
	at org.openqa.selenium.remote.http.W3CHttpResponseCodec.decode(W3CHttpResponseCodec.java:122)
	at org.openqa.selenium.remote.http.W3CHttpResponseCodec.decode(W3CHttpResponseCodec.java:49)
	at org.openqa.selenium.remote.HttpCommandExecutor.execute(HttpCommandExecutor.java:158)
	at org.openqa.selenium.remote.service.DriverCommandExecutor.execute(DriverCommandExecutor.java:83)
	at org.openqa.selenium.remote.RemoteWebDriver.execute(RemoteWebDriver.java:552)
	at org.openqa.selenium.remote.RemoteWebDriver.findElement(RemoteWebDriver.java:323)
	at org.openqa.selenium.remote.RemoteWebDriver.findElementByXPath(RemoteWebDriver.java:428)
	at org.openqa.selenium.By$ByXPath.findElement(By.java:353)
	at org.openqa.selenium.remote.RemoteWebDriver.findElement(RemoteWebDriver.java:315)
	at org.openqa.selenium.support.pagefactory.DefaultElementLocator.findElement(DefaultElementLocator.java:69)
	at org.openqa.selenium.support.pagefactory.internal.LocatingElementHandler.invoke(LocatingElementHandler.java:38)
	at com.sun.proxy.$Proxy17.click(Unknown Source)
	at com.poferries.freight.AutomationFramework.web.actions.PaymentFailurePageActions.closeSurveyPopup(PaymentFailurePageActions.java:37)
	at com.poferries.freight.AutomationFramework.web.stepDefinitions.MakeABookingSteps.i_close_the_survey_popup(MakeABookingSteps.java:1377)
	at ✽.I close the survey popup(file:src/test/resources/features/web/InvalidCardDetailsAndCancelPayment.feature:42)
... Removed 4 stack frames</div></td></tr></table><p class="totop"><a href="#summary">back to summary</a></p>
<h3 id="m5">com.poferries.freight.AutomationFramework.web.runner.RunCukes#runScenario</h3><table class="result"><tr class="param"><th>Parameter #1</th><th>Parameter #2</th></tr><tr class="param stripe"><td>&quot;Make a DataDriven booking for a prelodgement&quot;</td><td>&quot;Validate the Booking process for a prelodgement&quot;</td></tr><tr><th colspan="2">Exception</th></tr><tr><td colspan="2"><div class="stacktrace">java.lang.AssertionError: expected [29-May-2020] but found [28-May-2020]
	at com.poferries.freight.AutomationFramework.web.stepDefinitions.MakeABookingSteps.i_verify_the_confirmed_Payment_Details_and(MakeABookingSteps.java:1111)
	at ✽.I verify the confirmed Payment Details &quot;dt_paymentDate&quot;,&quot;dt_paymentType&quot; and &quot;dt_paymentStatus&quot;(file:src/test/resources/features/web/MakeABookingDataDriven.feature:62)
... Removed 6 stack frames</div></td></tr></table><p class="totop"><a href="#summary">back to summary</a></p>
<h3 id="m6">com.poferries.freight.AutomationFramework.web.runner.RunCukes#runScenario</h3><table class="result"><tr class="param"><th>Parameter #1</th><th>Parameter #2</th></tr><tr class="param stripe"><td>&quot;Make a DataDriven booking for a prelodgement&quot;</td><td>&quot;Validate the Booking process for a prelodgement&quot;</td></tr><tr><th colspan="2">Exception</th></tr><tr><td colspan="2"><div class="stacktrace">java.lang.AssertionError: expected [29-May-2020] but found [28-May-2020]
	at com.poferries.freight.AutomationFramework.web.stepDefinitions.MakeABookingSteps.i_verify_the_confirmed_Payment_Details_and(MakeABookingSteps.java:1111)
	at ✽.I verify the confirmed Payment Details &quot;dt_paymentDate&quot;,&quot;dt_paymentType&quot; and &quot;dt_paymentStatus&quot;(file:src/test/resources/features/web/MakeABookingDataDriven.feature:62)
... Removed 6 stack frames</div></td></tr></table><p class="totop"><a href="#summary">back to summary</a></p>
<h3 id="m7">com.poferries.freight.AutomationFramework.web.runner.RunCukes#runScenario</h3><table class="result"><tr class="param"><th>Parameter #1</th><th>Parameter #2</th></tr><tr class="param stripe"><td>&quot;Change password Successfully&quot;</td><td>&quot;Change password functionality&quot;</td></tr><tr><th colspan="2">Exception</th></tr><tr><td colspan="2"><div class="stacktrace">org.openqa.selenium.NoSuchElementException: no such element: Unable to locate element: {&quot;method&quot;:&quot;link text&quot;,&quot;selector&quot;:&quot;Logout&quot;}
  (Session info: chrome=79.0.3945.79)
For documentation on this error, please visit: https://www.seleniumhq.org/exceptions/no_such_element.html
Build info: version: &apos;3.141.59&apos;, revision: &apos;e82be7d358&apos;, time: &apos;2018-11-14T08:17:03&apos;
System info: host: &apos;DESKTOP-KISPH7H&apos;, ip: &apos;192.168.0.7&apos;, os.name: &apos;Windows 10&apos;, os.arch: &apos;amd64&apos;, os.version: &apos;10.0&apos;, java.version: &apos;1.8.0_241&apos;
Driver info: org.openqa.selenium.chrome.ChromeDriver
Capabilities {acceptInsecureCerts: false, browserName: chrome, browserVersion: 79.0.3945.79, chrome: {chromedriverVersion: 79.0.3945.36 (3582db32b3389..., userDataDir: C:\Users\AKHIL\AppData\Loca...}, goog:chromeOptions: {debuggerAddress: localhost:57340}, javascriptEnabled: true, networkConnectionEnabled: false, pageLoadStrategy: normal, platform: WINDOWS, platformName: WINDOWS, proxy: Proxy(), setWindowRect: true, strictFileInteractability: false, timeouts: {implicit: 0, pageLoad: 300000, script: 30000}, unhandledPromptBehavior: dismiss and notify}
Session ID: 55c27ec3539c00b06a5d1b05806160d8
*** Element info: {Using=link text, value=Logout}
	at org.openqa.selenium.remote.http.W3CHttpResponseCodec.createException(W3CHttpResponseCodec.java:187)
	at org.openqa.selenium.remote.http.W3CHttpResponseCodec.decode(W3CHttpResponseCodec.java:122)
	at org.openqa.selenium.remote.http.W3CHttpResponseCodec.decode(W3CHttpResponseCodec.java:49)
	at org.openqa.selenium.remote.HttpCommandExecutor.execute(HttpCommandExecutor.java:158)
	at org.openqa.selenium.remote.service.DriverCommandExecutor.execute(DriverCommandExecutor.java:83)
	at org.openqa.selenium.remote.RemoteWebDriver.execute(RemoteWebDriver.java:552)
	at org.openqa.selenium.remote.RemoteWebDriver.findElement(RemoteWebDriver.java:323)
	at org.openqa.selenium.remote.RemoteWebDriver.findElementByLinkText(RemoteWebDriver.java:380)
	at org.openqa.selenium.By$ByLinkText.findElement(By.java:220)
	at org.openqa.selenium.remote.RemoteWebDriver.findElement(RemoteWebDriver.java:315)
	at org.openqa.selenium.support.pagefactory.DefaultElementLocator.findElement(DefaultElementLocator.java:69)
	at org.openqa.selenium.support.pagefactory.internal.LocatingElementHandler.invoke(LocatingElementHandler.java:38)
	at com.sun.proxy.$Proxy17.click(Unknown Source)
	at com.poferries.freight.AutomationFramework.web.actions.HomePageActions.clickLogOut(HomePageActions.java:31)
	at com.poferries.freight.AutomationFramework.web.stepDefinitions.LoginSteps.i_click_the_LogOut_Link(LoginSteps.java:67)
	at ✽.I click the LogOut Link(file:src/test/resources/features/web/ChangePassword.feature:44)
... Removed 4 stack frames</div></td></tr></table><p class="totop"><a href="#summary">back to summary</a></p>
<h3 id="m8">com.poferries.freight.AutomationFramework.web.runner.RunCukes#runScenario</h3><table class="result"><tr class="param"><th>Parameter #1</th><th>Parameter #2</th></tr><tr class="param stripe"><td>&quot;Make a DataDriven booking for a prelodgement&quot;</td><td>&quot;Validate the Booking process for a prelodgement&quot;</td></tr><tr><th colspan="2">Exception</th></tr><tr><td colspan="2"><div class="stacktrace">org.openqa.selenium.StaleElementReferenceException: stale element reference: element is not attached to the page document
  (Session info: chrome=79.0.3945.79)
For documentation on this error, please visit: https://www.seleniumhq.org/exceptions/stale_element_reference.html
Build info: version: &apos;3.141.59&apos;, revision: &apos;e82be7d358&apos;, time: &apos;2018-11-14T08:17:03&apos;
System info: host: &apos;DESKTOP-KISPH7H&apos;, ip: &apos;192.168.0.7&apos;, os.name: &apos;Windows 10&apos;, os.arch: &apos;amd64&apos;, os.version: &apos;10.0&apos;, java.version: &apos;1.8.0_241&apos;
Driver info: org.openqa.selenium.chrome.ChromeDriver
Capabilities {acceptInsecureCerts: false, browserName: chrome, browserVersion: 79.0.3945.79, chrome: {chromedriverVersion: 79.0.3945.36 (3582db32b3389..., userDataDir: C:\Users\AKHIL\AppData\Loca...}, goog:chromeOptions: {debuggerAddress: localhost:58947}, javascriptEnabled: true, networkConnectionEnabled: false, pageLoadStrategy: normal, platform: WINDOWS, platformName: WINDOWS, proxy: Proxy(), setWindowRect: true, strictFileInteractability: false, timeouts: {implicit: 0, pageLoad: 300000, script: 30000}, unhandledPromptBehavior: dismiss and notify}
Session ID: a46eb993f0a6f6044eb2e8c2126739cf
	at org.openqa.selenium.remote.http.W3CHttpResponseCodec.createException(W3CHttpResponseCodec.java:187)
	at org.openqa.selenium.remote.http.W3CHttpResponseCodec.decode(W3CHttpResponseCodec.java:122)
	at org.openqa.selenium.remote.http.W3CHttpResponseCodec.decode(W3CHttpResponseCodec.java:49)
	at org.openqa.selenium.remote.HttpCommandExecutor.execute(HttpCommandExecutor.java:158)
	at org.openqa.selenium.remote.service.DriverCommandExecutor.execute(DriverCommandExecutor.java:83)
	at org.openqa.selenium.remote.RemoteWebDriver.execute(RemoteWebDriver.java:552)
	at org.openqa.selenium.remote.RemoteWebElement.execute(RemoteWebElement.java:285)
	at org.openqa.selenium.remote.RemoteWebElement.getAttribute(RemoteWebElement.java:134)
	at org.openqa.selenium.support.pagefactory.internal.LocatingElementHandler.invoke(LocatingElementHandler.java:51)
	at com.sun.proxy.$Proxy17.getAttribute(Unknown Source)
	at org.openqa.selenium.support.ui.ExpectedConditions$37.apply(ExpectedConditions.java:1052)
	at org.openqa.selenium.support.ui.ExpectedConditions$37.apply(ExpectedConditions.java:1047)
	at org.openqa.selenium.support.ui.FluentWait.until(FluentWait.java:249)
	at com.poferries.freight.AutomationFramework.web.actions.HomePageActions.waitForProgressbarToappear(HomePageActions.java:57)
	at com.poferries.freight.AutomationFramework.web.actions.HomePageActions.makeLengthAndLanguageSelections(HomePageActions.java:141)
	at com.poferries.freight.AutomationFramework.web.stepDefinitions.MakeABookingSteps.i_set_the_and_units_and(MakeABookingSteps.java:118)
	at ✽.I set the &quot;dt_language&quot; and &quot;dt_lengthUnit&quot; units and &quot;125&quot;(file:src/test/resources/features/web/MakeABookingDataDriven.feature:25)
... Removed 7 stack frames</div></td></tr></table><p class="totop"><a href="#summary">back to summary</a></p>
<h3 id="m9">com.poferries.freight.AutomationFramework.web.runner.RunCukes#runScenario</h3><table class="result"><tr class="param"><th>Parameter #1</th><th>Parameter #2</th></tr><tr class="param stripe"><td>&quot;Make a DataDriven booking for a prelodgement&quot;</td><td>&quot;Validate the Booking process for a prelodgement&quot;</td></tr><tr><th colspan="2">Exception</th></tr><tr><td colspan="2"><div class="stacktrace">java.lang.AssertionError: expected [29-May-2020] but found [28-May-2020]
	at com.poferries.freight.AutomationFramework.web.stepDefinitions.MakeABookingSteps.i_verify_the_confirmed_Payment_Details_and(MakeABookingSteps.java:1111)
	at ✽.I verify the confirmed Payment Details &quot;dt_paymentDate&quot;,&quot;dt_paymentType&quot; and &quot;dt_paymentStatus&quot;(file:src/test/resources/features/web/MakeABookingDataDriven.feature:62)
... Removed 6 stack frames</div></td></tr></table><p class="totop"><a href="#summary">back to summary</a></p>
<h3 id="m10">com.poferries.freight.AutomationFramework.web.runner.RunCukes#runScenario</h3><table class="result"><tr class="param"><th>Parameter #1</th><th>Parameter #2</th></tr><tr class="param stripe"><td>&quot;Make a DataDriven booking for a prelodgement&quot;</td><td>&quot;Validate the Booking process for a prelodgement&quot;</td></tr><tr><th colspan="2">Exception</th></tr><tr><td colspan="2"><div class="stacktrace">java.lang.AssertionError: expected [29-May-2020] but found [28-May-2020]
	at com.poferries.freight.AutomationFramework.web.stepDefinitions.MakeABookingSteps.i_verify_the_confirmed_Payment_Details_and(MakeABookingSteps.java:1111)
	at ✽.I verify the confirmed Payment Details &quot;dt_paymentDate&quot;,&quot;dt_paymentType&quot; and &quot;dt_paymentStatus&quot;(file:src/test/resources/features/web/MakeABookingDataDriven.feature:62)
... Removed 6 stack frames</div></td></tr></table><p class="totop"><a href="#summary">back to summary</a></p>
<h3 id="m11">com.poferries.freight.AutomationFramework.web.runner.RunCukes#runScenario</h3><table class="result"><tr class="param"><th>Parameter #1</th><th>Parameter #2</th></tr><tr class="param stripe"><td>&quot;Make a DataDriven booking for a prelodgement&quot;</td><td>&quot;Validate the Booking process for a prelodgement&quot;</td></tr><tr><th colspan="2">Exception</th></tr><tr><td colspan="2"><div class="stacktrace">java.lang.AssertionError: expected [29-May-2020] but found [28-May-2020]
	at com.poferries.freight.AutomationFramework.web.stepDefinitions.MakeABookingSteps.i_verify_the_confirmed_Payment_Details_and(MakeABookingSteps.java:1111)
	at ✽.I verify the confirmed Payment Details &quot;dt_paymentDate&quot;,&quot;dt_paymentType&quot; and &quot;dt_paymentStatus&quot;(file:src/test/resources/features/web/MakeABookingDataDriven.feature:62)
... Removed 6 stack frames</div></td></tr></table><p class="totop"><a href="#summary">back to summary</a></p>
<h3 id="m12">com.poferries.freight.AutomationFramework.web.runner.RunCukes#runScenario</h3><table class="result"><tr class="param"><th>Parameter #1</th><th>Parameter #2</th></tr><tr class="param stripe"><td>&quot;Make a booking for a prelodgement&quot;</td><td>&quot;Validate the Booking process for a prelodgement for multiple languages&quot;</td></tr><tr><th colspan="2">Exception</th></tr><tr><td colspan="2"><div class="stacktrace">org.testng.SkipException: There are undefined steps
	at cucumber.api.testng.TestCaseResultListener.getError(TestCaseResultListener.java:60)
	at cucumber.api.testng.TestNGCucumberRunner.runScenario(TestNGCucumberRunner.java:61)
	at cucumber.api.testng.AbstractTestNGCucumberTests.runScenario(AbstractTestNGCucumberTests.java:22)
... Removed 28 stack frames</div></td></tr></table><p class="totop"><a href="#summary">back to summary</a></p>
<h3 id="m13">com.poferries.freight.AutomationFramework.web.runner.RunCukes#runScenario</h3><table class="result"><tr class="param"><th>Parameter #1</th><th>Parameter #2</th></tr><tr class="param stripe"><td>&quot;Make a booking for a prelodgement&quot;</td><td>&quot;Validate the Booking process for a prelodgement for multiple languages&quot;</td></tr><tr><th colspan="2">Exception</th></tr><tr><td colspan="2"><div class="stacktrace">org.testng.SkipException: There are undefined steps
	at cucumber.api.testng.TestCaseResultListener.getError(TestCaseResultListener.java:60)
	at cucumber.api.testng.TestNGCucumberRunner.runScenario(TestNGCucumberRunner.java:61)
	at cucumber.api.testng.AbstractTestNGCucumberTests.runScenario(AbstractTestNGCucumberTests.java:22)
... Removed 28 stack frames</div></td></tr></table><p class="totop"><a href="#summary">back to summary</a></p>
<h3 id="m14">com.poferries.freight.AutomationFramework.web.runner.RunCukes#runScenario</h3><table class="result"><tr class="param"><th>Parameter #1</th><th>Parameter #2</th></tr><tr class="param stripe"><td>&quot;Make a booking for a prelodgement&quot;</td><td>&quot;Validate the Booking process for a prelodgement for multiple languages&quot;</td></tr><tr><th colspan="2">Exception</th></tr><tr><td colspan="2"><div class="stacktrace">org.testng.SkipException: There are undefined steps
	at cucumber.api.testng.TestCaseResultListener.getError(TestCaseResultListener.java:60)
	at cucumber.api.testng.TestNGCucumberRunner.runScenario(TestNGCucumberRunner.java:61)
	at cucumber.api.testng.AbstractTestNGCucumberTests.runScenario(AbstractTestNGCucumberTests.java:22)
... Removed 28 stack frames</div></td></tr></table><p class="totop"><a href="#summary">back to summary</a></p>
<h3 id="m15">com.poferries.freight.AutomationFramework.web.runner.RunCukes#runScenario</h3><table class="result"><tr class="param"><th>Parameter #1</th><th>Parameter #2</th></tr><tr class="param stripe"><td>&quot;Make a booking for a prelodgement&quot;</td><td>&quot;Validate the Booking process for a prelodgement for multiple languages&quot;</td></tr><tr><th colspan="2">Exception</th></tr><tr><td colspan="2"><div class="stacktrace">org.testng.SkipException: There are undefined steps
	at cucumber.api.testng.TestCaseResultListener.getError(TestCaseResultListener.java:60)
	at cucumber.api.testng.TestNGCucumberRunner.runScenario(TestNGCucumberRunner.java:61)
	at cucumber.api.testng.AbstractTestNGCucumberTests.runScenario(AbstractTestNGCucumberTests.java:22)
... Removed 28 stack frames</div></td></tr></table><p class="totop"><a href="#summary">back to summary</a></p>
<h3 id="m16">com.poferries.freight.AutomationFramework.web.runner.RunCukes#runScenario</h3><table class="result"><tr class="param"><th>Parameter #1</th><th>Parameter #2</th></tr><tr class="param stripe"><td>&quot;Make a booking for a prelodgement&quot;</td><td>&quot;Validate the Booking process for a prelodgement for multiple languages&quot;</td></tr><tr><th colspan="2">Exception</th></tr><tr><td colspan="2"><div class="stacktrace">org.testng.SkipException: There are undefined steps
	at cucumber.api.testng.TestCaseResultListener.getError(TestCaseResultListener.java:60)
	at cucumber.api.testng.TestNGCucumberRunner.runScenario(TestNGCucumberRunner.java:61)
	at cucumber.api.testng.AbstractTestNGCucumberTests.runScenario(AbstractTestNGCucumberTests.java:22)
... Removed 28 stack frames</div></td></tr></table><p class="totop"><a href="#summary">back to summary</a></p>
<h3 id="m17">com.poferries.freight.AutomationFramework.web.runner.RunCukes#runScenario</h3><table class="result"><tr class="param"><th>Parameter #1</th><th>Parameter #2</th></tr><tr class="param stripe"><td>&quot;Make a booking for a prelodgement&quot;</td><td>&quot;Validate the Booking process for a prelodgement for multiple languages&quot;</td></tr><tr><th colspan="2">Exception</th></tr><tr><td colspan="2"><div class="stacktrace">org.testng.SkipException: There are undefined steps
	at cucumber.api.testng.TestCaseResultListener.getError(TestCaseResultListener.java:60)
	at cucumber.api.testng.TestNGCucumberRunner.runScenario(TestNGCucumberRunner.java:61)
	at cucumber.api.testng.AbstractTestNGCucumberTests.runScenario(AbstractTestNGCucumberTests.java:22)
... Removed 28 stack frames</div></td></tr></table><p class="totop"><a href="#summary">back to summary</a></p>
<h3 id="m18">com.poferries.freight.AutomationFramework.web.runner.RunCukes#runScenario</h3><table class="result"><tr class="param"><th>Parameter #1</th><th>Parameter #2</th></tr><tr class="param stripe"><td>&quot;Make a booking for a prelodgement&quot;</td><td>&quot;Abnormal weight width selection.&quot;</td></tr></table><p class="totop"><a href="#summary">back to summary</a></p>
<h3 id="m19">com.poferries.freight.AutomationFramework.web.runner.RunCukes#runScenario</h3><table class="result"><tr class="param"><th>Parameter #1</th><th>Parameter #2</th></tr><tr class="param stripe"><td>&quot;Make a booking for a prelodgement&quot;</td><td>&quot;Dangerous goods and Pets selection&quot;</td></tr></table><p class="totop"><a href="#summary">back to summary</a></p>
<h3 id="m20">com.poferries.freight.AutomationFramework.web.runner.RunCukes#runScenario</h3><table class="result"><tr class="param"><th>Parameter #1</th><th>Parameter #2</th></tr><tr class="param stripe"><td>&quot;Make a DataDriven booking for a prelodgement&quot;</td><td>&quot;Validate the Booking process for a prelodgement&quot;</td></tr></table><p class="totop"><a href="#summary">back to summary</a></p>
<h3 id="m21">com.poferries.freight.AutomationFramework.web.runner.RunCukes#runScenario</h3><table class="result"><tr class="param"><th>Parameter #1</th><th>Parameter #2</th></tr><tr class="param stripe"><td>&quot;LogIn with InValid Credentials&quot;</td><td>&quot;Signing in to Web with correct account details&quot;</td></tr></table><p class="totop"><a href="#summary">back to summary</a></p>
<h3 id="m22">com.poferries.freight.AutomationFramework.web.runner.RunCukes#runScenario</h3><table class="result"><tr class="param"><th>Parameter #1</th><th>Parameter #2</th></tr><tr class="param stripe"><td>&quot;Make a booking for a prelodgement&quot;</td><td>&quot;Abnormal weight width selection.&quot;</td></tr></table><p class="totop"><a href="#summary">back to summary</a></p>
<h3 id="m23">com.poferries.freight.AutomationFramework.web.runner.RunCukes#runScenario</h3><table class="result"><tr class="param"><th>Parameter #1</th><th>Parameter #2</th></tr><tr class="param stripe"><td>&quot;Verify error messages when invalid data is entered&quot;</td><td>&quot;Verify address has been changed from profile Page&quot;</td></tr></table><p class="totop"><a href="#summary">back to summary</a></p>
<h3 id="m24">com.poferries.freight.AutomationFramework.web.runner.RunCukes#runScenario</h3><table class="result"><tr class="param"><th>Parameter #1</th><th>Parameter #2</th></tr><tr class="param stripe"><td>&quot;Make a DataDriven booking for a prelodgement&quot;</td><td>&quot;Validate the Booking process for a prelodgement&quot;</td></tr></table><p class="totop"><a href="#summary">back to summary</a></p>
<h3 id="m25">com.poferries.freight.AutomationFramework.web.runner.RunCukes#runScenario</h3><table class="result"><tr class="param"><th>Parameter #1</th><th>Parameter #2</th></tr><tr class="param stripe"><td>&quot;Make a DataDriven booking for a prelodgement&quot;</td><td>&quot;Validate the Booking process for a prelodgement&quot;</td></tr></table><p class="totop"><a href="#summary">back to summary</a></p>
<h3 id="m26">com.poferries.freight.AutomationFramework.web.runner.RunCukes#runScenario</h3><table class="result"><tr class="param"><th>Parameter #1</th><th>Parameter #2</th></tr><tr class="param stripe"><td>&quot;Make a DataDriven booking for a prelodgement&quot;</td><td>&quot;Validate the Booking process for a prelodgement&quot;</td></tr></table><p class="totop"><a href="#summary">back to summary</a></p>
<h3 id="m27">com.poferries.freight.AutomationFramework.web.runner.RunCukes#runScenario</h3><table class="result"><tr class="param"><th>Parameter #1</th><th>Parameter #2</th></tr><tr class="param stripe"><td>&quot;Make a DataDriven booking for a prelodgement&quot;</td><td>&quot;Validate the Booking process for a prelodgement&quot;</td></tr></table><p class="totop"><a href="#summary">back to summary</a></p>
<h3 id="m28">com.poferries.freight.AutomationFramework.web.runner.RunCukes#runScenario</h3><table class="result"><tr class="param"><th>Parameter #1</th><th>Parameter #2</th></tr><tr class="param stripe"><td>&quot;Verify error messages when invalid data is entered&quot;</td><td>&quot;Verify Profile Page field validations&quot;</td></tr></table><p class="totop"><a href="#summary">back to summary</a></p>
<h3 id="m29">com.poferries.freight.AutomationFramework.web.runner.RunCukes#runScenario</h3><table class="result"><tr class="param"><th>Parameter #1</th><th>Parameter #2</th></tr><tr class="param stripe"><td>&quot;Make a DataDriven booking for a prelodgement&quot;</td><td>&quot;Validate the Booking process for a prelodgement&quot;</td></tr></table><p class="totop"><a href="#summary">back to summary</a></p>
<h3 id="m30">com.poferries.freight.AutomationFramework.web.runner.RunCukes#runScenario</h3><table class="result"><tr class="param"><th>Parameter #1</th><th>Parameter #2</th></tr><tr class="param stripe"><td>&quot;Verify wheather profile changes have been updated&quot;</td><td>&quot;Verify Profile Page field validations&quot;</td></tr></table><p class="totop"><a href="#summary">back to summary</a></p>
<h3 id="m31">com.poferries.freight.AutomationFramework.web.runner.RunCukes#runScenario</h3><table class="result"><tr class="param"><th>Parameter #1</th><th>Parameter #2</th></tr><tr class="param stripe"><td>&quot;Make a DataDriven booking for a prelodgement&quot;</td><td>&quot;Validate the Booking process for a prelodgement&quot;</td></tr></table><p class="totop"><a href="#summary">back to summary</a></p>
<h3 id="m32">com.poferries.freight.AutomationFramework.web.runner.RunCukes#runScenario</h3><table class="result"><tr class="param"><th>Parameter #1</th><th>Parameter #2</th></tr><tr class="param stripe"><td>&quot;Make a booking for a prelodgement&quot;</td><td>&quot;Dangerous goods and Pets selection&quot;</td></tr></table><p class="totop"><a href="#summary">back to summary</a></p>
<h3 id="m33">com.poferries.freight.AutomationFramework.web.runner.RunCukes#runScenario</h3><table class="result"><tr class="param"><th>Parameter #1</th><th>Parameter #2</th></tr><tr class="param stripe"><td>&quot;Make a DataDriven booking for a prelodgement&quot;</td><td>&quot;Validate the Booking process for a prelodgement&quot;</td></tr></table><p class="totop"><a href="#summary">back to summary</a></p>
<h3 id="m34">com.poferries.freight.AutomationFramework.web.runner.RunCukes#runScenario</h3><table class="result"><tr class="param"><th>Parameter #1</th><th>Parameter #2</th></tr><tr class="param stripe"><td>&quot;Click Update password with Blank fields&quot;</td><td>&quot;Change password functionality&quot;</td></tr></table><p class="totop"><a href="#summary">back to summary</a></p>
<h3 id="m35">com.poferries.freight.AutomationFramework.web.runner.RunCukes#runScenario</h3><table class="result"><tr class="param"><th>Parameter #1</th><th>Parameter #2</th></tr><tr class="param stripe"><td>&quot;Verify error messages when invalid data is entered&quot;</td><td>&quot;Verify Profile Page field validations&quot;</td></tr></table><p class="totop"><a href="#summary">back to summary</a></p>
<h3 id="m36">com.poferries.freight.AutomationFramework.web.runner.RunCukes#runScenario</h3><table class="result"><tr class="param"><th>Parameter #1</th><th>Parameter #2</th></tr><tr class="param stripe"><td>&quot;Amend Booking&quot;</td><td>&quot;Vehicle Registration Field&quot;</td></tr></table><p class="totop"><a href="#summary">back to summary</a></p>
<h3 id="m37">com.poferries.freight.AutomationFramework.web.runner.RunCukes#runScenario</h3><table class="result"><tr class="param"><th>Parameter #1</th><th>Parameter #2</th></tr><tr class="param stripe"><td>&quot;Click Update password with Blank fields&quot;</td><td>&quot;Change password functionality&quot;</td></tr></table><p class="totop"><a href="#summary">back to summary</a></p>
<h3 id="m38">com.poferries.freight.AutomationFramework.web.runner.RunCukes#runScenario</h3><table class="result"><tr class="param"><th>Parameter #1</th><th>Parameter #2</th></tr><tr class="param stripe"><td>&quot;Make a DataDriven booking for a prelodgement&quot;</td><td>&quot;Validate the Booking process for a prelodgement&quot;</td></tr></table><p class="totop"><a href="#summary">back to summary</a></p>
<h3 id="m39">com.poferries.freight.AutomationFramework.web.runner.RunCukes#runScenario</h3><table class="result"><tr class="param"><th>Parameter #1</th><th>Parameter #2</th></tr><tr class="param stripe"><td>&quot;Make a DataDriven booking for a prelodgement&quot;</td><td>&quot;Validate the Booking process for a prelodgement&quot;</td></tr></table><p class="totop"><a href="#summary">back to summary</a></p>
<h3 id="m40">com.poferries.freight.AutomationFramework.web.runner.RunCukes#runScenario</h3><table class="result"><tr class="param"><th>Parameter #1</th><th>Parameter #2</th></tr><tr class="param stripe"><td>&quot;Click Update password with Invalid Details&quot;</td><td>&quot;Change password functionality&quot;</td></tr></table><p class="totop"><a href="#summary">back to summary</a></p>
<h3 id="m41">com.poferries.freight.AutomationFramework.web.runner.RunCukes#runScenario</h3><table class="result"><tr class="param"><th>Parameter #1</th><th>Parameter #2</th></tr><tr class="param stripe"><td>&quot;Make a DataDriven booking for a prelodgement&quot;</td><td>&quot;Validate the Booking process for a prelodgement&quot;</td></tr></table><p class="totop"><a href="#summary">back to summary</a></p>
<h3 id="m42">com.poferries.freight.AutomationFramework.web.runner.RunCukes#runScenario</h3><table class="result"><tr class="param"><th>Parameter #1</th><th>Parameter #2</th></tr><tr class="param stripe"><td>&quot;Click Update password with Blank fields&quot;</td><td>&quot;Change password functionality&quot;</td></tr></table><p class="totop"><a href="#summary">back to summary</a></p>
<h3 id="m43">com.poferries.freight.AutomationFramework.web.runner.RunCukes#runScenario</h3><table class="result"><tr class="param"><th>Parameter #1</th><th>Parameter #2</th></tr><tr class="param stripe"><td>&quot;Make a DataDriven booking for a prelodgement&quot;</td><td>&quot;Validate the Booking process for a prelodgement&quot;</td></tr></table><p class="totop"><a href="#summary">back to summary</a></p>
<h3 id="m44">com.poferries.freight.AutomationFramework.web.runner.RunCukes#runScenario</h3><table class="result"><tr class="param"><th>Parameter #1</th><th>Parameter #2</th></tr><tr class="param stripe"><td>&quot;Click Update password with Blank fields&quot;</td><td>&quot;Change password functionality&quot;</td></tr></table><p class="totop"><a href="#summary">back to summary</a></p>
<h3 id="m45">com.poferries.freight.AutomationFramework.web.runner.RunCukes#runScenario</h3><table class="result"><tr class="param"><th>Parameter #1</th><th>Parameter #2</th></tr><tr class="param stripe"><td>&quot;Amend Booking&quot;</td><td>&quot;Vehicle Registration Field&quot;</td></tr></table><p class="totop"><a href="#summary">back to summary</a></p>
<h3 id="m46">com.poferries.freight.AutomationFramework.web.runner.RunCukes#runScenario</h3><table class="result"><tr class="param"><th>Parameter #1</th><th>Parameter #2</th></tr><tr class="param stripe"><td>&quot;Make a booking for a prelodgement&quot;</td><td>&quot;Dangerous goods and Pets selection&quot;</td></tr></table><p class="totop"><a href="#summary">back to summary</a></p>
<h3 id="m47">com.poferries.freight.AutomationFramework.web.runner.RunCukes#runScenario</h3><table class="result"><tr class="param"><th>Parameter #1</th><th>Parameter #2</th></tr><tr class="param stripe"><td>&quot;Make a DataDriven booking for a prelodgement&quot;</td><td>&quot;Validate the Booking process for a prelodgement&quot;</td></tr></table><p class="totop"><a href="#summary">back to summary</a></p>
<h3 id="m48">com.poferries.freight.AutomationFramework.web.runner.RunCukes#runScenario</h3><table class="result"><tr class="param"><th>Parameter #1</th><th>Parameter #2</th></tr><tr class="param stripe"><td>&quot;Make a DataDriven booking for a prelodgement&quot;</td><td>&quot;Validate the Booking process for a prelodgement&quot;</td></tr></table><p class="totop"><a href="#summary">back to summary</a></p>
<h3 id="m49">com.poferries.freight.AutomationFramework.web.runner.RunCukes#runScenario</h3><table class="result"><tr class="param"><th>Parameter #1</th><th>Parameter #2</th></tr><tr class="param stripe"><td>&quot;Make a DataDriven booking for a prelodgement&quot;</td><td>&quot;Validate the Booking process for a prelodgement&quot;</td></tr></table><p class="totop"><a href="#summary">back to summary</a></p>
<h3 id="m50">com.poferries.freight.AutomationFramework.web.runner.RunCukes#runScenario</h3><table class="result"><tr class="param"><th>Parameter #1</th><th>Parameter #2</th></tr><tr class="param stripe"><td>&quot;Make a booking for a prelodgement&quot;</td><td>&quot;Abnormal weight width selection.&quot;</td></tr></table><p class="totop"><a href="#summary">back to summary</a></p>
<h3 id="m51">com.poferries.freight.AutomationFramework.web.runner.RunCukes#runScenario</h3><table class="result"><tr class="param"><th>Parameter #1</th><th>Parameter #2</th></tr><tr class="param stripe"><td>&quot;Make a booking for a prelodgement&quot;</td><td>&quot;Dangerous goods and Pets selection&quot;</td></tr></table><p class="totop"><a href="#summary">back to summary</a></p>
<h3 id="m52">com.poferries.freight.AutomationFramework.web.runner.RunCukes#runScenario</h3><table class="result"><tr class="param"><th>Parameter #1</th><th>Parameter #2</th></tr><tr class="param stripe"><td>&quot;Make a DataDriven booking for a prelodgement&quot;</td><td>&quot;Validate the Booking process for a prelodgement&quot;</td></tr></table><p class="totop"><a href="#summary">back to summary</a></p>
<h3 id="m53">com.poferries.freight.AutomationFramework.web.runner.RunCukes#runScenario</h3><table class="result"><tr class="param"><th>Parameter #1</th><th>Parameter #2</th></tr><tr class="param stripe"><td>&quot;Make a DataDriven booking for a prelodgement&quot;</td><td>&quot;Validate the Booking process for a prelodgement&quot;</td></tr></table><p class="totop"><a href="#summary">back to summary</a></p>
<h3 id="m54">com.poferries.freight.AutomationFramework.web.runner.RunCukes#runScenario</h3><table class="result"><tr class="param"><th>Parameter #1</th><th>Parameter #2</th></tr><tr class="param stripe"><td>&quot;Make a DataDriven booking for a prelodgement&quot;</td><td>&quot;Validate the Booking process for a prelodgement&quot;</td></tr></table><p class="totop"><a href="#summary">back to summary</a></p>
<h3 id="m55">com.poferries.freight.AutomationFramework.web.runner.RunCukes#runScenario</h3><table class="result"><tr class="param"><th>Parameter #1</th><th>Parameter #2</th></tr><tr class="param stripe"><td>&quot;Make a DataDriven booking for a prelodgement&quot;</td><td>&quot;Validate the Booking process for a prelodgement&quot;</td></tr></table><p class="totop"><a href="#summary">back to summary</a></p>
<h3 id="m56">com.poferries.freight.AutomationFramework.web.runner.RunCukes#runScenario</h3><table class="result"><tr class="param"><th>Parameter #1</th><th>Parameter #2</th></tr><tr class="param stripe"><td>&quot;Make a booking for a prelodgement&quot;</td><td>&quot;Dangerous goods and Pets selection&quot;</td></tr></table><p class="totop"><a href="#summary">back to summary</a></p>
<h3 id="m57">com.poferries.freight.AutomationFramework.web.runner.RunCukes#runScenario</h3><table class="result"><tr class="param"><th>Parameter #1</th><th>Parameter #2</th></tr><tr class="param stripe"><td>&quot;Make a booking for a prelodgement&quot;</td><td>&quot;Abnormal weight width selection.&quot;</td></tr></table><p class="totop"><a href="#summary">back to summary</a></p>
<h3 id="m58">com.poferries.freight.AutomationFramework.web.runner.RunCukes#runScenario</h3><table class="result"><tr class="param"><th>Parameter #1</th><th>Parameter #2</th></tr><tr class="param stripe"><td>&quot;Make a booking for a prelodgement&quot;</td><td>&quot;Dangerous goods and Pets selection&quot;</td></tr></table><p class="totop"><a href="#summary">back to summary</a></p>
<h3 id="m59">com.poferries.freight.AutomationFramework.web.runner.RunCukes#runScenario</h3><table class="result"><tr class="param"><th>Parameter #1</th><th>Parameter #2</th></tr><tr class="param stripe"><td>&quot;Click Update password with Invalid Details&quot;</td><td>&quot;Change password functionality&quot;</td></tr></table><p class="totop"><a href="#summary">back to summary</a></p>
<h3 id="m60">com.poferries.freight.AutomationFramework.web.runner.RunCukes#runScenario</h3><table class="result"><tr class="param"><th>Parameter #1</th><th>Parameter #2</th></tr><tr class="param stripe"><td>&quot;Make a DataDriven booking for a prelodgement&quot;</td><td>&quot;Validate the Booking process for a prelodgement&quot;</td></tr></table><p class="totop"><a href="#summary">back to summary</a></p>
<h3 id="m61">com.poferries.freight.AutomationFramework.web.runner.RunCukes#runScenario</h3><table class="result"><tr class="param"><th>Parameter #1</th><th>Parameter #2</th></tr><tr class="param stripe"><td>&quot;Make a booking for a prelodgement&quot;</td><td>&quot;Vehicle length greater than TwentyTwo metre.&quot;</td></tr></table><p class="totop"><a href="#summary">back to summary</a></p>
<h3 id="m62">com.poferries.freight.AutomationFramework.web.runner.RunCukes#runScenario</h3><table class="result"><tr class="param"><th>Parameter #1</th><th>Parameter #2</th></tr><tr class="param stripe"><td>&quot;Click Update password with Invalid Details&quot;</td><td>&quot;Change password functionality&quot;</td></tr></table><p class="totop"><a href="#summary">back to summary</a></p>
<h3 id="m63">com.poferries.freight.AutomationFramework.web.runner.RunCukes#runScenario</h3><table class="result"><tr class="param"><th>Parameter #1</th><th>Parameter #2</th></tr><tr class="param stripe"><td>&quot;Make a booking for a prelodgement&quot;</td><td>&quot;Vehicle length greater than TwentyTwo metre.&quot;</td></tr></table><p class="totop"><a href="#summary">back to summary</a></p>
<h3 id="m64">com.poferries.freight.AutomationFramework.web.runner.RunCukes#runScenario</h3><table class="result"><tr class="param"><th>Parameter #1</th><th>Parameter #2</th></tr><tr class="param stripe"><td>&quot;Verify error messages when invalid data is entered&quot;</td><td>&quot;Verify Profile Page field validations&quot;</td></tr></table><p class="totop"><a href="#summary">back to summary</a></p>
<h3 id="m65">com.poferries.freight.AutomationFramework.web.runner.RunCukes#runScenario</h3><table class="result"><tr class="param"><th>Parameter #1</th><th>Parameter #2</th></tr><tr class="param stripe"><td>&quot;Make a DataDriven booking for a prelodgement&quot;</td><td>&quot;Validate the Booking process for a prelodgement&quot;</td></tr></table><p class="totop"><a href="#summary">back to summary</a></p>
<h3 id="m66">com.poferries.freight.AutomationFramework.web.runner.RunCukes#runScenario</h3><table class="result"><tr class="param"><th>Parameter #1</th><th>Parameter #2</th></tr><tr class="param stripe"><td>&quot;Make a booking for a prelodgement&quot;</td><td>&quot;Vehicle length greater than TwentyTwo metre.&quot;</td></tr></table><p class="totop"><a href="#summary">back to summary</a></p>
<h3 id="m67">com.poferries.freight.AutomationFramework.web.runner.RunCukes#runScenario</h3><table class="result"><tr class="param"><th>Parameter #1</th><th>Parameter #2</th></tr><tr class="param stripe"><td>&quot;LogIn and Logout with Valid Credentials&quot;</td><td>&quot;Signing in to Web with correct account details&quot;</td></tr></table><p class="totop"><a href="#summary">back to summary</a></p>
<h3 id="m68">com.poferries.freight.AutomationFramework.web.runner.RunCukes#runScenario</h3><table class="result"><tr class="param"><th>Parameter #1</th><th>Parameter #2</th></tr><tr class="param stripe"><td>&quot;Make a booking for a prelodgement&quot;</td><td>&quot;Vehicle length greater than TwentyTwo metre.&quot;</td></tr></table><p class="totop"><a href="#summary">back to summary</a></p>
<h3 id="m69">com.poferries.freight.AutomationFramework.web.runner.RunCukes#runScenario</h3><table class="result"><tr class="param"><th>Parameter #1</th><th>Parameter #2</th></tr><tr class="param stripe"><td>&quot;Make a DataDriven booking for a prelodgement&quot;</td><td>&quot;Validate the Booking process for a prelodgement&quot;</td></tr></table><p class="totop"><a href="#summary">back to summary</a></p>
<h3 id="m70">com.poferries.freight.AutomationFramework.web.runner.RunCukes#runScenario</h3><table class="result"><tr class="param"><th>Parameter #1</th><th>Parameter #2</th></tr><tr class="param stripe"><td>&quot;Amend Booking&quot;</td><td>&quot;Amend Booking&quot;</td></tr></table><p class="totop"><a href="#summary">back to summary</a></p>
<h3 id="m71">com.poferries.freight.AutomationFramework.web.runner.RunCukes#runScenario</h3><table class="result"><tr class="param"><th>Parameter #1</th><th>Parameter #2</th></tr><tr class="param stripe"><td>&quot;Make a booking for a prelodgement&quot;</td><td>&quot;Abnormal weight width selection.&quot;</td></tr></table><p class="totop"><a href="#summary">back to summary</a></p>
</body>
</html>
