<?xml version="1.0" encoding="UTF-8"?>
<testng-results skipped="6" failed="12" ignored="0" total="72" passed="54">
  <reporter-output>
  </reporter-output>
  <suite name="Suite" duration-ms="7189039" started-at="2020-05-28T23:04:07Z" finished-at="2020-05-29T01:03:56Z">
    <groups>
      <group name="cucumber">
        <method signature="AbstractTestNGCucumberTests.runScenario(cucumber.api.testng.PickleEventWrapper, cucumber.api.testng.CucumberFeatureWrapper)[pri:0, instance:com.poferries.freight.AutomationFramework.web.runner.RunCukes@1753acfe]" name="runScenario" class="cucumber.api.testng.AbstractTestNGCucumberTests"/>
      </group> <!-- cucumber -->
    </groups>
    <test name="Test1" duration-ms="7189039" started-at="2020-05-28T23:04:07Z" finished-at="2020-05-29T01:03:56Z">
      <class name="com.poferries.freight.AutomationFramework.web.runner.RunCukes">
        <test-method status="PASS" signature="setUpClass()[pri:0, instance:com.poferries.freight.AutomationFramework.web.runner.RunCukes@1753acfe]" name="setUpClass" is-config="true" duration-ms="173" started-at="2020-05-28T23:04:07Z" finished-at="2020-05-28T23:04:07Z">
          <reporter-output>
          </reporter-output>
        </test-method> <!-- setUpClass -->
        <test-method status="FAIL" signature="runScenario(cucumber.api.testng.PickleEventWrapper, cucumber.api.testng.CucumberFeatureWrapper)[pri:0, instance:com.poferries.freight.AutomationFramework.web.runner.RunCukes@1753acfe]" name="runScenario" duration-ms="140659" started-at="2020-05-28T23:04:08Z" description="Runs Cucumber Scenarios" data-provider="scenarios" finished-at="2020-05-28T23:06:28Z">
          <params>
            <param index="0">
              <value>
                <![CDATA["Make a booking for a prelodgement"]]>
              </value>
            </param>
            <param index="1">
              <value>
                <![CDATA["Abnormal weight width selection."]]>
              </value>
            </param>
          </params>
          <exception class="org.openqa.selenium.StaleElementReferenceException">
            <message>
              <![CDATA[stale element reference: element is not attached to the page document
  (Session info: chrome=79.0.3945.79)
For documentation on this error, please visit: https://www.seleniumhq.org/exceptions/stale_element_reference.html
Build info: version: '3.141.59', revision: 'e82be7d358', time: '2018-11-14T08:17:03'
System info: host: 'DESKTOP-KISPH7H', ip: '192.168.0.7', os.name: 'Windows 10', os.arch: 'amd64', os.version: '10.0', java.version: '1.8.0_241'
Driver info: org.openqa.selenium.chrome.ChromeDriver
Capabilities {acceptInsecureCerts: false, browserName: chrome, browserVersion: 79.0.3945.79, chrome: {chromedriverVersion: 79.0.3945.36 (3582db32b3389..., userDataDir: C:\Users\AKHIL\AppData\Loca...}, goog:chromeOptions: {debuggerAddress: localhost:57032}, javascriptEnabled: true, networkConnectionEnabled: false, pageLoadStrategy: normal, platform: WINDOWS, platformName: WINDOWS, proxy: Proxy(), setWindowRect: true, strictFileInteractability: false, timeouts: {implicit: 0, pageLoad: 300000, script: 30000}, unhandledPromptBehavior: dismiss and notify}
Session ID: 896dbaa182d620c54d170964c1aa7ed6]]>
            </message>
            <full-stacktrace>
              <![CDATA[org.openqa.selenium.StaleElementReferenceException: stale element reference: element is not attached to the page document
  (Session info: chrome=79.0.3945.79)
For documentation on this error, please visit: https://www.seleniumhq.org/exceptions/stale_element_reference.html
Build info: version: '3.141.59', revision: 'e82be7d358', time: '2018-11-14T08:17:03'
System info: host: 'DESKTOP-KISPH7H', ip: '192.168.0.7', os.name: 'Windows 10', os.arch: 'amd64', os.version: '10.0', java.version: '1.8.0_241'
Driver info: org.openqa.selenium.chrome.ChromeDriver
Capabilities {acceptInsecureCerts: false, browserName: chrome, browserVersion: 79.0.3945.79, chrome: {chromedriverVersion: 79.0.3945.36 (3582db32b3389..., userDataDir: C:\Users\AKHIL\AppData\Loca...}, goog:chromeOptions: {debuggerAddress: localhost:57032}, javascriptEnabled: true, networkConnectionEnabled: false, pageLoadStrategy: normal, platform: WINDOWS, platformName: WINDOWS, proxy: Proxy(), setWindowRect: true, strictFileInteractability: false, timeouts: {implicit: 0, pageLoad: 300000, script: 30000}, unhandledPromptBehavior: dismiss and notify}
Session ID: 896dbaa182d620c54d170964c1aa7ed6
at sun.reflect.NativeConstructorAccessorImpl.newInstance0(Native Method)
at sun.reflect.NativeConstructorAccessorImpl.newInstance(NativeConstructorAccessorImpl.java:62)
at sun.reflect.DelegatingConstructorAccessorImpl.newInstance(DelegatingConstructorAccessorImpl.java:45)
at java.lang.reflect.Constructor.newInstance(Constructor.java:423)
at org.openqa.selenium.remote.http.W3CHttpResponseCodec.createException(W3CHttpResponseCodec.java:187)
at org.openqa.selenium.remote.http.W3CHttpResponseCodec.decode(W3CHttpResponseCodec.java:122)
at org.openqa.selenium.remote.http.W3CHttpResponseCodec.decode(W3CHttpResponseCodec.java:49)
at org.openqa.selenium.remote.HttpCommandExecutor.execute(HttpCommandExecutor.java:158)
at org.openqa.selenium.remote.service.DriverCommandExecutor.execute(DriverCommandExecutor.java:83)
at org.openqa.selenium.remote.RemoteWebDriver.execute(RemoteWebDriver.java:552)
at org.openqa.selenium.remote.RemoteWebElement.execute(RemoteWebElement.java:285)
at org.openqa.selenium.remote.RemoteWebElement.getAttribute(RemoteWebElement.java:134)
at sun.reflect.GeneratedMethodAccessor5.invoke(Unknown Source)
at sun.reflect.DelegatingMethodAccessorImpl.invoke(DelegatingMethodAccessorImpl.java:43)
at java.lang.reflect.Method.invoke(Method.java:498)
at org.openqa.selenium.support.pagefactory.internal.LocatingElementHandler.invoke(LocatingElementHandler.java:51)
at com.sun.proxy.$Proxy17.getAttribute(Unknown Source)
at org.openqa.selenium.support.ui.ExpectedConditions$37.apply(ExpectedConditions.java:1052)
at org.openqa.selenium.support.ui.ExpectedConditions$37.apply(ExpectedConditions.java:1047)
at org.openqa.selenium.support.ui.FluentWait.until(FluentWait.java:249)
at com.poferries.freight.AutomationFramework.web.actions.HomePageActions.waitForProgressbarToappear(HomePageActions.java:57)
at com.poferries.freight.AutomationFramework.web.actions.HomePageActions.makeLengthAndLanguageSelections(HomePageActions.java:165)
at com.poferries.freight.AutomationFramework.web.stepDefinitions.MakeABookingSteps.i_set_the_and_units(MakeABookingSteps.java:85)
at ?.I set the "en" and "Metre" units(file:src/test/resources/features/web/AbnormalWeightWidth.feature:19)
]]>
            </full-stacktrace>
          </exception> <!-- org.openqa.selenium.StaleElementReferenceException -->
          <reporter-output>
          </reporter-output>
        </test-method> <!-- runScenario -->
        <test-method status="PASS" signature="runScenario(cucumber.api.testng.PickleEventWrapper, cucumber.api.testng.CucumberFeatureWrapper)[pri:0, instance:com.poferries.freight.AutomationFramework.web.runner.RunCukes@1753acfe]" name="runScenario" duration-ms="84991" started-at="2020-05-28T23:06:28Z" description="Runs Cucumber Scenarios" data-provider="scenarios" finished-at="2020-05-28T23:07:53Z">
          <params>
            <param index="0">
              <value>
                <![CDATA["Make a booking for a prelodgement"]]>
              </value>
            </param>
            <param index="1">
              <value>
                <![CDATA["Abnormal weight width selection."]]>
              </value>
            </param>
          </params>
          <reporter-output>
          </reporter-output>
        </test-method> <!-- runScenario -->
        <test-method status="PASS" signature="runScenario(cucumber.api.testng.PickleEventWrapper, cucumber.api.testng.CucumberFeatureWrapper)[pri:0, instance:com.poferries.freight.AutomationFramework.web.runner.RunCukes@1753acfe]" name="runScenario" duration-ms="78184" started-at="2020-05-28T23:07:53Z" description="Runs Cucumber Scenarios" data-provider="scenarios" finished-at="2020-05-28T23:09:12Z">
          <params>
            <param index="0">
              <value>
                <![CDATA["Make a booking for a prelodgement"]]>
              </value>
            </param>
            <param index="1">
              <value>
                <![CDATA["Abnormal weight width selection."]]>
              </value>
            </param>
          </params>
          <reporter-output>
          </reporter-output>
        </test-method> <!-- runScenario -->
        <test-method status="PASS" signature="runScenario(cucumber.api.testng.PickleEventWrapper, cucumber.api.testng.CucumberFeatureWrapper)[pri:0, instance:com.poferries.freight.AutomationFramework.web.runner.RunCukes@1753acfe]" name="runScenario" duration-ms="77121" started-at="2020-05-28T23:09:12Z" description="Runs Cucumber Scenarios" data-provider="scenarios" finished-at="2020-05-28T23:10:29Z">
          <params>
            <param index="0">
              <value>
                <![CDATA["Make a booking for a prelodgement"]]>
              </value>
            </param>
            <param index="1">
              <value>
                <![CDATA["Abnormal weight width selection."]]>
              </value>
            </param>
          </params>
          <reporter-output>
          </reporter-output>
        </test-method> <!-- runScenario -->
        <test-method status="PASS" signature="runScenario(cucumber.api.testng.PickleEventWrapper, cucumber.api.testng.CucumberFeatureWrapper)[pri:0, instance:com.poferries.freight.AutomationFramework.web.runner.RunCukes@1753acfe]" name="runScenario" duration-ms="85013" started-at="2020-05-28T23:10:29Z" description="Runs Cucumber Scenarios" data-provider="scenarios" finished-at="2020-05-28T23:11:54Z">
          <params>
            <param index="0">
              <value>
                <![CDATA["Make a booking for a prelodgement"]]>
              </value>
            </param>
            <param index="1">
              <value>
                <![CDATA["Abnormal weight width selection."]]>
              </value>
            </param>
          </params>
          <reporter-output>
          </reporter-output>
        </test-method> <!-- runScenario -->
        <test-method status="PASS" signature="runScenario(cucumber.api.testng.PickleEventWrapper, cucumber.api.testng.CucumberFeatureWrapper)[pri:0, instance:com.poferries.freight.AutomationFramework.web.runner.RunCukes@1753acfe]" name="runScenario" duration-ms="88756" started-at="2020-05-28T23:11:54Z" description="Runs Cucumber Scenarios" data-provider="scenarios" finished-at="2020-05-28T23:13:22Z">
          <params>
            <param index="0">
              <value>
                <![CDATA["Make a booking for a prelodgement"]]>
              </value>
            </param>
            <param index="1">
              <value>
                <![CDATA["Abnormal weight width selection."]]>
              </value>
            </param>
          </params>
          <reporter-output>
          </reporter-output>
        </test-method> <!-- runScenario -->
        <test-method status="PASS" signature="runScenario(cucumber.api.testng.PickleEventWrapper, cucumber.api.testng.CucumberFeatureWrapper)[pri:0, instance:com.poferries.freight.AutomationFramework.web.runner.RunCukes@1753acfe]" name="runScenario" duration-ms="129439" started-at="2020-05-28T23:13:22Z" description="Runs Cucumber Scenarios" data-provider="scenarios" finished-at="2020-05-28T23:15:32Z">
          <params>
            <param index="0">
              <value>
                <![CDATA["Amend Booking"]]>
              </value>
            </param>
            <param index="1">
              <value>
                <![CDATA["Amend Booking"]]>
              </value>
            </param>
          </params>
          <reporter-output>
          </reporter-output>
        </test-method> <!-- runScenario -->
        <test-method status="PASS" signature="runScenario(cucumber.api.testng.PickleEventWrapper, cucumber.api.testng.CucumberFeatureWrapper)[pri:0, instance:com.poferries.freight.AutomationFramework.web.runner.RunCukes@1753acfe]" name="runScenario" duration-ms="216026" started-at="2020-05-28T23:15:32Z" description="Runs Cucumber Scenarios" data-provider="scenarios" finished-at="2020-05-28T23:19:08Z">
          <params>
            <param index="0">
              <value>
                <![CDATA["Verify error messages when invalid data is entered"]]>
              </value>
            </param>
            <param index="1">
              <value>
                <![CDATA["Verify address has been changed from profile Page"]]>
              </value>
            </param>
          </params>
          <reporter-output>
          </reporter-output>
        </test-method> <!-- runScenario -->
        <test-method status="FAIL" signature="runScenario(cucumber.api.testng.PickleEventWrapper, cucumber.api.testng.CucumberFeatureWrapper)[pri:0, instance:com.poferries.freight.AutomationFramework.web.runner.RunCukes@1753acfe]" name="runScenario" duration-ms="351072" started-at="2020-05-28T23:19:08Z" description="Runs Cucumber Scenarios" data-provider="scenarios" finished-at="2020-05-28T23:24:59Z">
          <params>
            <param index="0">
              <value>
                <![CDATA["Change password Successfully"]]>
              </value>
            </param>
            <param index="1">
              <value>
                <![CDATA["Change password functionality"]]>
              </value>
            </param>
          </params>
          <exception class="org.openqa.selenium.NoSuchElementException">
            <message>
              <![CDATA[no such element: Unable to locate element: {"method":"link text","selector":"Logout"}
  (Session info: chrome=79.0.3945.79)
For documentation on this error, please visit: https://www.seleniumhq.org/exceptions/no_such_element.html
Build info: version: '3.141.59', revision: 'e82be7d358', time: '2018-11-14T08:17:03'
System info: host: 'DESKTOP-KISPH7H', ip: '192.168.0.7', os.name: 'Windows 10', os.arch: 'amd64', os.version: '10.0', java.version: '1.8.0_241'
Driver info: org.openqa.selenium.chrome.ChromeDriver
Capabilities {acceptInsecureCerts: false, browserName: chrome, browserVersion: 79.0.3945.79, chrome: {chromedriverVersion: 79.0.3945.36 (3582db32b3389..., userDataDir: C:\Users\AKHIL\AppData\Loca...}, goog:chromeOptions: {debuggerAddress: localhost:57340}, javascriptEnabled: true, networkConnectionEnabled: false, pageLoadStrategy: normal, platform: WINDOWS, platformName: WINDOWS, proxy: Proxy(), setWindowRect: true, strictFileInteractability: false, timeouts: {implicit: 0, pageLoad: 300000, script: 30000}, unhandledPromptBehavior: dismiss and notify}
Session ID: 55c27ec3539c00b06a5d1b05806160d8
*** Element info: {Using=link text, value=Logout}]]>
            </message>
            <full-stacktrace>
              <![CDATA[org.openqa.selenium.NoSuchElementException: no such element: Unable to locate element: {"method":"link text","selector":"Logout"}
  (Session info: chrome=79.0.3945.79)
For documentation on this error, please visit: https://www.seleniumhq.org/exceptions/no_such_element.html
Build info: version: '3.141.59', revision: 'e82be7d358', time: '2018-11-14T08:17:03'
System info: host: 'DESKTOP-KISPH7H', ip: '192.168.0.7', os.name: 'Windows 10', os.arch: 'amd64', os.version: '10.0', java.version: '1.8.0_241'
Driver info: org.openqa.selenium.chrome.ChromeDriver
Capabilities {acceptInsecureCerts: false, browserName: chrome, browserVersion: 79.0.3945.79, chrome: {chromedriverVersion: 79.0.3945.36 (3582db32b3389..., userDataDir: C:\Users\AKHIL\AppData\Loca...}, goog:chromeOptions: {debuggerAddress: localhost:57340}, javascriptEnabled: true, networkConnectionEnabled: false, pageLoadStrategy: normal, platform: WINDOWS, platformName: WINDOWS, proxy: Proxy(), setWindowRect: true, strictFileInteractability: false, timeouts: {implicit: 0, pageLoad: 300000, script: 30000}, unhandledPromptBehavior: dismiss and notify}
Session ID: 55c27ec3539c00b06a5d1b05806160d8
*** Element info: {Using=link text, value=Logout}
at sun.reflect.NativeConstructorAccessorImpl.newInstance0(Native Method)
at sun.reflect.NativeConstructorAccessorImpl.newInstance(NativeConstructorAccessorImpl.java:62)
at sun.reflect.DelegatingConstructorAccessorImpl.newInstance(DelegatingConstructorAccessorImpl.java:45)
at java.lang.reflect.Constructor.newInstance(Constructor.java:423)
at org.openqa.selenium.remote.http.W3CHttpResponseCodec.createException(W3CHttpResponseCodec.java:187)
at org.openqa.selenium.remote.http.W3CHttpResponseCodec.decode(W3CHttpResponseCodec.java:122)
at org.openqa.selenium.remote.http.W3CHttpResponseCodec.decode(W3CHttpResponseCodec.java:49)
at org.openqa.selenium.remote.HttpCommandExecutor.execute(HttpCommandExecutor.java:158)
at org.openqa.selenium.remote.service.DriverCommandExecutor.execute(DriverCommandExecutor.java:83)
at org.openqa.selenium.remote.RemoteWebDriver.execute(RemoteWebDriver.java:552)
at org.openqa.selenium.remote.RemoteWebDriver.findElement(RemoteWebDriver.java:323)
at org.openqa.selenium.remote.RemoteWebDriver.findElementByLinkText(RemoteWebDriver.java:380)
at org.openqa.selenium.By$ByLinkText.findElement(By.java:220)
at org.openqa.selenium.remote.RemoteWebDriver.findElement(RemoteWebDriver.java:315)
at org.openqa.selenium.support.pagefactory.DefaultElementLocator.findElement(DefaultElementLocator.java:69)
at org.openqa.selenium.support.pagefactory.internal.LocatingElementHandler.invoke(LocatingElementHandler.java:38)
at com.sun.proxy.$Proxy17.click(Unknown Source)
at com.poferries.freight.AutomationFramework.web.actions.HomePageActions.clickLogOut(HomePageActions.java:31)
at com.poferries.freight.AutomationFramework.web.stepDefinitions.LoginSteps.i_click_the_LogOut_Link(LoginSteps.java:67)
at ?.I click the LogOut Link(file:src/test/resources/features/web/ChangePassword.feature:44)
]]>
            </full-stacktrace>
          </exception> <!-- org.openqa.selenium.NoSuchElementException -->
          <reporter-output>
          </reporter-output>
        </test-method> <!-- runScenario -->
        <test-method status="PASS" signature="runScenario(cucumber.api.testng.PickleEventWrapper, cucumber.api.testng.CucumberFeatureWrapper)[pri:0, instance:com.poferries.freight.AutomationFramework.web.runner.RunCukes@1753acfe]" name="runScenario" duration-ms="24888" started-at="2020-05-28T23:24:59Z" description="Runs Cucumber Scenarios" data-provider="scenarios" finished-at="2020-05-28T23:25:24Z">
          <params>
            <param index="0">
              <value>
                <![CDATA["Click Update password with Blank fields"]]>
              </value>
            </param>
            <param index="1">
              <value>
                <![CDATA["Change password functionality"]]>
              </value>
            </param>
          </params>
          <reporter-output>
          </reporter-output>
        </test-method> <!-- runScenario -->
        <test-method status="PASS" signature="runScenario(cucumber.api.testng.PickleEventWrapper, cucumber.api.testng.CucumberFeatureWrapper)[pri:0, instance:com.poferries.freight.AutomationFramework.web.runner.RunCukes@1753acfe]" name="runScenario" duration-ms="24060" started-at="2020-05-28T23:25:24Z" description="Runs Cucumber Scenarios" data-provider="scenarios" finished-at="2020-05-28T23:25:48Z">
          <params>
            <param index="0">
              <value>
                <![CDATA["Click Update password with Blank fields"]]>
              </value>
            </param>
            <param index="1">
              <value>
                <![CDATA["Change password functionality"]]>
              </value>
            </param>
          </params>
          <reporter-output>
          </reporter-output>
        </test-method> <!-- runScenario -->
        <test-method status="PASS" signature="runScenario(cucumber.api.testng.PickleEventWrapper, cucumber.api.testng.CucumberFeatureWrapper)[pri:0, instance:com.poferries.freight.AutomationFramework.web.runner.RunCukes@1753acfe]" name="runScenario" duration-ms="34697" started-at="2020-05-28T23:25:48Z" description="Runs Cucumber Scenarios" data-provider="scenarios" finished-at="2020-05-28T23:26:23Z">
          <params>
            <param index="0">
              <value>
                <![CDATA["Click Update password with Blank fields"]]>
              </value>
            </param>
            <param index="1">
              <value>
                <![CDATA["Change password functionality"]]>
              </value>
            </param>
          </params>
          <reporter-output>
          </reporter-output>
        </test-method> <!-- runScenario -->
        <test-method status="PASS" signature="runScenario(cucumber.api.testng.PickleEventWrapper, cucumber.api.testng.CucumberFeatureWrapper)[pri:0, instance:com.poferries.freight.AutomationFramework.web.runner.RunCukes@1753acfe]" name="runScenario" duration-ms="26241" started-at="2020-05-28T23:26:23Z" description="Runs Cucumber Scenarios" data-provider="scenarios" finished-at="2020-05-28T23:26:49Z">
          <params>
            <param index="0">
              <value>
                <![CDATA["Click Update password with Blank fields"]]>
              </value>
            </param>
            <param index="1">
              <value>
                <![CDATA["Change password functionality"]]>
              </value>
            </param>
          </params>
          <reporter-output>
          </reporter-output>
        </test-method> <!-- runScenario -->
        <test-method status="PASS" signature="runScenario(cucumber.api.testng.PickleEventWrapper, cucumber.api.testng.CucumberFeatureWrapper)[pri:0, instance:com.poferries.freight.AutomationFramework.web.runner.RunCukes@1753acfe]" name="runScenario" duration-ms="29178" started-at="2020-05-28T23:26:49Z" description="Runs Cucumber Scenarios" data-provider="scenarios" finished-at="2020-05-28T23:27:18Z">
          <params>
            <param index="0">
              <value>
                <![CDATA["Click Update password with Invalid Details"]]>
              </value>
            </param>
            <param index="1">
              <value>
                <![CDATA["Change password functionality"]]>
              </value>
            </param>
          </params>
          <reporter-output>
          </reporter-output>
        </test-method> <!-- runScenario -->
        <test-method status="PASS" signature="runScenario(cucumber.api.testng.PickleEventWrapper, cucumber.api.testng.CucumberFeatureWrapper)[pri:0, instance:com.poferries.freight.AutomationFramework.web.runner.RunCukes@1753acfe]" name="runScenario" duration-ms="27226" started-at="2020-05-28T23:27:18Z" description="Runs Cucumber Scenarios" data-provider="scenarios" finished-at="2020-05-28T23:27:45Z">
          <params>
            <param index="0">
              <value>
                <![CDATA["Click Update password with Invalid Details"]]>
              </value>
            </param>
            <param index="1">
              <value>
                <![CDATA["Change password functionality"]]>
              </value>
            </param>
          </params>
          <reporter-output>
          </reporter-output>
        </test-method> <!-- runScenario -->
        <test-method status="PASS" signature="runScenario(cucumber.api.testng.PickleEventWrapper, cucumber.api.testng.CucumberFeatureWrapper)[pri:0, instance:com.poferries.freight.AutomationFramework.web.runner.RunCukes@1753acfe]" name="runScenario" duration-ms="25804" started-at="2020-05-28T23:27:45Z" description="Runs Cucumber Scenarios" data-provider="scenarios" finished-at="2020-05-28T23:28:11Z">
          <params>
            <param index="0">
              <value>
                <![CDATA["Click Update password with Invalid Details"]]>
              </value>
            </param>
            <param index="1">
              <value>
                <![CDATA["Change password functionality"]]>
              </value>
            </param>
          </params>
          <reporter-output>
          </reporter-output>
        </test-method> <!-- runScenario -->
        <test-method status="PASS" signature="runScenario(cucumber.api.testng.PickleEventWrapper, cucumber.api.testng.CucumberFeatureWrapper)[pri:0, instance:com.poferries.freight.AutomationFramework.web.runner.RunCukes@1753acfe]" name="runScenario" duration-ms="110468" started-at="2020-05-28T23:28:11Z" description="Runs Cucumber Scenarios" data-provider="scenarios" finished-at="2020-05-28T23:30:02Z">
          <params>
            <param index="0">
              <value>
                <![CDATA["Make a booking for a prelodgement"]]>
              </value>
            </param>
            <param index="1">
              <value>
                <![CDATA["Dangerous goods and Pets selection"]]>
              </value>
            </param>
          </params>
          <reporter-output>
          </reporter-output>
        </test-method> <!-- runScenario -->
        <test-method status="PASS" signature="runScenario(cucumber.api.testng.PickleEventWrapper, cucumber.api.testng.CucumberFeatureWrapper)[pri:0, instance:com.poferries.freight.AutomationFramework.web.runner.RunCukes@1753acfe]" name="runScenario" duration-ms="77304" started-at="2020-05-28T23:30:02Z" description="Runs Cucumber Scenarios" data-provider="scenarios" finished-at="2020-05-28T23:31:19Z">
          <params>
            <param index="0">
              <value>
                <![CDATA["Make a booking for a prelodgement"]]>
              </value>
            </param>
            <param index="1">
              <value>
                <![CDATA["Dangerous goods and Pets selection"]]>
              </value>
            </param>
          </params>
          <reporter-output>
          </reporter-output>
        </test-method> <!-- runScenario -->
        <test-method status="PASS" signature="runScenario(cucumber.api.testng.PickleEventWrapper, cucumber.api.testng.CucumberFeatureWrapper)[pri:0, instance:com.poferries.freight.AutomationFramework.web.runner.RunCukes@1753acfe]" name="runScenario" duration-ms="102412" started-at="2020-05-28T23:31:19Z" description="Runs Cucumber Scenarios" data-provider="scenarios" finished-at="2020-05-28T23:33:01Z">
          <params>
            <param index="0">
              <value>
                <![CDATA["Make a booking for a prelodgement"]]>
              </value>
            </param>
            <param index="1">
              <value>
                <![CDATA["Dangerous goods and Pets selection"]]>
              </value>
            </param>
          </params>
          <reporter-output>
          </reporter-output>
        </test-method> <!-- runScenario -->
        <test-method status="PASS" signature="runScenario(cucumber.api.testng.PickleEventWrapper, cucumber.api.testng.CucumberFeatureWrapper)[pri:0, instance:com.poferries.freight.AutomationFramework.web.runner.RunCukes@1753acfe]" name="runScenario" duration-ms="85902" started-at="2020-05-28T23:33:01Z" description="Runs Cucumber Scenarios" data-provider="scenarios" finished-at="2020-05-28T23:34:27Z">
          <params>
            <param index="0">
              <value>
                <![CDATA["Make a booking for a prelodgement"]]>
              </value>
            </param>
            <param index="1">
              <value>
                <![CDATA["Dangerous goods and Pets selection"]]>
              </value>
            </param>
          </params>
          <reporter-output>
          </reporter-output>
        </test-method> <!-- runScenario -->
        <test-method status="PASS" signature="runScenario(cucumber.api.testng.PickleEventWrapper, cucumber.api.testng.CucumberFeatureWrapper)[pri:0, instance:com.poferries.freight.AutomationFramework.web.runner.RunCukes@1753acfe]" name="runScenario" duration-ms="140209" started-at="2020-05-28T23:34:27Z" description="Runs Cucumber Scenarios" data-provider="scenarios" finished-at="2020-05-28T23:36:47Z">
          <params>
            <param index="0">
              <value>
                <![CDATA["Make a booking for a prelodgement"]]>
              </value>
            </param>
            <param index="1">
              <value>
                <![CDATA["Dangerous goods and Pets selection"]]>
              </value>
            </param>
          </params>
          <reporter-output>
          </reporter-output>
        </test-method> <!-- runScenario -->
        <test-method status="PASS" signature="runScenario(cucumber.api.testng.PickleEventWrapper, cucumber.api.testng.CucumberFeatureWrapper)[pri:0, instance:com.poferries.freight.AutomationFramework.web.runner.RunCukes@1753acfe]" name="runScenario" duration-ms="99641" started-at="2020-05-28T23:36:47Z" description="Runs Cucumber Scenarios" data-provider="scenarios" finished-at="2020-05-28T23:38:27Z">
          <params>
            <param index="0">
              <value>
                <![CDATA["Make a booking for a prelodgement"]]>
              </value>
            </param>
            <param index="1">
              <value>
                <![CDATA["Dangerous goods and Pets selection"]]>
              </value>
            </param>
          </params>
          <reporter-output>
          </reporter-output>
        </test-method> <!-- runScenario -->
        <test-method status="FAIL" signature="runScenario(cucumber.api.testng.PickleEventWrapper, cucumber.api.testng.CucumberFeatureWrapper)[pri:0, instance:com.poferries.freight.AutomationFramework.web.runner.RunCukes@1753acfe]" name="runScenario" duration-ms="144953" started-at="2020-05-28T23:38:27Z" description="Runs Cucumber Scenarios" data-provider="scenarios" finished-at="2020-05-28T23:40:52Z">
          <params>
            <param index="0">
              <value>
                <![CDATA["Make a booking for a prelodgement with invalid card Details and cancelling the payment"]]>
              </value>
            </param>
            <param index="1">
              <value>
                <![CDATA["Invalid Card Details and Cancel Payment"]]>
              </value>
            </param>
          </params>
          <exception class="org.openqa.selenium.InvalidSelectorException">
            <message>
              <![CDATA[invalid selector: Unable to locate an element with the xpath expression //*[@class='btn btn-secondary float-left' because of the following error:
SyntaxError: Failed to execute 'evaluate' on 'Document': The string '//*[@class='btn btn-secondary float-left'' is not a valid XPath expression.
  (Session info: chrome=79.0.3945.79)
For documentation on this error, please visit: https://www.seleniumhq.org/exceptions/invalid_selector_exception.html
Build info: version: '3.141.59', revision: 'e82be7d358', time: '2018-11-14T08:17:03'
System info: host: 'DESKTOP-KISPH7H', ip: '192.168.0.7', os.name: 'Windows 10', os.arch: 'amd64', os.version: '10.0', java.version: '1.8.0_241'
Driver info: org.openqa.selenium.chrome.ChromeDriver
Capabilities {acceptInsecureCerts: false, browserName: chrome, browserVersion: 79.0.3945.79, chrome: {chromedriverVersion: 79.0.3945.36 (3582db32b3389..., userDataDir: C:\Users\AKHIL\AppData\Loca...}, goog:chromeOptions: {debuggerAddress: localhost:57807}, javascriptEnabled: true, networkConnectionEnabled: false, pageLoadStrategy: normal, platform: WINDOWS, platformName: WINDOWS, proxy: Proxy(), setWindowRect: true, strictFileInteractability: false, timeouts: {implicit: 0, pageLoad: 300000, script: 30000}, unhandledPromptBehavior: dismiss and notify}
Session ID: e4c0e37740922e51a94cb9f48008772b
*** Element info: {Using=xpath, value=//*[@class='btn btn-secondary float-left'}]]>
            </message>
            <full-stacktrace>
              <![CDATA[org.openqa.selenium.InvalidSelectorException: invalid selector: Unable to locate an element with the xpath expression //*[@class='btn btn-secondary float-left' because of the following error:
SyntaxError: Failed to execute 'evaluate' on 'Document': The string '//*[@class='btn btn-secondary float-left'' is not a valid XPath expression.
  (Session info: chrome=79.0.3945.79)
For documentation on this error, please visit: https://www.seleniumhq.org/exceptions/invalid_selector_exception.html
Build info: version: '3.141.59', revision: 'e82be7d358', time: '2018-11-14T08:17:03'
System info: host: 'DESKTOP-KISPH7H', ip: '192.168.0.7', os.name: 'Windows 10', os.arch: 'amd64', os.version: '10.0', java.version: '1.8.0_241'
Driver info: org.openqa.selenium.chrome.ChromeDriver
Capabilities {acceptInsecureCerts: false, browserName: chrome, browserVersion: 79.0.3945.79, chrome: {chromedriverVersion: 79.0.3945.36 (3582db32b3389..., userDataDir: C:\Users\AKHIL\AppData\Loca...}, goog:chromeOptions: {debuggerAddress: localhost:57807}, javascriptEnabled: true, networkConnectionEnabled: false, pageLoadStrategy: normal, platform: WINDOWS, platformName: WINDOWS, proxy: Proxy(), setWindowRect: true, strictFileInteractability: false, timeouts: {implicit: 0, pageLoad: 300000, script: 30000}, unhandledPromptBehavior: dismiss and notify}
Session ID: e4c0e37740922e51a94cb9f48008772b
*** Element info: {Using=xpath, value=//*[@class='btn btn-secondary float-left'}
at sun.reflect.NativeConstructorAccessorImpl.newInstance0(Native Method)
at sun.reflect.NativeConstructorAccessorImpl.newInstance(NativeConstructorAccessorImpl.java:62)
at sun.reflect.DelegatingConstructorAccessorImpl.newInstance(DelegatingConstructorAccessorImpl.java:45)
at java.lang.reflect.Constructor.newInstance(Constructor.java:423)
at org.openqa.selenium.remote.http.W3CHttpResponseCodec.createException(W3CHttpResponseCodec.java:187)
at org.openqa.selenium.remote.http.W3CHttpResponseCodec.decode(W3CHttpResponseCodec.java:122)
at org.openqa.selenium.remote.http.W3CHttpResponseCodec.decode(W3CHttpResponseCodec.java:49)
at org.openqa.selenium.remote.HttpCommandExecutor.execute(HttpCommandExecutor.java:158)
at org.openqa.selenium.remote.service.DriverCommandExecutor.execute(DriverCommandExecutor.java:83)
at org.openqa.selenium.remote.RemoteWebDriver.execute(RemoteWebDriver.java:552)
at org.openqa.selenium.remote.RemoteWebDriver.findElement(RemoteWebDriver.java:323)
at org.openqa.selenium.remote.RemoteWebDriver.findElementByXPath(RemoteWebDriver.java:428)
at org.openqa.selenium.By$ByXPath.findElement(By.java:353)
at org.openqa.selenium.remote.RemoteWebDriver.findElement(RemoteWebDriver.java:315)
at org.openqa.selenium.support.pagefactory.DefaultElementLocator.findElement(DefaultElementLocator.java:69)
at org.openqa.selenium.support.pagefactory.internal.LocatingElementHandler.invoke(LocatingElementHandler.java:38)
at com.sun.proxy.$Proxy17.click(Unknown Source)
at com.poferries.freight.AutomationFramework.web.actions.PaymentFailurePageActions.closeSurveyPopup(PaymentFailurePageActions.java:37)
at com.poferries.freight.AutomationFramework.web.stepDefinitions.MakeABookingSteps.i_close_the_survey_popup(MakeABookingSteps.java:1377)
at ?.I close the survey popup(file:src/test/resources/features/web/InvalidCardDetailsAndCancelPayment.feature:42)
]]>
            </full-stacktrace>
          </exception> <!-- org.openqa.selenium.InvalidSelectorException -->
          <reporter-output>
          </reporter-output>
        </test-method> <!-- runScenario -->
        <test-method status="FAIL" signature="runScenario(cucumber.api.testng.PickleEventWrapper, cucumber.api.testng.CucumberFeatureWrapper)[pri:0, instance:com.poferries.freight.AutomationFramework.web.runner.RunCukes@1753acfe]" name="runScenario" duration-ms="105543" started-at="2020-05-28T23:40:52Z" description="Runs Cucumber Scenarios" data-provider="scenarios" finished-at="2020-05-28T23:42:37Z">
          <params>
            <param index="0">
              <value>
                <![CDATA["Make a booking for a prelodgement with invalid card Details and cancelling the payment"]]>
              </value>
            </param>
            <param index="1">
              <value>
                <![CDATA["Invalid Card Details and Cancel Payment"]]>
              </value>
            </param>
          </params>
          <exception class="org.openqa.selenium.InvalidSelectorException">
            <message>
              <![CDATA[invalid selector: Unable to locate an element with the xpath expression //*[@class='btn btn-secondary float-left' because of the following error:
SyntaxError: Failed to execute 'evaluate' on 'Document': The string '//*[@class='btn btn-secondary float-left'' is not a valid XPath expression.
  (Session info: chrome=79.0.3945.79)
For documentation on this error, please visit: https://www.seleniumhq.org/exceptions/invalid_selector_exception.html
Build info: version: '3.141.59', revision: 'e82be7d358', time: '2018-11-14T08:17:03'
System info: host: 'DESKTOP-KISPH7H', ip: '192.168.0.7', os.name: 'Windows 10', os.arch: 'amd64', os.version: '10.0', java.version: '1.8.0_241'
Driver info: org.openqa.selenium.chrome.ChromeDriver
Capabilities {acceptInsecureCerts: false, browserName: chrome, browserVersion: 79.0.3945.79, chrome: {chromedriverVersion: 79.0.3945.36 (3582db32b3389..., userDataDir: C:\Users\AKHIL\AppData\Loca...}, goog:chromeOptions: {debuggerAddress: localhost:57867}, javascriptEnabled: true, networkConnectionEnabled: false, pageLoadStrategy: normal, platform: WINDOWS, platformName: WINDOWS, proxy: Proxy(), setWindowRect: true, strictFileInteractability: false, timeouts: {implicit: 0, pageLoad: 300000, script: 30000}, unhandledPromptBehavior: dismiss and notify}
Session ID: 5e3390ca785df81b66ef53e44414cd11
*** Element info: {Using=xpath, value=//*[@class='btn btn-secondary float-left'}]]>
            </message>
            <full-stacktrace>
              <![CDATA[org.openqa.selenium.InvalidSelectorException: invalid selector: Unable to locate an element with the xpath expression //*[@class='btn btn-secondary float-left' because of the following error:
SyntaxError: Failed to execute 'evaluate' on 'Document': The string '//*[@class='btn btn-secondary float-left'' is not a valid XPath expression.
  (Session info: chrome=79.0.3945.79)
For documentation on this error, please visit: https://www.seleniumhq.org/exceptions/invalid_selector_exception.html
Build info: version: '3.141.59', revision: 'e82be7d358', time: '2018-11-14T08:17:03'
System info: host: 'DESKTOP-KISPH7H', ip: '192.168.0.7', os.name: 'Windows 10', os.arch: 'amd64', os.version: '10.0', java.version: '1.8.0_241'
Driver info: org.openqa.selenium.chrome.ChromeDriver
Capabilities {acceptInsecureCerts: false, browserName: chrome, browserVersion: 79.0.3945.79, chrome: {chromedriverVersion: 79.0.3945.36 (3582db32b3389..., userDataDir: C:\Users\AKHIL\AppData\Loca...}, goog:chromeOptions: {debuggerAddress: localhost:57867}, javascriptEnabled: true, networkConnectionEnabled: false, pageLoadStrategy: normal, platform: WINDOWS, platformName: WINDOWS, proxy: Proxy(), setWindowRect: true, strictFileInteractability: false, timeouts: {implicit: 0, pageLoad: 300000, script: 30000}, unhandledPromptBehavior: dismiss and notify}
Session ID: 5e3390ca785df81b66ef53e44414cd11
*** Element info: {Using=xpath, value=//*[@class='btn btn-secondary float-left'}
at sun.reflect.NativeConstructorAccessorImpl.newInstance0(Native Method)
at sun.reflect.NativeConstructorAccessorImpl.newInstance(NativeConstructorAccessorImpl.java:62)
at sun.reflect.DelegatingConstructorAccessorImpl.newInstance(DelegatingConstructorAccessorImpl.java:45)
at java.lang.reflect.Constructor.newInstance(Constructor.java:423)
at org.openqa.selenium.remote.http.W3CHttpResponseCodec.createException(W3CHttpResponseCodec.java:187)
at org.openqa.selenium.remote.http.W3CHttpResponseCodec.decode(W3CHttpResponseCodec.java:122)
at org.openqa.selenium.remote.http.W3CHttpResponseCodec.decode(W3CHttpResponseCodec.java:49)
at org.openqa.selenium.remote.HttpCommandExecutor.execute(HttpCommandExecutor.java:158)
at org.openqa.selenium.remote.service.DriverCommandExecutor.execute(DriverCommandExecutor.java:83)
at org.openqa.selenium.remote.RemoteWebDriver.execute(RemoteWebDriver.java:552)
at org.openqa.selenium.remote.RemoteWebDriver.findElement(RemoteWebDriver.java:323)
at org.openqa.selenium.remote.RemoteWebDriver.findElementByXPath(RemoteWebDriver.java:428)
at org.openqa.selenium.By$ByXPath.findElement(By.java:353)
at org.openqa.selenium.remote.RemoteWebDriver.findElement(RemoteWebDriver.java:315)
at org.openqa.selenium.support.pagefactory.DefaultElementLocator.findElement(DefaultElementLocator.java:69)
at org.openqa.selenium.support.pagefactory.internal.LocatingElementHandler.invoke(LocatingElementHandler.java:38)
at com.sun.proxy.$Proxy17.click(Unknown Source)
at com.poferries.freight.AutomationFramework.web.actions.PaymentFailurePageActions.closeSurveyPopup(PaymentFailurePageActions.java:37)
at com.poferries.freight.AutomationFramework.web.stepDefinitions.MakeABookingSteps.i_close_the_survey_popup(MakeABookingSteps.java:1377)
at ?.I close the survey popup(file:src/test/resources/features/web/InvalidCardDetailsAndCancelPayment.feature:42)
]]>
            </full-stacktrace>
          </exception> <!-- org.openqa.selenium.InvalidSelectorException -->
          <reporter-output>
          </reporter-output>
        </test-method> <!-- runScenario -->
        <test-method status="PASS" signature="runScenario(cucumber.api.testng.PickleEventWrapper, cucumber.api.testng.CucumberFeatureWrapper)[pri:0, instance:com.poferries.freight.AutomationFramework.web.runner.RunCukes@1753acfe]" name="runScenario" duration-ms="30618" started-at="2020-05-28T23:42:37Z" description="Runs Cucumber Scenarios" data-provider="scenarios" finished-at="2020-05-28T23:43:08Z">
          <params>
            <param index="0">
              <value>
                <![CDATA["LogIn and Logout with Valid Credentials"]]>
              </value>
            </param>
            <param index="1">
              <value>
                <![CDATA["Signing in to Web with correct account details"]]>
              </value>
            </param>
          </params>
          <reporter-output>
          </reporter-output>
        </test-method> <!-- runScenario -->
        <test-method status="PASS" signature="runScenario(cucumber.api.testng.PickleEventWrapper, cucumber.api.testng.CucumberFeatureWrapper)[pri:0, instance:com.poferries.freight.AutomationFramework.web.runner.RunCukes@1753acfe]" name="runScenario" duration-ms="16929" started-at="2020-05-28T23:43:08Z" description="Runs Cucumber Scenarios" data-provider="scenarios" finished-at="2020-05-28T23:43:25Z">
          <params>
            <param index="0">
              <value>
                <![CDATA["LogIn with InValid Credentials"]]>
              </value>
            </param>
            <param index="1">
              <value>
                <![CDATA["Signing in to Web with correct account details"]]>
              </value>
            </param>
          </params>
          <reporter-output>
          </reporter-output>
        </test-method> <!-- runScenario -->
        <test-method status="FAIL" signature="runScenario(cucumber.api.testng.PickleEventWrapper, cucumber.api.testng.CucumberFeatureWrapper)[pri:0, instance:com.poferries.freight.AutomationFramework.web.runner.RunCukes@1753acfe]" name="runScenario" duration-ms="171954" started-at="2020-05-28T23:43:25Z" description="Runs Cucumber Scenarios" data-provider="scenarios" finished-at="2020-05-28T23:46:17Z">
          <params>
            <param index="0">
              <value>
                <![CDATA["Make a DataDriven booking for a prelodgement"]]>
              </value>
            </param>
            <param index="1">
              <value>
                <![CDATA["Validate the Booking process for a prelodgement"]]>
              </value>
            </param>
          </params>
          <exception class="java.lang.AssertionError">
            <message>
              <![CDATA[expected [29-May-2020] but found [28-May-2020]]]>
            </message>
            <full-stacktrace>
              <![CDATA[java.lang.AssertionError: expected [29-May-2020] but found [28-May-2020]
at org.testng.Assert.fail(Assert.java:96)
at org.testng.Assert.failNotEquals(Assert.java:776)
at org.testng.Assert.assertEqualsImpl(Assert.java:137)
at org.testng.Assert.assertEquals(Assert.java:118)
at org.testng.Assert.assertEquals(Assert.java:453)
at org.testng.Assert.assertEquals(Assert.java:463)
at com.poferries.freight.AutomationFramework.web.stepDefinitions.MakeABookingSteps.i_verify_the_confirmed_Payment_Details_and(MakeABookingSteps.java:1111)
at ?.I verify the confirmed Payment Details "dt_paymentDate","dt_paymentType" and "dt_paymentStatus"(file:src/test/resources/features/web/MakeABookingDataDriven.feature:62)
]]>
            </full-stacktrace>
          </exception> <!-- java.lang.AssertionError -->
          <reporter-output>
          </reporter-output>
        </test-method> <!-- runScenario -->
        <test-method status="FAIL" signature="runScenario(cucumber.api.testng.PickleEventWrapper, cucumber.api.testng.CucumberFeatureWrapper)[pri:0, instance:com.poferries.freight.AutomationFramework.web.runner.RunCukes@1753acfe]" name="runScenario" duration-ms="124964" started-at="2020-05-28T23:46:17Z" description="Runs Cucumber Scenarios" data-provider="scenarios" finished-at="2020-05-28T23:48:22Z">
          <params>
            <param index="0">
              <value>
                <![CDATA["Make a DataDriven booking for a prelodgement"]]>
              </value>
            </param>
            <param index="1">
              <value>
                <![CDATA["Validate the Booking process for a prelodgement"]]>
              </value>
            </param>
          </params>
          <exception class="java.lang.AssertionError">
            <message>
              <![CDATA[expected [29-May-2020] but found [28-May-2020]]]>
            </message>
            <full-stacktrace>
              <![CDATA[java.lang.AssertionError: expected [29-May-2020] but found [28-May-2020]
at org.testng.Assert.fail(Assert.java:96)
at org.testng.Assert.failNotEquals(Assert.java:776)
at org.testng.Assert.assertEqualsImpl(Assert.java:137)
at org.testng.Assert.assertEquals(Assert.java:118)
at org.testng.Assert.assertEquals(Assert.java:453)
at org.testng.Assert.assertEquals(Assert.java:463)
at com.poferries.freight.AutomationFramework.web.stepDefinitions.MakeABookingSteps.i_verify_the_confirmed_Payment_Details_and(MakeABookingSteps.java:1111)
at ?.I verify the confirmed Payment Details "dt_paymentDate","dt_paymentType" and "dt_paymentStatus"(file:src/test/resources/features/web/MakeABookingDataDriven.feature:62)
]]>
            </full-stacktrace>
          </exception> <!-- java.lang.AssertionError -->
          <reporter-output>
          </reporter-output>
        </test-method> <!-- runScenario -->
        <test-method status="FAIL" signature="runScenario(cucumber.api.testng.PickleEventWrapper, cucumber.api.testng.CucumberFeatureWrapper)[pri:0, instance:com.poferries.freight.AutomationFramework.web.runner.RunCukes@1753acfe]" name="runScenario" duration-ms="128441" started-at="2020-05-28T23:48:22Z" description="Runs Cucumber Scenarios" data-provider="scenarios" finished-at="2020-05-28T23:50:30Z">
          <params>
            <param index="0">
              <value>
                <![CDATA["Make a DataDriven booking for a prelodgement"]]>
              </value>
            </param>
            <param index="1">
              <value>
                <![CDATA["Validate the Booking process for a prelodgement"]]>
              </value>
            </param>
          </params>
          <exception class="java.lang.AssertionError">
            <message>
              <![CDATA[expected [29-May-2020] but found [28-May-2020]]]>
            </message>
            <full-stacktrace>
              <![CDATA[java.lang.AssertionError: expected [29-May-2020] but found [28-May-2020]
at org.testng.Assert.fail(Assert.java:96)
at org.testng.Assert.failNotEquals(Assert.java:776)
at org.testng.Assert.assertEqualsImpl(Assert.java:137)
at org.testng.Assert.assertEquals(Assert.java:118)
at org.testng.Assert.assertEquals(Assert.java:453)
at org.testng.Assert.assertEquals(Assert.java:463)
at com.poferries.freight.AutomationFramework.web.stepDefinitions.MakeABookingSteps.i_verify_the_confirmed_Payment_Details_and(MakeABookingSteps.java:1111)
at ?.I verify the confirmed Payment Details "dt_paymentDate","dt_paymentType" and "dt_paymentStatus"(file:src/test/resources/features/web/MakeABookingDataDriven.feature:62)
]]>
            </full-stacktrace>
          </exception> <!-- java.lang.AssertionError -->
          <reporter-output>
          </reporter-output>
        </test-method> <!-- runScenario -->
        <test-method status="FAIL" signature="runScenario(cucumber.api.testng.PickleEventWrapper, cucumber.api.testng.CucumberFeatureWrapper)[pri:0, instance:com.poferries.freight.AutomationFramework.web.runner.RunCukes@1753acfe]" name="runScenario" duration-ms="120426" started-at="2020-05-28T23:50:30Z" description="Runs Cucumber Scenarios" data-provider="scenarios" finished-at="2020-05-28T23:52:31Z">
          <params>
            <param index="0">
              <value>
                <![CDATA["Make a DataDriven booking for a prelodgement"]]>
              </value>
            </param>
            <param index="1">
              <value>
                <![CDATA["Validate the Booking process for a prelodgement"]]>
              </value>
            </param>
          </params>
          <exception class="java.lang.AssertionError">
            <message>
              <![CDATA[expected [29-May-2020] but found [28-May-2020]]]>
            </message>
            <full-stacktrace>
              <![CDATA[java.lang.AssertionError: expected [29-May-2020] but found [28-May-2020]
at org.testng.Assert.fail(Assert.java:96)
at org.testng.Assert.failNotEquals(Assert.java:776)
at org.testng.Assert.assertEqualsImpl(Assert.java:137)
at org.testng.Assert.assertEquals(Assert.java:118)
at org.testng.Assert.assertEquals(Assert.java:453)
at org.testng.Assert.assertEquals(Assert.java:463)
at com.poferries.freight.AutomationFramework.web.stepDefinitions.MakeABookingSteps.i_verify_the_confirmed_Payment_Details_and(MakeABookingSteps.java:1111)
at ?.I verify the confirmed Payment Details "dt_paymentDate","dt_paymentType" and "dt_paymentStatus"(file:src/test/resources/features/web/MakeABookingDataDriven.feature:62)
]]>
            </full-stacktrace>
          </exception> <!-- java.lang.AssertionError -->
          <reporter-output>
          </reporter-output>
        </test-method> <!-- runScenario -->
        <test-method status="FAIL" signature="runScenario(cucumber.api.testng.PickleEventWrapper, cucumber.api.testng.CucumberFeatureWrapper)[pri:0, instance:com.poferries.freight.AutomationFramework.web.runner.RunCukes@1753acfe]" name="runScenario" duration-ms="119503" started-at="2020-05-28T23:52:31Z" description="Runs Cucumber Scenarios" data-provider="scenarios" finished-at="2020-05-28T23:54:30Z">
          <params>
            <param index="0">
              <value>
                <![CDATA["Make a DataDriven booking for a prelodgement"]]>
              </value>
            </param>
            <param index="1">
              <value>
                <![CDATA["Validate the Booking process for a prelodgement"]]>
              </value>
            </param>
          </params>
          <exception class="java.lang.AssertionError">
            <message>
              <![CDATA[expected [29-May-2020] but found [28-May-2020]]]>
            </message>
            <full-stacktrace>
              <![CDATA[java.lang.AssertionError: expected [29-May-2020] but found [28-May-2020]
at org.testng.Assert.fail(Assert.java:96)
at org.testng.Assert.failNotEquals(Assert.java:776)
at org.testng.Assert.assertEqualsImpl(Assert.java:137)
at org.testng.Assert.assertEquals(Assert.java:118)
at org.testng.Assert.assertEquals(Assert.java:453)
at org.testng.Assert.assertEquals(Assert.java:463)
at com.poferries.freight.AutomationFramework.web.stepDefinitions.MakeABookingSteps.i_verify_the_confirmed_Payment_Details_and(MakeABookingSteps.java:1111)
at ?.I verify the confirmed Payment Details "dt_paymentDate","dt_paymentType" and "dt_paymentStatus"(file:src/test/resources/features/web/MakeABookingDataDriven.feature:62)
]]>
            </full-stacktrace>
          </exception> <!-- java.lang.AssertionError -->
          <reporter-output>
          </reporter-output>
        </test-method> <!-- runScenario -->
        <test-method status="FAIL" signature="runScenario(cucumber.api.testng.PickleEventWrapper, cucumber.api.testng.CucumberFeatureWrapper)[pri:0, instance:com.poferries.freight.AutomationFramework.web.runner.RunCukes@1753acfe]" name="runScenario" duration-ms="143018" started-at="2020-05-28T23:54:30Z" description="Runs Cucumber Scenarios" data-provider="scenarios" finished-at="2020-05-28T23:56:53Z">
          <params>
            <param index="0">
              <value>
                <![CDATA["Make a DataDriven booking for a prelodgement"]]>
              </value>
            </param>
            <param index="1">
              <value>
                <![CDATA["Validate the Booking process for a prelodgement"]]>
              </value>
            </param>
          </params>
          <exception class="java.lang.AssertionError">
            <message>
              <![CDATA[expected [29-May-2020] but found [28-May-2020]]]>
            </message>
            <full-stacktrace>
              <![CDATA[java.lang.AssertionError: expected [29-May-2020] but found [28-May-2020]
at org.testng.Assert.fail(Assert.java:96)
at org.testng.Assert.failNotEquals(Assert.java:776)
at org.testng.Assert.assertEqualsImpl(Assert.java:137)
at org.testng.Assert.assertEquals(Assert.java:118)
at org.testng.Assert.assertEquals(Assert.java:453)
at org.testng.Assert.assertEquals(Assert.java:463)
at com.poferries.freight.AutomationFramework.web.stepDefinitions.MakeABookingSteps.i_verify_the_confirmed_Payment_Details_and(MakeABookingSteps.java:1111)
at ?.I verify the confirmed Payment Details "dt_paymentDate","dt_paymentType" and "dt_paymentStatus"(file:src/test/resources/features/web/MakeABookingDataDriven.feature:62)
]]>
            </full-stacktrace>
          </exception> <!-- java.lang.AssertionError -->
          <reporter-output>
          </reporter-output>
        </test-method> <!-- runScenario -->
        <test-method status="FAIL" signature="runScenario(cucumber.api.testng.PickleEventWrapper, cucumber.api.testng.CucumberFeatureWrapper)[pri:0, instance:com.poferries.freight.AutomationFramework.web.runner.RunCukes@1753acfe]" name="runScenario" duration-ms="128087" started-at="2020-05-28T23:56:53Z" description="Runs Cucumber Scenarios" data-provider="scenarios" finished-at="2020-05-28T23:59:01Z">
          <params>
            <param index="0">
              <value>
                <![CDATA["Make a DataDriven booking for a prelodgement"]]>
              </value>
            </param>
            <param index="1">
              <value>
                <![CDATA["Validate the Booking process for a prelodgement"]]>
              </value>
            </param>
          </params>
          <exception class="java.lang.AssertionError">
            <message>
              <![CDATA[expected [29-May-2020] but found [28-May-2020]]]>
            </message>
            <full-stacktrace>
              <![CDATA[java.lang.AssertionError: expected [29-May-2020] but found [28-May-2020]
at org.testng.Assert.fail(Assert.java:96)
at org.testng.Assert.failNotEquals(Assert.java:776)
at org.testng.Assert.assertEqualsImpl(Assert.java:137)
at org.testng.Assert.assertEquals(Assert.java:118)
at org.testng.Assert.assertEquals(Assert.java:453)
at org.testng.Assert.assertEquals(Assert.java:463)
at com.poferries.freight.AutomationFramework.web.stepDefinitions.MakeABookingSteps.i_verify_the_confirmed_Payment_Details_and(MakeABookingSteps.java:1111)
at ?.I verify the confirmed Payment Details "dt_paymentDate","dt_paymentType" and "dt_paymentStatus"(file:src/test/resources/features/web/MakeABookingDataDriven.feature:62)
]]>
            </full-stacktrace>
          </exception> <!-- java.lang.AssertionError -->
          <reporter-output>
          </reporter-output>
        </test-method> <!-- runScenario -->
        <test-method status="PASS" signature="runScenario(cucumber.api.testng.PickleEventWrapper, cucumber.api.testng.CucumberFeatureWrapper)[pri:0, instance:com.poferries.freight.AutomationFramework.web.runner.RunCukes@1753acfe]" name="runScenario" duration-ms="121226" started-at="2020-05-28T23:59:01Z" description="Runs Cucumber Scenarios" data-provider="scenarios" finished-at="2020-05-29T00:01:03Z">
          <params>
            <param index="0">
              <value>
                <![CDATA["Make a DataDriven booking for a prelodgement"]]>
              </value>
            </param>
            <param index="1">
              <value>
                <![CDATA["Validate the Booking process for a prelodgement"]]>
              </value>
            </param>
          </params>
          <reporter-output>
          </reporter-output>
        </test-method> <!-- runScenario -->
        <test-method status="PASS" signature="runScenario(cucumber.api.testng.PickleEventWrapper, cucumber.api.testng.CucumberFeatureWrapper)[pri:0, instance:com.poferries.freight.AutomationFramework.web.runner.RunCukes@1753acfe]" name="runScenario" duration-ms="115700" started-at="2020-05-29T00:01:03Z" description="Runs Cucumber Scenarios" data-provider="scenarios" finished-at="2020-05-29T00:02:58Z">
          <params>
            <param index="0">
              <value>
                <![CDATA["Make a DataDriven booking for a prelodgement"]]>
              </value>
            </param>
            <param index="1">
              <value>
                <![CDATA["Validate the Booking process for a prelodgement"]]>
              </value>
            </param>
          </params>
          <reporter-output>
          </reporter-output>
        </test-method> <!-- runScenario -->
        <test-method status="PASS" signature="runScenario(cucumber.api.testng.PickleEventWrapper, cucumber.api.testng.CucumberFeatureWrapper)[pri:0, instance:com.poferries.freight.AutomationFramework.web.runner.RunCukes@1753acfe]" name="runScenario" duration-ms="91166" started-at="2020-05-29T00:02:58Z" description="Runs Cucumber Scenarios" data-provider="scenarios" finished-at="2020-05-29T00:04:30Z">
          <params>
            <param index="0">
              <value>
                <![CDATA["Make a DataDriven booking for a prelodgement"]]>
              </value>
            </param>
            <param index="1">
              <value>
                <![CDATA["Validate the Booking process for a prelodgement"]]>
              </value>
            </param>
          </params>
          <reporter-output>
          </reporter-output>
        </test-method> <!-- runScenario -->
        <test-method status="PASS" signature="runScenario(cucumber.api.testng.PickleEventWrapper, cucumber.api.testng.CucumberFeatureWrapper)[pri:0, instance:com.poferries.freight.AutomationFramework.web.runner.RunCukes@1753acfe]" name="runScenario" duration-ms="81000" started-at="2020-05-29T00:04:30Z" description="Runs Cucumber Scenarios" data-provider="scenarios" finished-at="2020-05-29T00:05:51Z">
          <params>
            <param index="0">
              <value>
                <![CDATA["Make a DataDriven booking for a prelodgement"]]>
              </value>
            </param>
            <param index="1">
              <value>
                <![CDATA["Validate the Booking process for a prelodgement"]]>
              </value>
            </param>
          </params>
          <reporter-output>
          </reporter-output>
        </test-method> <!-- runScenario -->
        <test-method status="PASS" signature="runScenario(cucumber.api.testng.PickleEventWrapper, cucumber.api.testng.CucumberFeatureWrapper)[pri:0, instance:com.poferries.freight.AutomationFramework.web.runner.RunCukes@1753acfe]" name="runScenario" duration-ms="132193" started-at="2020-05-29T00:05:51Z" description="Runs Cucumber Scenarios" data-provider="scenarios" finished-at="2020-05-29T00:08:03Z">
          <params>
            <param index="0">
              <value>
                <![CDATA["Make a DataDriven booking for a prelodgement"]]>
              </value>
            </param>
            <param index="1">
              <value>
                <![CDATA["Validate the Booking process for a prelodgement"]]>
              </value>
            </param>
          </params>
          <reporter-output>
          </reporter-output>
        </test-method> <!-- runScenario -->
        <test-method status="PASS" signature="runScenario(cucumber.api.testng.PickleEventWrapper, cucumber.api.testng.CucumberFeatureWrapper)[pri:0, instance:com.poferries.freight.AutomationFramework.web.runner.RunCukes@1753acfe]" name="runScenario" duration-ms="90991" started-at="2020-05-29T00:08:03Z" description="Runs Cucumber Scenarios" data-provider="scenarios" finished-at="2020-05-29T00:09:34Z">
          <params>
            <param index="0">
              <value>
                <![CDATA["Make a DataDriven booking for a prelodgement"]]>
              </value>
            </param>
            <param index="1">
              <value>
                <![CDATA["Validate the Booking process for a prelodgement"]]>
              </value>
            </param>
          </params>
          <reporter-output>
          </reporter-output>
        </test-method> <!-- runScenario -->
        <test-method status="PASS" signature="runScenario(cucumber.api.testng.PickleEventWrapper, cucumber.api.testng.CucumberFeatureWrapper)[pri:0, instance:com.poferries.freight.AutomationFramework.web.runner.RunCukes@1753acfe]" name="runScenario" duration-ms="138678" started-at="2020-05-29T00:09:34Z" description="Runs Cucumber Scenarios" data-provider="scenarios" finished-at="2020-05-29T00:11:52Z">
          <params>
            <param index="0">
              <value>
                <![CDATA["Make a DataDriven booking for a prelodgement"]]>
              </value>
            </param>
            <param index="1">
              <value>
                <![CDATA["Validate the Booking process for a prelodgement"]]>
              </value>
            </param>
          </params>
          <reporter-output>
          </reporter-output>
        </test-method> <!-- runScenario -->
        <test-method status="PASS" signature="runScenario(cucumber.api.testng.PickleEventWrapper, cucumber.api.testng.CucumberFeatureWrapper)[pri:0, instance:com.poferries.freight.AutomationFramework.web.runner.RunCukes@1753acfe]" name="runScenario" duration-ms="77453" started-at="2020-05-29T00:11:52Z" description="Runs Cucumber Scenarios" data-provider="scenarios" finished-at="2020-05-29T00:13:10Z">
          <params>
            <param index="0">
              <value>
                <![CDATA["Make a DataDriven booking for a prelodgement"]]>
              </value>
            </param>
            <param index="1">
              <value>
                <![CDATA["Validate the Booking process for a prelodgement"]]>
              </value>
            </param>
          </params>
          <reporter-output>
          </reporter-output>
        </test-method> <!-- runScenario -->
        <test-method status="PASS" signature="runScenario(cucumber.api.testng.PickleEventWrapper, cucumber.api.testng.CucumberFeatureWrapper)[pri:0, instance:com.poferries.freight.AutomationFramework.web.runner.RunCukes@1753acfe]" name="runScenario" duration-ms="102479" started-at="2020-05-29T00:13:10Z" description="Runs Cucumber Scenarios" data-provider="scenarios" finished-at="2020-05-29T00:14:52Z">
          <params>
            <param index="0">
              <value>
                <![CDATA["Make a DataDriven booking for a prelodgement"]]>
              </value>
            </param>
            <param index="1">
              <value>
                <![CDATA["Validate the Booking process for a prelodgement"]]>
              </value>
            </param>
          </params>
          <reporter-output>
          </reporter-output>
        </test-method> <!-- runScenario -->
        <test-method status="PASS" signature="runScenario(cucumber.api.testng.PickleEventWrapper, cucumber.api.testng.CucumberFeatureWrapper)[pri:0, instance:com.poferries.freight.AutomationFramework.web.runner.RunCukes@1753acfe]" name="runScenario" duration-ms="97829" started-at="2020-05-29T00:14:52Z" description="Runs Cucumber Scenarios" data-provider="scenarios" finished-at="2020-05-29T00:16:30Z">
          <params>
            <param index="0">
              <value>
                <![CDATA["Make a DataDriven booking for a prelodgement"]]>
              </value>
            </param>
            <param index="1">
              <value>
                <![CDATA["Validate the Booking process for a prelodgement"]]>
              </value>
            </param>
          </params>
          <reporter-output>
          </reporter-output>
        </test-method> <!-- runScenario -->
        <test-method status="PASS" signature="runScenario(cucumber.api.testng.PickleEventWrapper, cucumber.api.testng.CucumberFeatureWrapper)[pri:0, instance:com.poferries.freight.AutomationFramework.web.runner.RunCukes@1753acfe]" name="runScenario" duration-ms="105254" started-at="2020-05-29T00:16:30Z" description="Runs Cucumber Scenarios" data-provider="scenarios" finished-at="2020-05-29T00:18:15Z">
          <params>
            <param index="0">
              <value>
                <![CDATA["Make a DataDriven booking for a prelodgement"]]>
              </value>
            </param>
            <param index="1">
              <value>
                <![CDATA["Validate the Booking process for a prelodgement"]]>
              </value>
            </param>
          </params>
          <reporter-output>
          </reporter-output>
        </test-method> <!-- runScenario -->
        <test-method status="PASS" signature="runScenario(cucumber.api.testng.PickleEventWrapper, cucumber.api.testng.CucumberFeatureWrapper)[pri:0, instance:com.poferries.freight.AutomationFramework.web.runner.RunCukes@1753acfe]" name="runScenario" duration-ms="107493" started-at="2020-05-29T00:18:15Z" description="Runs Cucumber Scenarios" data-provider="scenarios" finished-at="2020-05-29T00:20:03Z">
          <params>
            <param index="0">
              <value>
                <![CDATA["Make a DataDriven booking for a prelodgement"]]>
              </value>
            </param>
            <param index="1">
              <value>
                <![CDATA["Validate the Booking process for a prelodgement"]]>
              </value>
            </param>
          </params>
          <reporter-output>
          </reporter-output>
        </test-method> <!-- runScenario -->
        <test-method status="FAIL" signature="runScenario(cucumber.api.testng.PickleEventWrapper, cucumber.api.testng.CucumberFeatureWrapper)[pri:0, instance:com.poferries.freight.AutomationFramework.web.runner.RunCukes@1753acfe]" name="runScenario" duration-ms="26794" started-at="2020-05-29T00:20:03Z" description="Runs Cucumber Scenarios" data-provider="scenarios" finished-at="2020-05-29T00:20:30Z">
          <params>
            <param index="0">
              <value>
                <![CDATA["Make a DataDriven booking for a prelodgement"]]>
              </value>
            </param>
            <param index="1">
              <value>
                <![CDATA["Validate the Booking process for a prelodgement"]]>
              </value>
            </param>
          </params>
          <exception class="org.openqa.selenium.StaleElementReferenceException">
            <message>
              <![CDATA[stale element reference: element is not attached to the page document
  (Session info: chrome=79.0.3945.79)
For documentation on this error, please visit: https://www.seleniumhq.org/exceptions/stale_element_reference.html
Build info: version: '3.141.59', revision: 'e82be7d358', time: '2018-11-14T08:17:03'
System info: host: 'DESKTOP-KISPH7H', ip: '192.168.0.7', os.name: 'Windows 10', os.arch: 'amd64', os.version: '10.0', java.version: '1.8.0_241'
Driver info: org.openqa.selenium.chrome.ChromeDriver
Capabilities {acceptInsecureCerts: false, browserName: chrome, browserVersion: 79.0.3945.79, chrome: {chromedriverVersion: 79.0.3945.36 (3582db32b3389..., userDataDir: C:\Users\AKHIL\AppData\Loca...}, goog:chromeOptions: {debuggerAddress: localhost:58947}, javascriptEnabled: true, networkConnectionEnabled: false, pageLoadStrategy: normal, platform: WINDOWS, platformName: WINDOWS, proxy: Proxy(), setWindowRect: true, strictFileInteractability: false, timeouts: {implicit: 0, pageLoad: 300000, script: 30000}, unhandledPromptBehavior: dismiss and notify}
Session ID: a46eb993f0a6f6044eb2e8c2126739cf]]>
            </message>
            <full-stacktrace>
              <![CDATA[org.openqa.selenium.StaleElementReferenceException: stale element reference: element is not attached to the page document
  (Session info: chrome=79.0.3945.79)
For documentation on this error, please visit: https://www.seleniumhq.org/exceptions/stale_element_reference.html
Build info: version: '3.141.59', revision: 'e82be7d358', time: '2018-11-14T08:17:03'
System info: host: 'DESKTOP-KISPH7H', ip: '192.168.0.7', os.name: 'Windows 10', os.arch: 'amd64', os.version: '10.0', java.version: '1.8.0_241'
Driver info: org.openqa.selenium.chrome.ChromeDriver
Capabilities {acceptInsecureCerts: false, browserName: chrome, browserVersion: 79.0.3945.79, chrome: {chromedriverVersion: 79.0.3945.36 (3582db32b3389..., userDataDir: C:\Users\AKHIL\AppData\Loca...}, goog:chromeOptions: {debuggerAddress: localhost:58947}, javascriptEnabled: true, networkConnectionEnabled: false, pageLoadStrategy: normal, platform: WINDOWS, platformName: WINDOWS, proxy: Proxy(), setWindowRect: true, strictFileInteractability: false, timeouts: {implicit: 0, pageLoad: 300000, script: 30000}, unhandledPromptBehavior: dismiss and notify}
Session ID: a46eb993f0a6f6044eb2e8c2126739cf
at sun.reflect.NativeConstructorAccessorImpl.newInstance0(Native Method)
at sun.reflect.NativeConstructorAccessorImpl.newInstance(NativeConstructorAccessorImpl.java:62)
at sun.reflect.DelegatingConstructorAccessorImpl.newInstance(DelegatingConstructorAccessorImpl.java:45)
at java.lang.reflect.Constructor.newInstance(Constructor.java:423)
at org.openqa.selenium.remote.http.W3CHttpResponseCodec.createException(W3CHttpResponseCodec.java:187)
at org.openqa.selenium.remote.http.W3CHttpResponseCodec.decode(W3CHttpResponseCodec.java:122)
at org.openqa.selenium.remote.http.W3CHttpResponseCodec.decode(W3CHttpResponseCodec.java:49)
at org.openqa.selenium.remote.HttpCommandExecutor.execute(HttpCommandExecutor.java:158)
at org.openqa.selenium.remote.service.DriverCommandExecutor.execute(DriverCommandExecutor.java:83)
at org.openqa.selenium.remote.RemoteWebDriver.execute(RemoteWebDriver.java:552)
at org.openqa.selenium.remote.RemoteWebElement.execute(RemoteWebElement.java:285)
at org.openqa.selenium.remote.RemoteWebElement.getAttribute(RemoteWebElement.java:134)
at sun.reflect.GeneratedMethodAccessor5.invoke(Unknown Source)
at sun.reflect.DelegatingMethodAccessorImpl.invoke(DelegatingMethodAccessorImpl.java:43)
at java.lang.reflect.Method.invoke(Method.java:498)
at org.openqa.selenium.support.pagefactory.internal.LocatingElementHandler.invoke(LocatingElementHandler.java:51)
at com.sun.proxy.$Proxy17.getAttribute(Unknown Source)
at org.openqa.selenium.support.ui.ExpectedConditions$37.apply(ExpectedConditions.java:1052)
at org.openqa.selenium.support.ui.ExpectedConditions$37.apply(ExpectedConditions.java:1047)
at org.openqa.selenium.support.ui.FluentWait.until(FluentWait.java:249)
at com.poferries.freight.AutomationFramework.web.actions.HomePageActions.waitForProgressbarToappear(HomePageActions.java:57)
at com.poferries.freight.AutomationFramework.web.actions.HomePageActions.makeLengthAndLanguageSelections(HomePageActions.java:141)
at com.poferries.freight.AutomationFramework.web.stepDefinitions.MakeABookingSteps.i_set_the_and_units_and(MakeABookingSteps.java:118)
at ?.I set the "dt_language" and "dt_lengthUnit" units and "125"(file:src/test/resources/features/web/MakeABookingDataDriven.feature:25)
]]>
            </full-stacktrace>
          </exception> <!-- org.openqa.selenium.StaleElementReferenceException -->
          <reporter-output>
          </reporter-output>
        </test-method> <!-- runScenario -->
        <test-method status="PASS" signature="runScenario(cucumber.api.testng.PickleEventWrapper, cucumber.api.testng.CucumberFeatureWrapper)[pri:0, instance:com.poferries.freight.AutomationFramework.web.runner.RunCukes@1753acfe]" name="runScenario" duration-ms="115500" started-at="2020-05-29T00:20:30Z" description="Runs Cucumber Scenarios" data-provider="scenarios" finished-at="2020-05-29T00:22:25Z">
          <params>
            <param index="0">
              <value>
                <![CDATA["Make a DataDriven booking for a prelodgement"]]>
              </value>
            </param>
            <param index="1">
              <value>
                <![CDATA["Validate the Booking process for a prelodgement"]]>
              </value>
            </param>
          </params>
          <reporter-output>
          </reporter-output>
        </test-method> <!-- runScenario -->
        <test-method status="PASS" signature="runScenario(cucumber.api.testng.PickleEventWrapper, cucumber.api.testng.CucumberFeatureWrapper)[pri:0, instance:com.poferries.freight.AutomationFramework.web.runner.RunCukes@1753acfe]" name="runScenario" duration-ms="107906" started-at="2020-05-29T00:22:25Z" description="Runs Cucumber Scenarios" data-provider="scenarios" finished-at="2020-05-29T00:24:13Z">
          <params>
            <param index="0">
              <value>
                <![CDATA["Make a DataDriven booking for a prelodgement"]]>
              </value>
            </param>
            <param index="1">
              <value>
                <![CDATA["Validate the Booking process for a prelodgement"]]>
              </value>
            </param>
          </params>
          <reporter-output>
          </reporter-output>
        </test-method> <!-- runScenario -->
        <test-method status="PASS" signature="runScenario(cucumber.api.testng.PickleEventWrapper, cucumber.api.testng.CucumberFeatureWrapper)[pri:0, instance:com.poferries.freight.AutomationFramework.web.runner.RunCukes@1753acfe]" name="runScenario" duration-ms="115937" started-at="2020-05-29T00:24:13Z" description="Runs Cucumber Scenarios" data-provider="scenarios" finished-at="2020-05-29T00:26:09Z">
          <params>
            <param index="0">
              <value>
                <![CDATA["Make a DataDriven booking for a prelodgement"]]>
              </value>
            </param>
            <param index="1">
              <value>
                <![CDATA["Validate the Booking process for a prelodgement"]]>
              </value>
            </param>
          </params>
          <reporter-output>
          </reporter-output>
        </test-method> <!-- runScenario -->
        <test-method status="PASS" signature="runScenario(cucumber.api.testng.PickleEventWrapper, cucumber.api.testng.CucumberFeatureWrapper)[pri:0, instance:com.poferries.freight.AutomationFramework.web.runner.RunCukes@1753acfe]" name="runScenario" duration-ms="107142" started-at="2020-05-29T00:26:09Z" description="Runs Cucumber Scenarios" data-provider="scenarios" finished-at="2020-05-29T00:27:56Z">
          <params>
            <param index="0">
              <value>
                <![CDATA["Make a DataDriven booking for a prelodgement"]]>
              </value>
            </param>
            <param index="1">
              <value>
                <![CDATA["Validate the Booking process for a prelodgement"]]>
              </value>
            </param>
          </params>
          <reporter-output>
          </reporter-output>
        </test-method> <!-- runScenario -->
        <test-method status="PASS" signature="runScenario(cucumber.api.testng.PickleEventWrapper, cucumber.api.testng.CucumberFeatureWrapper)[pri:0, instance:com.poferries.freight.AutomationFramework.web.runner.RunCukes@1753acfe]" name="runScenario" duration-ms="117746" started-at="2020-05-29T00:27:56Z" description="Runs Cucumber Scenarios" data-provider="scenarios" finished-at="2020-05-29T00:29:54Z">
          <params>
            <param index="0">
              <value>
                <![CDATA["Make a DataDriven booking for a prelodgement"]]>
              </value>
            </param>
            <param index="1">
              <value>
                <![CDATA["Validate the Booking process for a prelodgement"]]>
              </value>
            </param>
          </params>
          <reporter-output>
          </reporter-output>
        </test-method> <!-- runScenario -->
        <test-method status="PASS" signature="runScenario(cucumber.api.testng.PickleEventWrapper, cucumber.api.testng.CucumberFeatureWrapper)[pri:0, instance:com.poferries.freight.AutomationFramework.web.runner.RunCukes@1753acfe]" name="runScenario" duration-ms="107546" started-at="2020-05-29T00:29:54Z" description="Runs Cucumber Scenarios" data-provider="scenarios" finished-at="2020-05-29T00:31:41Z">
          <params>
            <param index="0">
              <value>
                <![CDATA["Make a DataDriven booking for a prelodgement"]]>
              </value>
            </param>
            <param index="1">
              <value>
                <![CDATA["Validate the Booking process for a prelodgement"]]>
              </value>
            </param>
          </params>
          <reporter-output>
          </reporter-output>
        </test-method> <!-- runScenario -->
        <test-method status="PASS" signature="runScenario(cucumber.api.testng.PickleEventWrapper, cucumber.api.testng.CucumberFeatureWrapper)[pri:0, instance:com.poferries.freight.AutomationFramework.web.runner.RunCukes@1753acfe]" name="runScenario" duration-ms="108779" started-at="2020-05-29T00:31:41Z" description="Runs Cucumber Scenarios" data-provider="scenarios" finished-at="2020-05-29T00:33:30Z">
          <params>
            <param index="0">
              <value>
                <![CDATA["Make a DataDriven booking for a prelodgement"]]>
              </value>
            </param>
            <param index="1">
              <value>
                <![CDATA["Validate the Booking process for a prelodgement"]]>
              </value>
            </param>
          </params>
          <reporter-output>
          </reporter-output>
        </test-method> <!-- runScenario -->
        <test-method status="PASS" signature="runScenario(cucumber.api.testng.PickleEventWrapper, cucumber.api.testng.CucumberFeatureWrapper)[pri:0, instance:com.poferries.freight.AutomationFramework.web.runner.RunCukes@1753acfe]" name="runScenario" duration-ms="102555" started-at="2020-05-29T00:33:30Z" description="Runs Cucumber Scenarios" data-provider="scenarios" finished-at="2020-05-29T00:35:13Z">
          <params>
            <param index="0">
              <value>
                <![CDATA["Make a DataDriven booking for a prelodgement"]]>
              </value>
            </param>
            <param index="1">
              <value>
                <![CDATA["Validate the Booking process for a prelodgement"]]>
              </value>
            </param>
          </params>
          <reporter-output>
          </reporter-output>
        </test-method> <!-- runScenario -->
        <test-method status="PASS" signature="runScenario(cucumber.api.testng.PickleEventWrapper, cucumber.api.testng.CucumberFeatureWrapper)[pri:0, instance:com.poferries.freight.AutomationFramework.web.runner.RunCukes@1753acfe]" name="runScenario" duration-ms="133920" started-at="2020-05-29T00:35:13Z" description="Runs Cucumber Scenarios" data-provider="scenarios" finished-at="2020-05-29T00:37:27Z">
          <params>
            <param index="0">
              <value>
                <![CDATA["Make a DataDriven booking for a prelodgement"]]>
              </value>
            </param>
            <param index="1">
              <value>
                <![CDATA["Validate the Booking process for a prelodgement"]]>
              </value>
            </param>
          </params>
          <reporter-output>
          </reporter-output>
        </test-method> <!-- runScenario -->
        <test-method status="PASS" signature="runScenario(cucumber.api.testng.PickleEventWrapper, cucumber.api.testng.CucumberFeatureWrapper)[pri:0, instance:com.poferries.freight.AutomationFramework.web.runner.RunCukes@1753acfe]" name="runScenario" duration-ms="193804" started-at="2020-05-29T00:37:27Z" description="Runs Cucumber Scenarios" data-provider="scenarios" finished-at="2020-05-29T00:40:41Z">
          <params>
            <param index="0">
              <value>
                <![CDATA["Make a DataDriven booking for a prelodgement"]]>
              </value>
            </param>
            <param index="1">
              <value>
                <![CDATA["Validate the Booking process for a prelodgement"]]>
              </value>
            </param>
          </params>
          <reporter-output>
          </reporter-output>
        </test-method> <!-- runScenario -->
        <test-method status="SKIP" signature="runScenario(cucumber.api.testng.PickleEventWrapper, cucumber.api.testng.CucumberFeatureWrapper)[pri:0, instance:com.poferries.freight.AutomationFramework.web.runner.RunCukes@1753acfe]" name="runScenario" duration-ms="106454" started-at="2020-05-29T00:40:41Z" description="Runs Cucumber Scenarios" data-provider="scenarios" finished-at="2020-05-29T00:42:27Z">
          <params>
            <param index="0">
              <value>
                <![CDATA["Make a booking for a prelodgement"]]>
              </value>
            </param>
            <param index="1">
              <value>
                <![CDATA["Validate the Booking process for a prelodgement for multiple languages"]]>
              </value>
            </param>
          </params>
          <exception class="org.testng.SkipException">
            <message>
              <![CDATA[There are undefined steps]]>
            </message>
            <full-stacktrace>
              <![CDATA[org.testng.SkipException: There are undefined steps
at cucumber.api.testng.TestCaseResultListener.getError(TestCaseResultListener.java:60)
at cucumber.api.testng.TestNGCucumberRunner.runScenario(TestNGCucumberRunner.java:61)
at cucumber.api.testng.AbstractTestNGCucumberTests.runScenario(AbstractTestNGCucumberTests.java:22)
at sun.reflect.GeneratedMethodAccessor15.invoke(Unknown Source)
at sun.reflect.DelegatingMethodAccessorImpl.invoke(DelegatingMethodAccessorImpl.java:43)
at java.lang.reflect.Method.invoke(Method.java:498)
at org.testng.internal.MethodInvocationHelper.invokeMethod(MethodInvocationHelper.java:124)
at org.testng.internal.Invoker.invokeMethod(Invoker.java:583)
at org.testng.internal.Invoker.invokeTestMethod(Invoker.java:719)
at org.testng.internal.Invoker.invokeTestMethods(Invoker.java:989)
at org.testng.internal.TestMethodWorker.invokeTestMethods(TestMethodWorker.java:125)
at org.testng.internal.TestMethodWorker.run(TestMethodWorker.java:109)
at org.testng.TestRunner.privateRun(TestRunner.java:648)
at org.testng.TestRunner.run(TestRunner.java:505)
at org.testng.SuiteRunner.runTest(SuiteRunner.java:455)
at org.testng.SuiteRunner.runSequentially(SuiteRunner.java:450)
at org.testng.SuiteRunner.privateRun(SuiteRunner.java:415)
at org.testng.SuiteRunner.run(SuiteRunner.java:364)
at org.testng.SuiteRunnerWorker.runSuite(SuiteRunnerWorker.java:52)
at org.testng.SuiteRunnerWorker.run(SuiteRunnerWorker.java:84)
at org.testng.TestNG.runSuitesSequentially(TestNG.java:1208)
at org.testng.TestNG.runSuitesLocally(TestNG.java:1137)
at org.testng.TestNG.runSuites(TestNG.java:1049)
at org.testng.TestNG.run(TestNG.java:1017)
at org.apache.maven.surefire.testng.TestNGExecutor.run(TestNGExecutor.java:283)
at org.apache.maven.surefire.testng.TestNGXmlTestSuite.execute(TestNGXmlTestSuite.java:75)
at org.apache.maven.surefire.testng.TestNGProvider.invoke(TestNGProvider.java:120)
at org.apache.maven.surefire.booter.ForkedBooter.invokeProviderInSameClassLoader(ForkedBooter.java:384)
at org.apache.maven.surefire.booter.ForkedBooter.runSuitesInProcess(ForkedBooter.java:345)
at org.apache.maven.surefire.booter.ForkedBooter.execute(ForkedBooter.java:126)
at org.apache.maven.surefire.booter.ForkedBooter.main(ForkedBooter.java:418)
]]>
            </full-stacktrace>
          </exception> <!-- org.testng.SkipException -->
          <reporter-output>
          </reporter-output>
        </test-method> <!-- runScenario -->
        <test-method status="SKIP" signature="runScenario(cucumber.api.testng.PickleEventWrapper, cucumber.api.testng.CucumberFeatureWrapper)[pri:0, instance:com.poferries.freight.AutomationFramework.web.runner.RunCukes@1753acfe]" name="runScenario" duration-ms="120740" started-at="2020-05-29T00:42:27Z" description="Runs Cucumber Scenarios" data-provider="scenarios" finished-at="2020-05-29T00:44:28Z">
          <params>
            <param index="0">
              <value>
                <![CDATA["Make a booking for a prelodgement"]]>
              </value>
            </param>
            <param index="1">
              <value>
                <![CDATA["Validate the Booking process for a prelodgement for multiple languages"]]>
              </value>
            </param>
          </params>
          <exception class="org.testng.SkipException">
            <message>
              <![CDATA[There are undefined steps]]>
            </message>
            <full-stacktrace>
              <![CDATA[org.testng.SkipException: There are undefined steps
at cucumber.api.testng.TestCaseResultListener.getError(TestCaseResultListener.java:60)
at cucumber.api.testng.TestNGCucumberRunner.runScenario(TestNGCucumberRunner.java:61)
at cucumber.api.testng.AbstractTestNGCucumberTests.runScenario(AbstractTestNGCucumberTests.java:22)
at sun.reflect.GeneratedMethodAccessor15.invoke(Unknown Source)
at sun.reflect.DelegatingMethodAccessorImpl.invoke(DelegatingMethodAccessorImpl.java:43)
at java.lang.reflect.Method.invoke(Method.java:498)
at org.testng.internal.MethodInvocationHelper.invokeMethod(MethodInvocationHelper.java:124)
at org.testng.internal.Invoker.invokeMethod(Invoker.java:583)
at org.testng.internal.Invoker.invokeTestMethod(Invoker.java:719)
at org.testng.internal.Invoker.invokeTestMethods(Invoker.java:989)
at org.testng.internal.TestMethodWorker.invokeTestMethods(TestMethodWorker.java:125)
at org.testng.internal.TestMethodWorker.run(TestMethodWorker.java:109)
at org.testng.TestRunner.privateRun(TestRunner.java:648)
at org.testng.TestRunner.run(TestRunner.java:505)
at org.testng.SuiteRunner.runTest(SuiteRunner.java:455)
at org.testng.SuiteRunner.runSequentially(SuiteRunner.java:450)
at org.testng.SuiteRunner.privateRun(SuiteRunner.java:415)
at org.testng.SuiteRunner.run(SuiteRunner.java:364)
at org.testng.SuiteRunnerWorker.runSuite(SuiteRunnerWorker.java:52)
at org.testng.SuiteRunnerWorker.run(SuiteRunnerWorker.java:84)
at org.testng.TestNG.runSuitesSequentially(TestNG.java:1208)
at org.testng.TestNG.runSuitesLocally(TestNG.java:1137)
at org.testng.TestNG.runSuites(TestNG.java:1049)
at org.testng.TestNG.run(TestNG.java:1017)
at org.apache.maven.surefire.testng.TestNGExecutor.run(TestNGExecutor.java:283)
at org.apache.maven.surefire.testng.TestNGXmlTestSuite.execute(TestNGXmlTestSuite.java:75)
at org.apache.maven.surefire.testng.TestNGProvider.invoke(TestNGProvider.java:120)
at org.apache.maven.surefire.booter.ForkedBooter.invokeProviderInSameClassLoader(ForkedBooter.java:384)
at org.apache.maven.surefire.booter.ForkedBooter.runSuitesInProcess(ForkedBooter.java:345)
at org.apache.maven.surefire.booter.ForkedBooter.execute(ForkedBooter.java:126)
at org.apache.maven.surefire.booter.ForkedBooter.main(ForkedBooter.java:418)
]]>
            </full-stacktrace>
          </exception> <!-- org.testng.SkipException -->
          <reporter-output>
          </reporter-output>
        </test-method> <!-- runScenario -->
        <test-method status="SKIP" signature="runScenario(cucumber.api.testng.PickleEventWrapper, cucumber.api.testng.CucumberFeatureWrapper)[pri:0, instance:com.poferries.freight.AutomationFramework.web.runner.RunCukes@1753acfe]" name="runScenario" duration-ms="112964" started-at="2020-05-29T00:44:28Z" description="Runs Cucumber Scenarios" data-provider="scenarios" finished-at="2020-05-29T00:46:21Z">
          <params>
            <param index="0">
              <value>
                <![CDATA["Make a booking for a prelodgement"]]>
              </value>
            </param>
            <param index="1">
              <value>
                <![CDATA["Validate the Booking process for a prelodgement for multiple languages"]]>
              </value>
            </param>
          </params>
          <exception class="org.testng.SkipException">
            <message>
              <![CDATA[There are undefined steps]]>
            </message>
            <full-stacktrace>
              <![CDATA[org.testng.SkipException: There are undefined steps
at cucumber.api.testng.TestCaseResultListener.getError(TestCaseResultListener.java:60)
at cucumber.api.testng.TestNGCucumberRunner.runScenario(TestNGCucumberRunner.java:61)
at cucumber.api.testng.AbstractTestNGCucumberTests.runScenario(AbstractTestNGCucumberTests.java:22)
at sun.reflect.GeneratedMethodAccessor15.invoke(Unknown Source)
at sun.reflect.DelegatingMethodAccessorImpl.invoke(DelegatingMethodAccessorImpl.java:43)
at java.lang.reflect.Method.invoke(Method.java:498)
at org.testng.internal.MethodInvocationHelper.invokeMethod(MethodInvocationHelper.java:124)
at org.testng.internal.Invoker.invokeMethod(Invoker.java:583)
at org.testng.internal.Invoker.invokeTestMethod(Invoker.java:719)
at org.testng.internal.Invoker.invokeTestMethods(Invoker.java:989)
at org.testng.internal.TestMethodWorker.invokeTestMethods(TestMethodWorker.java:125)
at org.testng.internal.TestMethodWorker.run(TestMethodWorker.java:109)
at org.testng.TestRunner.privateRun(TestRunner.java:648)
at org.testng.TestRunner.run(TestRunner.java:505)
at org.testng.SuiteRunner.runTest(SuiteRunner.java:455)
at org.testng.SuiteRunner.runSequentially(SuiteRunner.java:450)
at org.testng.SuiteRunner.privateRun(SuiteRunner.java:415)
at org.testng.SuiteRunner.run(SuiteRunner.java:364)
at org.testng.SuiteRunnerWorker.runSuite(SuiteRunnerWorker.java:52)
at org.testng.SuiteRunnerWorker.run(SuiteRunnerWorker.java:84)
at org.testng.TestNG.runSuitesSequentially(TestNG.java:1208)
at org.testng.TestNG.runSuitesLocally(TestNG.java:1137)
at org.testng.TestNG.runSuites(TestNG.java:1049)
at org.testng.TestNG.run(TestNG.java:1017)
at org.apache.maven.surefire.testng.TestNGExecutor.run(TestNGExecutor.java:283)
at org.apache.maven.surefire.testng.TestNGXmlTestSuite.execute(TestNGXmlTestSuite.java:75)
at org.apache.maven.surefire.testng.TestNGProvider.invoke(TestNGProvider.java:120)
at org.apache.maven.surefire.booter.ForkedBooter.invokeProviderInSameClassLoader(ForkedBooter.java:384)
at org.apache.maven.surefire.booter.ForkedBooter.runSuitesInProcess(ForkedBooter.java:345)
at org.apache.maven.surefire.booter.ForkedBooter.execute(ForkedBooter.java:126)
at org.apache.maven.surefire.booter.ForkedBooter.main(ForkedBooter.java:418)
]]>
            </full-stacktrace>
          </exception> <!-- org.testng.SkipException -->
          <reporter-output>
          </reporter-output>
        </test-method> <!-- runScenario -->
        <test-method status="SKIP" signature="runScenario(cucumber.api.testng.PickleEventWrapper, cucumber.api.testng.CucumberFeatureWrapper)[pri:0, instance:com.poferries.freight.AutomationFramework.web.runner.RunCukes@1753acfe]" name="runScenario" duration-ms="142806" started-at="2020-05-29T00:46:21Z" description="Runs Cucumber Scenarios" data-provider="scenarios" finished-at="2020-05-29T00:48:43Z">
          <params>
            <param index="0">
              <value>
                <![CDATA["Make a booking for a prelodgement"]]>
              </value>
            </param>
            <param index="1">
              <value>
                <![CDATA["Validate the Booking process for a prelodgement for multiple languages"]]>
              </value>
            </param>
          </params>
          <exception class="org.testng.SkipException">
            <message>
              <![CDATA[There are undefined steps]]>
            </message>
            <full-stacktrace>
              <![CDATA[org.testng.SkipException: There are undefined steps
at cucumber.api.testng.TestCaseResultListener.getError(TestCaseResultListener.java:60)
at cucumber.api.testng.TestNGCucumberRunner.runScenario(TestNGCucumberRunner.java:61)
at cucumber.api.testng.AbstractTestNGCucumberTests.runScenario(AbstractTestNGCucumberTests.java:22)
at sun.reflect.GeneratedMethodAccessor15.invoke(Unknown Source)
at sun.reflect.DelegatingMethodAccessorImpl.invoke(DelegatingMethodAccessorImpl.java:43)
at java.lang.reflect.Method.invoke(Method.java:498)
at org.testng.internal.MethodInvocationHelper.invokeMethod(MethodInvocationHelper.java:124)
at org.testng.internal.Invoker.invokeMethod(Invoker.java:583)
at org.testng.internal.Invoker.invokeTestMethod(Invoker.java:719)
at org.testng.internal.Invoker.invokeTestMethods(Invoker.java:989)
at org.testng.internal.TestMethodWorker.invokeTestMethods(TestMethodWorker.java:125)
at org.testng.internal.TestMethodWorker.run(TestMethodWorker.java:109)
at org.testng.TestRunner.privateRun(TestRunner.java:648)
at org.testng.TestRunner.run(TestRunner.java:505)
at org.testng.SuiteRunner.runTest(SuiteRunner.java:455)
at org.testng.SuiteRunner.runSequentially(SuiteRunner.java:450)
at org.testng.SuiteRunner.privateRun(SuiteRunner.java:415)
at org.testng.SuiteRunner.run(SuiteRunner.java:364)
at org.testng.SuiteRunnerWorker.runSuite(SuiteRunnerWorker.java:52)
at org.testng.SuiteRunnerWorker.run(SuiteRunnerWorker.java:84)
at org.testng.TestNG.runSuitesSequentially(TestNG.java:1208)
at org.testng.TestNG.runSuitesLocally(TestNG.java:1137)
at org.testng.TestNG.runSuites(TestNG.java:1049)
at org.testng.TestNG.run(TestNG.java:1017)
at org.apache.maven.surefire.testng.TestNGExecutor.run(TestNGExecutor.java:283)
at org.apache.maven.surefire.testng.TestNGXmlTestSuite.execute(TestNGXmlTestSuite.java:75)
at org.apache.maven.surefire.testng.TestNGProvider.invoke(TestNGProvider.java:120)
at org.apache.maven.surefire.booter.ForkedBooter.invokeProviderInSameClassLoader(ForkedBooter.java:384)
at org.apache.maven.surefire.booter.ForkedBooter.runSuitesInProcess(ForkedBooter.java:345)
at org.apache.maven.surefire.booter.ForkedBooter.execute(ForkedBooter.java:126)
at org.apache.maven.surefire.booter.ForkedBooter.main(ForkedBooter.java:418)
]]>
            </full-stacktrace>
          </exception> <!-- org.testng.SkipException -->
          <reporter-output>
          </reporter-output>
        </test-method> <!-- runScenario -->
        <test-method status="SKIP" signature="runScenario(cucumber.api.testng.PickleEventWrapper, cucumber.api.testng.CucumberFeatureWrapper)[pri:0, instance:com.poferries.freight.AutomationFramework.web.runner.RunCukes@1753acfe]" name="runScenario" duration-ms="132641" started-at="2020-05-29T00:48:43Z" description="Runs Cucumber Scenarios" data-provider="scenarios" finished-at="2020-05-29T00:50:56Z">
          <params>
            <param index="0">
              <value>
                <![CDATA["Make a booking for a prelodgement"]]>
              </value>
            </param>
            <param index="1">
              <value>
                <![CDATA["Validate the Booking process for a prelodgement for multiple languages"]]>
              </value>
            </param>
          </params>
          <exception class="org.testng.SkipException">
            <message>
              <![CDATA[There are undefined steps]]>
            </message>
            <full-stacktrace>
              <![CDATA[org.testng.SkipException: There are undefined steps
at cucumber.api.testng.TestCaseResultListener.getError(TestCaseResultListener.java:60)
at cucumber.api.testng.TestNGCucumberRunner.runScenario(TestNGCucumberRunner.java:61)
at cucumber.api.testng.AbstractTestNGCucumberTests.runScenario(AbstractTestNGCucumberTests.java:22)
at sun.reflect.GeneratedMethodAccessor15.invoke(Unknown Source)
at sun.reflect.DelegatingMethodAccessorImpl.invoke(DelegatingMethodAccessorImpl.java:43)
at java.lang.reflect.Method.invoke(Method.java:498)
at org.testng.internal.MethodInvocationHelper.invokeMethod(MethodInvocationHelper.java:124)
at org.testng.internal.Invoker.invokeMethod(Invoker.java:583)
at org.testng.internal.Invoker.invokeTestMethod(Invoker.java:719)
at org.testng.internal.Invoker.invokeTestMethods(Invoker.java:989)
at org.testng.internal.TestMethodWorker.invokeTestMethods(TestMethodWorker.java:125)
at org.testng.internal.TestMethodWorker.run(TestMethodWorker.java:109)
at org.testng.TestRunner.privateRun(TestRunner.java:648)
at org.testng.TestRunner.run(TestRunner.java:505)
at org.testng.SuiteRunner.runTest(SuiteRunner.java:455)
at org.testng.SuiteRunner.runSequentially(SuiteRunner.java:450)
at org.testng.SuiteRunner.privateRun(SuiteRunner.java:415)
at org.testng.SuiteRunner.run(SuiteRunner.java:364)
at org.testng.SuiteRunnerWorker.runSuite(SuiteRunnerWorker.java:52)
at org.testng.SuiteRunnerWorker.run(SuiteRunnerWorker.java:84)
at org.testng.TestNG.runSuitesSequentially(TestNG.java:1208)
at org.testng.TestNG.runSuitesLocally(TestNG.java:1137)
at org.testng.TestNG.runSuites(TestNG.java:1049)
at org.testng.TestNG.run(TestNG.java:1017)
at org.apache.maven.surefire.testng.TestNGExecutor.run(TestNGExecutor.java:283)
at org.apache.maven.surefire.testng.TestNGXmlTestSuite.execute(TestNGXmlTestSuite.java:75)
at org.apache.maven.surefire.testng.TestNGProvider.invoke(TestNGProvider.java:120)
at org.apache.maven.surefire.booter.ForkedBooter.invokeProviderInSameClassLoader(ForkedBooter.java:384)
at org.apache.maven.surefire.booter.ForkedBooter.runSuitesInProcess(ForkedBooter.java:345)
at org.apache.maven.surefire.booter.ForkedBooter.execute(ForkedBooter.java:126)
at org.apache.maven.surefire.booter.ForkedBooter.main(ForkedBooter.java:418)
]]>
            </full-stacktrace>
          </exception> <!-- org.testng.SkipException -->
          <reporter-output>
          </reporter-output>
        </test-method> <!-- runScenario -->
        <test-method status="SKIP" signature="runScenario(cucumber.api.testng.PickleEventWrapper, cucumber.api.testng.CucumberFeatureWrapper)[pri:0, instance:com.poferries.freight.AutomationFramework.web.runner.RunCukes@1753acfe]" name="runScenario" duration-ms="129379" started-at="2020-05-29T00:50:56Z" description="Runs Cucumber Scenarios" data-provider="scenarios" finished-at="2020-05-29T00:53:06Z">
          <params>
            <param index="0">
              <value>
                <![CDATA["Make a booking for a prelodgement"]]>
              </value>
            </param>
            <param index="1">
              <value>
                <![CDATA["Validate the Booking process for a prelodgement for multiple languages"]]>
              </value>
            </param>
          </params>
          <exception class="org.testng.SkipException">
            <message>
              <![CDATA[There are undefined steps]]>
            </message>
            <full-stacktrace>
              <![CDATA[org.testng.SkipException: There are undefined steps
at cucumber.api.testng.TestCaseResultListener.getError(TestCaseResultListener.java:60)
at cucumber.api.testng.TestNGCucumberRunner.runScenario(TestNGCucumberRunner.java:61)
at cucumber.api.testng.AbstractTestNGCucumberTests.runScenario(AbstractTestNGCucumberTests.java:22)
at sun.reflect.GeneratedMethodAccessor15.invoke(Unknown Source)
at sun.reflect.DelegatingMethodAccessorImpl.invoke(DelegatingMethodAccessorImpl.java:43)
at java.lang.reflect.Method.invoke(Method.java:498)
at org.testng.internal.MethodInvocationHelper.invokeMethod(MethodInvocationHelper.java:124)
at org.testng.internal.Invoker.invokeMethod(Invoker.java:583)
at org.testng.internal.Invoker.invokeTestMethod(Invoker.java:719)
at org.testng.internal.Invoker.invokeTestMethods(Invoker.java:989)
at org.testng.internal.TestMethodWorker.invokeTestMethods(TestMethodWorker.java:125)
at org.testng.internal.TestMethodWorker.run(TestMethodWorker.java:109)
at org.testng.TestRunner.privateRun(TestRunner.java:648)
at org.testng.TestRunner.run(TestRunner.java:505)
at org.testng.SuiteRunner.runTest(SuiteRunner.java:455)
at org.testng.SuiteRunner.runSequentially(SuiteRunner.java:450)
at org.testng.SuiteRunner.privateRun(SuiteRunner.java:415)
at org.testng.SuiteRunner.run(SuiteRunner.java:364)
at org.testng.SuiteRunnerWorker.runSuite(SuiteRunnerWorker.java:52)
at org.testng.SuiteRunnerWorker.run(SuiteRunnerWorker.java:84)
at org.testng.TestNG.runSuitesSequentially(TestNG.java:1208)
at org.testng.TestNG.runSuitesLocally(TestNG.java:1137)
at org.testng.TestNG.runSuites(TestNG.java:1049)
at org.testng.TestNG.run(TestNG.java:1017)
at org.apache.maven.surefire.testng.TestNGExecutor.run(TestNGExecutor.java:283)
at org.apache.maven.surefire.testng.TestNGXmlTestSuite.execute(TestNGXmlTestSuite.java:75)
at org.apache.maven.surefire.testng.TestNGProvider.invoke(TestNGProvider.java:120)
at org.apache.maven.surefire.booter.ForkedBooter.invokeProviderInSameClassLoader(ForkedBooter.java:384)
at org.apache.maven.surefire.booter.ForkedBooter.runSuitesInProcess(ForkedBooter.java:345)
at org.apache.maven.surefire.booter.ForkedBooter.execute(ForkedBooter.java:126)
at org.apache.maven.surefire.booter.ForkedBooter.main(ForkedBooter.java:418)
]]>
            </full-stacktrace>
          </exception> <!-- org.testng.SkipException -->
          <reporter-output>
          </reporter-output>
        </test-method> <!-- runScenario -->
        <test-method status="PASS" signature="runScenario(cucumber.api.testng.PickleEventWrapper, cucumber.api.testng.CucumberFeatureWrapper)[pri:0, instance:com.poferries.freight.AutomationFramework.web.runner.RunCukes@1753acfe]" name="runScenario" duration-ms="39834" started-at="2020-05-29T00:53:06Z" description="Runs Cucumber Scenarios" data-provider="scenarios" finished-at="2020-05-29T00:53:45Z">
          <params>
            <param index="0">
              <value>
                <![CDATA["Verify error messages when invalid data is entered"]]>
              </value>
            </param>
            <param index="1">
              <value>
                <![CDATA["Verify Profile Page field validations"]]>
              </value>
            </param>
          </params>
          <reporter-output>
          </reporter-output>
        </test-method> <!-- runScenario -->
        <test-method status="PASS" signature="runScenario(cucumber.api.testng.PickleEventWrapper, cucumber.api.testng.CucumberFeatureWrapper)[pri:0, instance:com.poferries.freight.AutomationFramework.web.runner.RunCukes@1753acfe]" name="runScenario" duration-ms="42252" started-at="2020-05-29T00:53:45Z" description="Runs Cucumber Scenarios" data-provider="scenarios" finished-at="2020-05-29T00:54:28Z">
          <params>
            <param index="0">
              <value>
                <![CDATA["Verify error messages when invalid data is entered"]]>
              </value>
            </param>
            <param index="1">
              <value>
                <![CDATA["Verify Profile Page field validations"]]>
              </value>
            </param>
          </params>
          <reporter-output>
          </reporter-output>
        </test-method> <!-- runScenario -->
        <test-method status="PASS" signature="runScenario(cucumber.api.testng.PickleEventWrapper, cucumber.api.testng.CucumberFeatureWrapper)[pri:0, instance:com.poferries.freight.AutomationFramework.web.runner.RunCukes@1753acfe]" name="runScenario" duration-ms="41208" started-at="2020-05-29T00:54:28Z" description="Runs Cucumber Scenarios" data-provider="scenarios" finished-at="2020-05-29T00:55:09Z">
          <params>
            <param index="0">
              <value>
                <![CDATA["Verify error messages when invalid data is entered"]]>
              </value>
            </param>
            <param index="1">
              <value>
                <![CDATA["Verify Profile Page field validations"]]>
              </value>
            </param>
          </params>
          <reporter-output>
          </reporter-output>
        </test-method> <!-- runScenario -->
        <test-method status="PASS" signature="runScenario(cucumber.api.testng.PickleEventWrapper, cucumber.api.testng.CucumberFeatureWrapper)[pri:0, instance:com.poferries.freight.AutomationFramework.web.runner.RunCukes@1753acfe]" name="runScenario" duration-ms="53531" started-at="2020-05-29T00:55:09Z" description="Runs Cucumber Scenarios" data-provider="scenarios" finished-at="2020-05-29T00:56:02Z">
          <params>
            <param index="0">
              <value>
                <![CDATA["Verify wheather profile changes have been updated"]]>
              </value>
            </param>
            <param index="1">
              <value>
                <![CDATA["Verify Profile Page field validations"]]>
              </value>
            </param>
          </params>
          <reporter-output>
          </reporter-output>
        </test-method> <!-- runScenario -->
        <test-method status="PASS" signature="runScenario(cucumber.api.testng.PickleEventWrapper, cucumber.api.testng.CucumberFeatureWrapper)[pri:0, instance:com.poferries.freight.AutomationFramework.web.runner.RunCukes@1753acfe]" name="runScenario" duration-ms="69651" started-at="2020-05-29T00:56:02Z" description="Runs Cucumber Scenarios" data-provider="scenarios" finished-at="2020-05-29T00:57:12Z">
          <params>
            <param index="0">
              <value>
                <![CDATA["Make a booking for a prelodgement"]]>
              </value>
            </param>
            <param index="1">
              <value>
                <![CDATA["Vehicle length greater than TwentyTwo metre."]]>
              </value>
            </param>
          </params>
          <reporter-output>
          </reporter-output>
        </test-method> <!-- runScenario -->
        <test-method status="PASS" signature="runScenario(cucumber.api.testng.PickleEventWrapper, cucumber.api.testng.CucumberFeatureWrapper)[pri:0, instance:com.poferries.freight.AutomationFramework.web.runner.RunCukes@1753acfe]" name="runScenario" duration-ms="82491" started-at="2020-05-29T00:57:12Z" description="Runs Cucumber Scenarios" data-provider="scenarios" finished-at="2020-05-29T00:58:34Z">
          <params>
            <param index="0">
              <value>
                <![CDATA["Make a booking for a prelodgement"]]>
              </value>
            </param>
            <param index="1">
              <value>
                <![CDATA["Vehicle length greater than TwentyTwo metre."]]>
              </value>
            </param>
          </params>
          <reporter-output>
          </reporter-output>
        </test-method> <!-- runScenario -->
        <test-method status="PASS" signature="runScenario(cucumber.api.testng.PickleEventWrapper, cucumber.api.testng.CucumberFeatureWrapper)[pri:0, instance:com.poferries.freight.AutomationFramework.web.runner.RunCukes@1753acfe]" name="runScenario" duration-ms="67463" started-at="2020-05-29T00:58:34Z" description="Runs Cucumber Scenarios" data-provider="scenarios" finished-at="2020-05-29T00:59:42Z">
          <params>
            <param index="0">
              <value>
                <![CDATA["Make a booking for a prelodgement"]]>
              </value>
            </param>
            <param index="1">
              <value>
                <![CDATA["Vehicle length greater than TwentyTwo metre."]]>
              </value>
            </param>
          </params>
          <reporter-output>
          </reporter-output>
        </test-method> <!-- runScenario -->
        <test-method status="PASS" signature="runScenario(cucumber.api.testng.PickleEventWrapper, cucumber.api.testng.CucumberFeatureWrapper)[pri:0, instance:com.poferries.freight.AutomationFramework.web.runner.RunCukes@1753acfe]" name="runScenario" duration-ms="97277" started-at="2020-05-29T00:59:42Z" description="Runs Cucumber Scenarios" data-provider="scenarios" finished-at="2020-05-29T01:01:19Z">
          <params>
            <param index="0">
              <value>
                <![CDATA["Make a booking for a prelodgement"]]>
              </value>
            </param>
            <param index="1">
              <value>
                <![CDATA["Vehicle length greater than TwentyTwo metre."]]>
              </value>
            </param>
          </params>
          <reporter-output>
          </reporter-output>
        </test-method> <!-- runScenario -->
        <test-method status="PASS" signature="runScenario(cucumber.api.testng.PickleEventWrapper, cucumber.api.testng.CucumberFeatureWrapper)[pri:0, instance:com.poferries.freight.AutomationFramework.web.runner.RunCukes@1753acfe]" name="runScenario" duration-ms="87340" started-at="2020-05-29T01:01:19Z" description="Runs Cucumber Scenarios" data-provider="scenarios" finished-at="2020-05-29T01:02:47Z">
          <params>
            <param index="0">
              <value>
                <![CDATA["Amend Booking"]]>
              </value>
            </param>
            <param index="1">
              <value>
                <![CDATA["Vehicle Registration Field"]]>
              </value>
            </param>
          </params>
          <reporter-output>
          </reporter-output>
        </test-method> <!-- runScenario -->
        <test-method status="PASS" signature="runScenario(cucumber.api.testng.PickleEventWrapper, cucumber.api.testng.CucumberFeatureWrapper)[pri:0, instance:com.poferries.freight.AutomationFramework.web.runner.RunCukes@1753acfe]" name="runScenario" duration-ms="68103" started-at="2020-05-29T01:02:47Z" description="Runs Cucumber Scenarios" data-provider="scenarios" finished-at="2020-05-29T01:03:55Z">
          <params>
            <param index="0">
              <value>
                <![CDATA["Amend Booking"]]>
              </value>
            </param>
            <param index="1">
              <value>
                <![CDATA["Vehicle Registration Field"]]>
              </value>
            </param>
          </params>
          <reporter-output>
          </reporter-output>
        </test-method> <!-- runScenario -->
        <test-method status="PASS" signature="tearDownClass()[pri:0, instance:com.poferries.freight.AutomationFramework.web.runner.RunCukes@1753acfe]" name="tearDownClass" is-config="true" duration-ms="1622" started-at="2020-05-29T01:03:55Z" finished-at="2020-05-29T01:03:56Z">
          <reporter-output>
          </reporter-output>
        </test-method> <!-- tearDownClass -->
      </class> <!-- com.poferries.freight.AutomationFramework.web.runner.RunCukes -->
    </test> <!-- Test1 -->
  </suite> <!-- Suite -->
</testng-results>
