<?xml version="1.0" encoding="UTF-8"?>
<!-- Generated by org.testng.reporters.JUnitReportReporter -->
<testsuite skipped="6" hostname="DESKTOP-KISPH7H" name="com.poferries.freight.AutomationFramework.web.runner.RunCukes" tests="72" failures="7" timestamp="29 May 2020 01:03:57 GMT" time="7186.952" errors="5">
  <testcase name="runScenario" time="84.991" classname="com.poferries.freight.AutomationFramework.web.runner.RunCukes"/>
  <testcase name="runScenario" time="99.641" classname="com.poferries.freight.AutomationFramework.web.runner.RunCukes"/>
  <testcase name="runScenario" time="107.546" classname="com.poferries.freight.AutomationFramework.web.runner.RunCukes"/>
  <testcase name="runScenario" time="142.806" classname="com.poferries.freight.AutomationFramework.web.runner.RunCukes">
    <skipped/>
  </testcase> <!-- runScenario -->
  <testcase name="runScenario" time="16.929" classname="com.poferries.freight.AutomationFramework.web.runner.RunCukes"/>
  <testcase name="runScenario" time="85.013" classname="com.poferries.freight.AutomationFramework.web.runner.RunCukes"/>
  <testcase name="runScenario" time="216.026" classname="com.poferries.freight.AutomationFramework.web.runner.RunCukes"/>
  <testcase name="runScenario" time="107.493" classname="com.poferries.freight.AutomationFramework.web.runner.RunCukes"/>
  <testcase name="runScenario" time="143.018" classname="com.poferries.freight.AutomationFramework.web.runner.RunCukes">
    <failure type="java.lang.AssertionError" message="expected [29-May-2020] but found [28-May-2020]">
      <![CDATA[java.lang.AssertionError: expected [29-May-2020] but found [28-May-2020]
at org.testng.Assert.fail(Assert.java:96)
at org.testng.Assert.failNotEquals(Assert.java:776)
at org.testng.Assert.assertEqualsImpl(Assert.java:137)
at org.testng.Assert.assertEquals(Assert.java:118)
at org.testng.Assert.assertEquals(Assert.java:453)
at org.testng.Assert.assertEquals(Assert.java:463)
at com.poferries.freight.AutomationFramework.web.stepDefinitions.MakeABookingSteps.i_verify_the_confirmed_Payment_Details_and(MakeABookingSteps.java:1111)
at ✽.I verify the confirmed Payment Details "dt_paymentDate","dt_paymentType" and "dt_paymentStatus"(file:src/test/resources/features/web/MakeABookingDataDriven.feature:62)
]]>
    </failure>
  </testcase> <!-- runScenario -->
  <testcase name="runScenario" time="77.453" classname="com.poferries.freight.AutomationFramework.web.runner.RunCukes"/>
  <testcase name="runScenario" time="132.193" classname="com.poferries.freight.AutomationFramework.web.runner.RunCukes"/>
  <testcase name="runScenario" time="97.829" classname="com.poferries.freight.AutomationFramework.web.runner.RunCukes"/>
  <testcase name="runScenario" time="42.252" classname="com.poferries.freight.AutomationFramework.web.runner.RunCukes"/>
  <testcase name="runScenario" time="133.920" classname="com.poferries.freight.AutomationFramework.web.runner.RunCukes"/>
  <testcase name="runScenario" time="53.531" classname="com.poferries.freight.AutomationFramework.web.runner.RunCukes"/>
  <testcase name="runScenario" time="351.072" classname="com.poferries.freight.AutomationFramework.web.runner.RunCukes">
    <error type="org.openqa.selenium.NoSuchElementException" message="no such element: Unable to locate element: {&quot;method&quot;:&quot;link text&quot;,&quot;selector&quot;:&quot;Logout&quot;}
  (Session info: chrome=79.0.3945.79)
For documentation on this error, please visit: https://www.seleniumhq.org/exceptions/no_such_element.html
Build info: version: &#039;3.141.59&#039;, revision: &#039;e82be7d358&#039;, time: &#039;2018-11-14T08:17:03&#039;
System info: host: &#039;DESKTOP-KISPH7H&#039;, ip: &#039;192.168.0.7&#039;, os.name: &#039;Windows 10&#039;, os.arch: &#039;amd64&#039;, os.version: &#039;10.0&#039;, java.version: &#039;1.8.0_241&#039;
Driver info: org.openqa.selenium.chrome.ChromeDriver
Capabilities {acceptInsecureCerts: false, browserName: chrome, browserVersion: 79.0.3945.79, chrome: {chromedriverVersion: 79.0.3945.36 (3582db32b3389..., userDataDir: C:\Users\AKHIL\AppData\Loca...}, goog:chromeOptions: {debuggerAddress: localhost:57340}, javascriptEnabled: true, networkConnectionEnabled: false, pageLoadStrategy: normal, platform: WINDOWS, platformName: WINDOWS, proxy: Proxy(), setWindowRect: true, strictFileInteractability: false, timeouts: {implicit: 0, pageLoad: 300000, script: 30000}, unhandledPromptBehavior: dismiss and notify}
Session ID: 55c27ec3539c00b06a5d1b05806160d8
*** Element info: {Using=link text, value=Logout}">
      <![CDATA[org.openqa.selenium.NoSuchElementException: no such element: Unable to locate element: {"method":"link text","selector":"Logout"}
  (Session info: chrome=79.0.3945.79)
For documentation on this error, please visit: https://www.seleniumhq.org/exceptions/no_such_element.html
Build info: version: '3.141.59', revision: 'e82be7d358', time: '2018-11-14T08:17:03'
System info: host: 'DESKTOP-KISPH7H', ip: '192.168.0.7', os.name: 'Windows 10', os.arch: 'amd64', os.version: '10.0', java.version: '1.8.0_241'
Driver info: org.openqa.selenium.chrome.ChromeDriver
Capabilities {acceptInsecureCerts: false, browserName: chrome, browserVersion: 79.0.3945.79, chrome: {chromedriverVersion: 79.0.3945.36 (3582db32b3389..., userDataDir: C:\Users\AKHIL\AppData\Loca...}, goog:chromeOptions: {debuggerAddress: localhost:57340}, javascriptEnabled: true, networkConnectionEnabled: false, pageLoadStrategy: normal, platform: WINDOWS, platformName: WINDOWS, proxy: Proxy(), setWindowRect: true, strictFileInteractability: false, timeouts: {implicit: 0, pageLoad: 300000, script: 30000}, unhandledPromptBehavior: dismiss and notify}
Session ID: 55c27ec3539c00b06a5d1b05806160d8
*** Element info: {Using=link text, value=Logout}
at sun.reflect.NativeConstructorAccessorImpl.newInstance0(Native Method)
at sun.reflect.NativeConstructorAccessorImpl.newInstance(NativeConstructorAccessorImpl.java:62)
at sun.reflect.DelegatingConstructorAccessorImpl.newInstance(DelegatingConstructorAccessorImpl.java:45)
at java.lang.reflect.Constructor.newInstance(Constructor.java:423)
at org.openqa.selenium.remote.http.W3CHttpResponseCodec.createException(W3CHttpResponseCodec.java:187)
at org.openqa.selenium.remote.http.W3CHttpResponseCodec.decode(W3CHttpResponseCodec.java:122)
at org.openqa.selenium.remote.http.W3CHttpResponseCodec.decode(W3CHttpResponseCodec.java:49)
at org.openqa.selenium.remote.HttpCommandExecutor.execute(HttpCommandExecutor.java:158)
at org.openqa.selenium.remote.service.DriverCommandExecutor.execute(DriverCommandExecutor.java:83)
at org.openqa.selenium.remote.RemoteWebDriver.execute(RemoteWebDriver.java:552)
at org.openqa.selenium.remote.RemoteWebDriver.findElement(RemoteWebDriver.java:323)
at org.openqa.selenium.remote.RemoteWebDriver.findElementByLinkText(RemoteWebDriver.java:380)
at org.openqa.selenium.By$ByLinkText.findElement(By.java:220)
at org.openqa.selenium.remote.RemoteWebDriver.findElement(RemoteWebDriver.java:315)
at org.openqa.selenium.support.pagefactory.DefaultElementLocator.findElement(DefaultElementLocator.java:69)
at org.openqa.selenium.support.pagefactory.internal.LocatingElementHandler.invoke(LocatingElementHandler.java:38)
at com.sun.proxy.$Proxy17.click(Unknown Source)
at com.poferries.freight.AutomationFramework.web.actions.HomePageActions.clickLogOut(HomePageActions.java:31)
at com.poferries.freight.AutomationFramework.web.stepDefinitions.LoginSteps.i_click_the_LogOut_Link(LoginSteps.java:67)
at ✽.I click the LogOut Link(file:src/test/resources/features/web/ChangePassword.feature:44)
]]>
    </error>
  </testcase> <!-- runScenario -->
  <testcase name="runScenario" time="26.794" classname="com.poferries.freight.AutomationFramework.web.runner.RunCukes">
    <error type="org.openqa.selenium.StaleElementReferenceException" message="stale element reference: element is not attached to the page document
  (Session info: chrome=79.0.3945.79)
For documentation on this error, please visit: https://www.seleniumhq.org/exceptions/stale_element_reference.html
Build info: version: &#039;3.141.59&#039;, revision: &#039;e82be7d358&#039;, time: &#039;2018-11-14T08:17:03&#039;
System info: host: &#039;DESKTOP-KISPH7H&#039;, ip: &#039;192.168.0.7&#039;, os.name: &#039;Windows 10&#039;, os.arch: &#039;amd64&#039;, os.version: &#039;10.0&#039;, java.version: &#039;1.8.0_241&#039;
Driver info: org.openqa.selenium.chrome.ChromeDriver
Capabilities {acceptInsecureCerts: false, browserName: chrome, browserVersion: 79.0.3945.79, chrome: {chromedriverVersion: 79.0.3945.36 (3582db32b3389..., userDataDir: C:\Users\AKHIL\AppData\Loca...}, goog:chromeOptions: {debuggerAddress: localhost:58947}, javascriptEnabled: true, networkConnectionEnabled: false, pageLoadStrategy: normal, platform: WINDOWS, platformName: WINDOWS, proxy: Proxy(), setWindowRect: true, strictFileInteractability: false, timeouts: {implicit: 0, pageLoad: 300000, script: 30000}, unhandledPromptBehavior: dismiss and notify}
Session ID: a46eb993f0a6f6044eb2e8c2126739cf">
      <![CDATA[org.openqa.selenium.StaleElementReferenceException: stale element reference: element is not attached to the page document
  (Session info: chrome=79.0.3945.79)
For documentation on this error, please visit: https://www.seleniumhq.org/exceptions/stale_element_reference.html
Build info: version: '3.141.59', revision: 'e82be7d358', time: '2018-11-14T08:17:03'
System info: host: 'DESKTOP-KISPH7H', ip: '192.168.0.7', os.name: 'Windows 10', os.arch: 'amd64', os.version: '10.0', java.version: '1.8.0_241'
Driver info: org.openqa.selenium.chrome.ChromeDriver
Capabilities {acceptInsecureCerts: false, browserName: chrome, browserVersion: 79.0.3945.79, chrome: {chromedriverVersion: 79.0.3945.36 (3582db32b3389..., userDataDir: C:\Users\AKHIL\AppData\Loca...}, goog:chromeOptions: {debuggerAddress: localhost:58947}, javascriptEnabled: true, networkConnectionEnabled: false, pageLoadStrategy: normal, platform: WINDOWS, platformName: WINDOWS, proxy: Proxy(), setWindowRect: true, strictFileInteractability: false, timeouts: {implicit: 0, pageLoad: 300000, script: 30000}, unhandledPromptBehavior: dismiss and notify}
Session ID: a46eb993f0a6f6044eb2e8c2126739cf
at sun.reflect.NativeConstructorAccessorImpl.newInstance0(Native Method)
at sun.reflect.NativeConstructorAccessorImpl.newInstance(NativeConstructorAccessorImpl.java:62)
at sun.reflect.DelegatingConstructorAccessorImpl.newInstance(DelegatingConstructorAccessorImpl.java:45)
at java.lang.reflect.Constructor.newInstance(Constructor.java:423)
at org.openqa.selenium.remote.http.W3CHttpResponseCodec.createException(W3CHttpResponseCodec.java:187)
at org.openqa.selenium.remote.http.W3CHttpResponseCodec.decode(W3CHttpResponseCodec.java:122)
at org.openqa.selenium.remote.http.W3CHttpResponseCodec.decode(W3CHttpResponseCodec.java:49)
at org.openqa.selenium.remote.HttpCommandExecutor.execute(HttpCommandExecutor.java:158)
at org.openqa.selenium.remote.service.DriverCommandExecutor.execute(DriverCommandExecutor.java:83)
at org.openqa.selenium.remote.RemoteWebDriver.execute(RemoteWebDriver.java:552)
at org.openqa.selenium.remote.RemoteWebElement.execute(RemoteWebElement.java:285)
at org.openqa.selenium.remote.RemoteWebElement.getAttribute(RemoteWebElement.java:134)
at sun.reflect.GeneratedMethodAccessor5.invoke(Unknown Source)
at sun.reflect.DelegatingMethodAccessorImpl.invoke(DelegatingMethodAccessorImpl.java:43)
at java.lang.reflect.Method.invoke(Method.java:498)
at org.openqa.selenium.support.pagefactory.internal.LocatingElementHandler.invoke(LocatingElementHandler.java:51)
at com.sun.proxy.$Proxy17.getAttribute(Unknown Source)
at org.openqa.selenium.support.ui.ExpectedConditions$37.apply(ExpectedConditions.java:1052)
at org.openqa.selenium.support.ui.ExpectedConditions$37.apply(ExpectedConditions.java:1047)
at org.openqa.selenium.support.ui.FluentWait.until(FluentWait.java:249)
at com.poferries.freight.AutomationFramework.web.actions.HomePageActions.waitForProgressbarToappear(HomePageActions.java:57)
at com.poferries.freight.AutomationFramework.web.actions.HomePageActions.makeLengthAndLanguageSelections(HomePageActions.java:141)
at com.poferries.freight.AutomationFramework.web.stepDefinitions.MakeABookingSteps.i_set_the_and_units_and(MakeABookingSteps.java:118)
at ✽.I set the "dt_language" and "dt_lengthUnit" units and "125"(file:src/test/resources/features/web/MakeABookingDataDriven.feature:25)
]]>
    </error>
  </testcase> <!-- runScenario -->
  <testcase name="runScenario" time="102.555" classname="com.poferries.freight.AutomationFramework.web.runner.RunCukes"/>
  <testcase name="runScenario" time="128.087" classname="com.poferries.freight.AutomationFramework.web.runner.RunCukes">
    <failure type="java.lang.AssertionError" message="expected [29-May-2020] but found [28-May-2020]">
      <![CDATA[java.lang.AssertionError: expected [29-May-2020] but found [28-May-2020]
at org.testng.Assert.fail(Assert.java:96)
at org.testng.Assert.failNotEquals(Assert.java:776)
at org.testng.Assert.assertEqualsImpl(Assert.java:137)
at org.testng.Assert.assertEquals(Assert.java:118)
at org.testng.Assert.assertEquals(Assert.java:453)
at org.testng.Assert.assertEquals(Assert.java:463)
at com.poferries.freight.AutomationFramework.web.stepDefinitions.MakeABookingSteps.i_verify_the_confirmed_Payment_Details_and(MakeABookingSteps.java:1111)
at ✽.I verify the confirmed Payment Details "dt_paymentDate","dt_paymentType" and "dt_paymentStatus"(file:src/test/resources/features/web/MakeABookingDataDriven.feature:62)
]]>
    </failure>
  </testcase> <!-- runScenario -->
  <testcase name="runScenario" time="140.209" classname="com.poferries.freight.AutomationFramework.web.runner.RunCukes"/>
  <testcase name="runScenario" time="90.991" classname="com.poferries.freight.AutomationFramework.web.runner.RunCukes"/>
  <testcase name="runScenario" time="24.888" classname="com.poferries.freight.AutomationFramework.web.runner.RunCukes"/>
  <testcase name="runScenario" time="41.208" classname="com.poferries.freight.AutomationFramework.web.runner.RunCukes"/>
  <testcase name="runScenario" time="68.103" classname="com.poferries.freight.AutomationFramework.web.runner.RunCukes"/>
  <testcase name="runScenario" time="24.060" classname="com.poferries.freight.AutomationFramework.web.runner.RunCukes"/>
  <testcase name="runScenario" time="138.678" classname="com.poferries.freight.AutomationFramework.web.runner.RunCukes"/>
  <testcase name="runScenario" time="107.142" classname="com.poferries.freight.AutomationFramework.web.runner.RunCukes"/>
  <testcase name="runScenario" time="27.226" classname="com.poferries.freight.AutomationFramework.web.runner.RunCukes"/>
  <testcase name="runScenario" time="108.779" classname="com.poferries.freight.AutomationFramework.web.runner.RunCukes"/>
  <testcase name="runScenario" time="124.964" classname="com.poferries.freight.AutomationFramework.web.runner.RunCukes">
    <failure type="java.lang.AssertionError" message="expected [29-May-2020] but found [28-May-2020]">
      <![CDATA[java.lang.AssertionError: expected [29-May-2020] but found [28-May-2020]
at org.testng.Assert.fail(Assert.java:96)
at org.testng.Assert.failNotEquals(Assert.java:776)
at org.testng.Assert.assertEqualsImpl(Assert.java:137)
at org.testng.Assert.assertEquals(Assert.java:118)
at org.testng.Assert.assertEquals(Assert.java:453)
at org.testng.Assert.assertEquals(Assert.java:463)
at com.poferries.freight.AutomationFramework.web.stepDefinitions.MakeABookingSteps.i_verify_the_confirmed_Payment_Details_and(MakeABookingSteps.java:1111)
at ✽.I verify the confirmed Payment Details "dt_paymentDate","dt_paymentType" and "dt_paymentStatus"(file:src/test/resources/features/web/MakeABookingDataDriven.feature:62)
]]>
    </failure>
  </testcase> <!-- runScenario -->
  <testcase name="runScenario" time="26.241" classname="com.poferries.freight.AutomationFramework.web.runner.RunCukes"/>
  <testcase name="runScenario" time="107.906" classname="com.poferries.freight.AutomationFramework.web.runner.RunCukes"/>
  <testcase name="runScenario" time="34.697" classname="com.poferries.freight.AutomationFramework.web.runner.RunCukes"/>
  <testcase name="runScenario" time="87.340" classname="com.poferries.freight.AutomationFramework.web.runner.RunCukes"/>
  <testcase name="runScenario" time="128.441" classname="com.poferries.freight.AutomationFramework.web.runner.RunCukes">
    <failure type="java.lang.AssertionError" message="expected [29-May-2020] but found [28-May-2020]">
      <![CDATA[java.lang.AssertionError: expected [29-May-2020] but found [28-May-2020]
at org.testng.Assert.fail(Assert.java:96)
at org.testng.Assert.failNotEquals(Assert.java:776)
at org.testng.Assert.assertEqualsImpl(Assert.java:137)
at org.testng.Assert.assertEquals(Assert.java:118)
at org.testng.Assert.assertEquals(Assert.java:453)
at org.testng.Assert.assertEquals(Assert.java:463)
at com.poferries.freight.AutomationFramework.web.stepDefinitions.MakeABookingSteps.i_verify_the_confirmed_Payment_Details_and(MakeABookingSteps.java:1111)
at ✽.I verify the confirmed Payment Details "dt_paymentDate","dt_paymentType" and "dt_paymentStatus"(file:src/test/resources/features/web/MakeABookingDataDriven.feature:62)
]]>
    </failure>
  </testcase> <!-- runScenario -->
  <testcase name="runScenario" time="132.641" classname="com.poferries.freight.AutomationFramework.web.runner.RunCukes">
    <skipped/>
  </testcase> <!-- runScenario -->
  <testcase name="runScenario" time="110.468" classname="com.poferries.freight.AutomationFramework.web.runner.RunCukes"/>
  <testcase name="runScenario" time="193.804" classname="com.poferries.freight.AutomationFramework.web.runner.RunCukes"/>
  <testcase name="runScenario" time="144.953" classname="com.poferries.freight.AutomationFramework.web.runner.RunCukes">
    <error type="org.openqa.selenium.InvalidSelectorException" message="invalid selector: Unable to locate an element with the xpath expression //*[@class=&#039;btn btn-secondary float-left&#039; because of the following error:
SyntaxError: Failed to execute &#039;evaluate&#039; on &#039;Document&#039;: The string &#039;//*[@class=&#039;btn btn-secondary float-left&#039;&#039; is not a valid XPath expression.
  (Session info: chrome=79.0.3945.79)
For documentation on this error, please visit: https://www.seleniumhq.org/exceptions/invalid_selector_exception.html
Build info: version: &#039;3.141.59&#039;, revision: &#039;e82be7d358&#039;, time: &#039;2018-11-14T08:17:03&#039;
System info: host: &#039;DESKTOP-KISPH7H&#039;, ip: &#039;192.168.0.7&#039;, os.name: &#039;Windows 10&#039;, os.arch: &#039;amd64&#039;, os.version: &#039;10.0&#039;, java.version: &#039;1.8.0_241&#039;
Driver info: org.openqa.selenium.chrome.ChromeDriver
Capabilities {acceptInsecureCerts: false, browserName: chrome, browserVersion: 79.0.3945.79, chrome: {chromedriverVersion: 79.0.3945.36 (3582db32b3389..., userDataDir: C:\Users\AKHIL\AppData\Loca...}, goog:chromeOptions: {debuggerAddress: localhost:57807}, javascriptEnabled: true, networkConnectionEnabled: false, pageLoadStrategy: normal, platform: WINDOWS, platformName: WINDOWS, proxy: Proxy(), setWindowRect: true, strictFileInteractability: false, timeouts: {implicit: 0, pageLoad: 300000, script: 30000}, unhandledPromptBehavior: dismiss and notify}
Session ID: e4c0e37740922e51a94cb9f48008772b
*** Element info: {Using=xpath, value=//*[@class=&#039;btn btn-secondary float-left&#039;}">
      <![CDATA[org.openqa.selenium.InvalidSelectorException: invalid selector: Unable to locate an element with the xpath expression //*[@class='btn btn-secondary float-left' because of the following error:
SyntaxError: Failed to execute 'evaluate' on 'Document': The string '//*[@class='btn btn-secondary float-left'' is not a valid XPath expression.
  (Session info: chrome=79.0.3945.79)
For documentation on this error, please visit: https://www.seleniumhq.org/exceptions/invalid_selector_exception.html
Build info: version: '3.141.59', revision: 'e82be7d358', time: '2018-11-14T08:17:03'
System info: host: 'DESKTOP-KISPH7H', ip: '192.168.0.7', os.name: 'Windows 10', os.arch: 'amd64', os.version: '10.0', java.version: '1.8.0_241'
Driver info: org.openqa.selenium.chrome.ChromeDriver
Capabilities {acceptInsecureCerts: false, browserName: chrome, browserVersion: 79.0.3945.79, chrome: {chromedriverVersion: 79.0.3945.36 (3582db32b3389..., userDataDir: C:\Users\AKHIL\AppData\Loca...}, goog:chromeOptions: {debuggerAddress: localhost:57807}, javascriptEnabled: true, networkConnectionEnabled: false, pageLoadStrategy: normal, platform: WINDOWS, platformName: WINDOWS, proxy: Proxy(), setWindowRect: true, strictFileInteractability: false, timeouts: {implicit: 0, pageLoad: 300000, script: 30000}, unhandledPromptBehavior: dismiss and notify}
Session ID: e4c0e37740922e51a94cb9f48008772b
*** Element info: {Using=xpath, value=//*[@class='btn btn-secondary float-left'}
at sun.reflect.NativeConstructorAccessorImpl.newInstance0(Native Method)
at sun.reflect.NativeConstructorAccessorImpl.newInstance(NativeConstructorAccessorImpl.java:62)
at sun.reflect.DelegatingConstructorAccessorImpl.newInstance(DelegatingConstructorAccessorImpl.java:45)
at java.lang.reflect.Constructor.newInstance(Constructor.java:423)
at org.openqa.selenium.remote.http.W3CHttpResponseCodec.createException(W3CHttpResponseCodec.java:187)
at org.openqa.selenium.remote.http.W3CHttpResponseCodec.decode(W3CHttpResponseCodec.java:122)
at org.openqa.selenium.remote.http.W3CHttpResponseCodec.decode(W3CHttpResponseCodec.java:49)
at org.openqa.selenium.remote.HttpCommandExecutor.execute(HttpCommandExecutor.java:158)
at org.openqa.selenium.remote.service.DriverCommandExecutor.execute(DriverCommandExecutor.java:83)
at org.openqa.selenium.remote.RemoteWebDriver.execute(RemoteWebDriver.java:552)
at org.openqa.selenium.remote.RemoteWebDriver.findElement(RemoteWebDriver.java:323)
at org.openqa.selenium.remote.RemoteWebDriver.findElementByXPath(RemoteWebDriver.java:428)
at org.openqa.selenium.By$ByXPath.findElement(By.java:353)
at org.openqa.selenium.remote.RemoteWebDriver.findElement(RemoteWebDriver.java:315)
at org.openqa.selenium.support.pagefactory.DefaultElementLocator.findElement(DefaultElementLocator.java:69)
at org.openqa.selenium.support.pagefactory.internal.LocatingElementHandler.invoke(LocatingElementHandler.java:38)
at com.sun.proxy.$Proxy17.click(Unknown Source)
at com.poferries.freight.AutomationFramework.web.actions.PaymentFailurePageActions.closeSurveyPopup(PaymentFailurePageActions.java:37)
at com.poferries.freight.AutomationFramework.web.stepDefinitions.MakeABookingSteps.i_close_the_survey_popup(MakeABookingSteps.java:1377)
at ✽.I close the survey popup(file:src/test/resources/features/web/InvalidCardDetailsAndCancelPayment.feature:42)
]]>
    </error>
  </testcase> <!-- runScenario -->
  <testcase name="runScenario" time="121.226" classname="com.poferries.freight.AutomationFramework.web.runner.RunCukes"/>
  <testcase name="runScenario" time="115.937" classname="com.poferries.freight.AutomationFramework.web.runner.RunCukes"/>
  <testcase name="runScenario" time="88.756" classname="com.poferries.freight.AutomationFramework.web.runner.RunCukes"/>
  <testcase name="runScenario" time="85.902" classname="com.poferries.freight.AutomationFramework.web.runner.RunCukes"/>
  <testcase name="runScenario" time="91.166" classname="com.poferries.freight.AutomationFramework.web.runner.RunCukes"/>
  <testcase name="runScenario" time="120.740" classname="com.poferries.freight.AutomationFramework.web.runner.RunCukes">
    <skipped/>
  </testcase> <!-- runScenario -->
  <testcase name="runScenario" time="115.700" classname="com.poferries.freight.AutomationFramework.web.runner.RunCukes"/>
  <testcase name="runScenario" time="102.479" classname="com.poferries.freight.AutomationFramework.web.runner.RunCukes"/>
  <testcase name="runScenario" time="120.426" classname="com.poferries.freight.AutomationFramework.web.runner.RunCukes">
    <failure type="java.lang.AssertionError" message="expected [29-May-2020] but found [28-May-2020]">
      <![CDATA[java.lang.AssertionError: expected [29-May-2020] but found [28-May-2020]
at org.testng.Assert.fail(Assert.java:96)
at org.testng.Assert.failNotEquals(Assert.java:776)
at org.testng.Assert.assertEqualsImpl(Assert.java:137)
at org.testng.Assert.assertEquals(Assert.java:118)
at org.testng.Assert.assertEquals(Assert.java:453)
at org.testng.Assert.assertEquals(Assert.java:463)
at com.poferries.freight.AutomationFramework.web.stepDefinitions.MakeABookingSteps.i_verify_the_confirmed_Payment_Details_and(MakeABookingSteps.java:1111)
at ✽.I verify the confirmed Payment Details "dt_paymentDate","dt_paymentType" and "dt_paymentStatus"(file:src/test/resources/features/web/MakeABookingDataDriven.feature:62)
]]>
    </failure>
  </testcase> <!-- runScenario -->
  <testcase name="runScenario" time="115.500" classname="com.poferries.freight.AutomationFramework.web.runner.RunCukes"/>
  <testcase name="runScenario" time="102.412" classname="com.poferries.freight.AutomationFramework.web.runner.RunCukes"/>
  <testcase name="runScenario" time="105.543" classname="com.poferries.freight.AutomationFramework.web.runner.RunCukes">
    <error type="org.openqa.selenium.InvalidSelectorException" message="invalid selector: Unable to locate an element with the xpath expression //*[@class=&#039;btn btn-secondary float-left&#039; because of the following error:
SyntaxError: Failed to execute &#039;evaluate&#039; on &#039;Document&#039;: The string &#039;//*[@class=&#039;btn btn-secondary float-left&#039;&#039; is not a valid XPath expression.
  (Session info: chrome=79.0.3945.79)
For documentation on this error, please visit: https://www.seleniumhq.org/exceptions/invalid_selector_exception.html
Build info: version: &#039;3.141.59&#039;, revision: &#039;e82be7d358&#039;, time: &#039;2018-11-14T08:17:03&#039;
System info: host: &#039;DESKTOP-KISPH7H&#039;, ip: &#039;192.168.0.7&#039;, os.name: &#039;Windows 10&#039;, os.arch: &#039;amd64&#039;, os.version: &#039;10.0&#039;, java.version: &#039;1.8.0_241&#039;
Driver info: org.openqa.selenium.chrome.ChromeDriver
Capabilities {acceptInsecureCerts: false, browserName: chrome, browserVersion: 79.0.3945.79, chrome: {chromedriverVersion: 79.0.3945.36 (3582db32b3389..., userDataDir: C:\Users\AKHIL\AppData\Loca...}, goog:chromeOptions: {debuggerAddress: localhost:57867}, javascriptEnabled: true, networkConnectionEnabled: false, pageLoadStrategy: normal, platform: WINDOWS, platformName: WINDOWS, proxy: Proxy(), setWindowRect: true, strictFileInteractability: false, timeouts: {implicit: 0, pageLoad: 300000, script: 30000}, unhandledPromptBehavior: dismiss and notify}
Session ID: 5e3390ca785df81b66ef53e44414cd11
*** Element info: {Using=xpath, value=//*[@class=&#039;btn btn-secondary float-left&#039;}">
      <![CDATA[org.openqa.selenium.InvalidSelectorException: invalid selector: Unable to locate an element with the xpath expression //*[@class='btn btn-secondary float-left' because of the following error:
SyntaxError: Failed to execute 'evaluate' on 'Document': The string '//*[@class='btn btn-secondary float-left'' is not a valid XPath expression.
  (Session info: chrome=79.0.3945.79)
For documentation on this error, please visit: https://www.seleniumhq.org/exceptions/invalid_selector_exception.html
Build info: version: '3.141.59', revision: 'e82be7d358', time: '2018-11-14T08:17:03'
System info: host: 'DESKTOP-KISPH7H', ip: '192.168.0.7', os.name: 'Windows 10', os.arch: 'amd64', os.version: '10.0', java.version: '1.8.0_241'
Driver info: org.openqa.selenium.chrome.ChromeDriver
Capabilities {acceptInsecureCerts: false, browserName: chrome, browserVersion: 79.0.3945.79, chrome: {chromedriverVersion: 79.0.3945.36 (3582db32b3389..., userDataDir: C:\Users\AKHIL\AppData\Loca...}, goog:chromeOptions: {debuggerAddress: localhost:57867}, javascriptEnabled: true, networkConnectionEnabled: false, pageLoadStrategy: normal, platform: WINDOWS, platformName: WINDOWS, proxy: Proxy(), setWindowRect: true, strictFileInteractability: false, timeouts: {implicit: 0, pageLoad: 300000, script: 30000}, unhandledPromptBehavior: dismiss and notify}
Session ID: 5e3390ca785df81b66ef53e44414cd11
*** Element info: {Using=xpath, value=//*[@class='btn btn-secondary float-left'}
at sun.reflect.NativeConstructorAccessorImpl.newInstance0(Native Method)
at sun.reflect.NativeConstructorAccessorImpl.newInstance(NativeConstructorAccessorImpl.java:62)
at sun.reflect.DelegatingConstructorAccessorImpl.newInstance(DelegatingConstructorAccessorImpl.java:45)
at java.lang.reflect.Constructor.newInstance(Constructor.java:423)
at org.openqa.selenium.remote.http.W3CHttpResponseCodec.createException(W3CHttpResponseCodec.java:187)
at org.openqa.selenium.remote.http.W3CHttpResponseCodec.decode(W3CHttpResponseCodec.java:122)
at org.openqa.selenium.remote.http.W3CHttpResponseCodec.decode(W3CHttpResponseCodec.java:49)
at org.openqa.selenium.remote.HttpCommandExecutor.execute(HttpCommandExecutor.java:158)
at org.openqa.selenium.remote.service.DriverCommandExecutor.execute(DriverCommandExecutor.java:83)
at org.openqa.selenium.remote.RemoteWebDriver.execute(RemoteWebDriver.java:552)
at org.openqa.selenium.remote.RemoteWebDriver.findElement(RemoteWebDriver.java:323)
at org.openqa.selenium.remote.RemoteWebDriver.findElementByXPath(RemoteWebDriver.java:428)
at org.openqa.selenium.By$ByXPath.findElement(By.java:353)
at org.openqa.selenium.remote.RemoteWebDriver.findElement(RemoteWebDriver.java:315)
at org.openqa.selenium.support.pagefactory.DefaultElementLocator.findElement(DefaultElementLocator.java:69)
at org.openqa.selenium.support.pagefactory.internal.LocatingElementHandler.invoke(LocatingElementHandler.java:38)
at com.sun.proxy.$Proxy17.click(Unknown Source)
at com.poferries.freight.AutomationFramework.web.actions.PaymentFailurePageActions.closeSurveyPopup(PaymentFailurePageActions.java:37)
at com.poferries.freight.AutomationFramework.web.stepDefinitions.MakeABookingSteps.i_close_the_survey_popup(MakeABookingSteps.java:1377)
at ✽.I close the survey popup(file:src/test/resources/features/web/InvalidCardDetailsAndCancelPayment.feature:42)
]]>
    </error>
  </testcase> <!-- runScenario -->
  <testcase name="runScenario" time="77.121" classname="com.poferries.freight.AutomationFramework.web.runner.RunCukes"/>
  <testcase name="runScenario" time="77.304" classname="com.poferries.freight.AutomationFramework.web.runner.RunCukes"/>
  <testcase name="runScenario" time="29.178" classname="com.poferries.freight.AutomationFramework.web.runner.RunCukes"/>
  <testcase name="runScenario" time="119.503" classname="com.poferries.freight.AutomationFramework.web.runner.RunCukes">
    <failure type="java.lang.AssertionError" message="expected [29-May-2020] but found [28-May-2020]">
      <![CDATA[java.lang.AssertionError: expected [29-May-2020] but found [28-May-2020]
at org.testng.Assert.fail(Assert.java:96)
at org.testng.Assert.failNotEquals(Assert.java:776)
at org.testng.Assert.assertEqualsImpl(Assert.java:137)
at org.testng.Assert.assertEquals(Assert.java:118)
at org.testng.Assert.assertEquals(Assert.java:453)
at org.testng.Assert.assertEquals(Assert.java:463)
at com.poferries.freight.AutomationFramework.web.stepDefinitions.MakeABookingSteps.i_verify_the_confirmed_Payment_Details_and(MakeABookingSteps.java:1111)
at ✽.I verify the confirmed Payment Details "dt_paymentDate","dt_paymentType" and "dt_paymentStatus"(file:src/test/resources/features/web/MakeABookingDataDriven.feature:62)
]]>
    </failure>
  </testcase> <!-- runScenario -->
  <testcase name="runScenario" time="117.746" classname="com.poferries.freight.AutomationFramework.web.runner.RunCukes"/>
  <testcase name="runScenario" time="67.463" classname="com.poferries.freight.AutomationFramework.web.runner.RunCukes"/>
  <testcase name="runScenario" time="25.804" classname="com.poferries.freight.AutomationFramework.web.runner.RunCukes"/>
  <testcase name="runScenario" time="97.277" classname="com.poferries.freight.AutomationFramework.web.runner.RunCukes"/>
  <testcase name="runScenario" time="106.454" classname="com.poferries.freight.AutomationFramework.web.runner.RunCukes">
    <skipped/>
  </testcase> <!-- runScenario -->
  <testcase name="runScenario" time="140.659" classname="com.poferries.freight.AutomationFramework.web.runner.RunCukes">
    <error type="org.openqa.selenium.StaleElementReferenceException" message="stale element reference: element is not attached to the page document
  (Session info: chrome=79.0.3945.79)
For documentation on this error, please visit: https://www.seleniumhq.org/exceptions/stale_element_reference.html
Build info: version: &#039;3.141.59&#039;, revision: &#039;e82be7d358&#039;, time: &#039;2018-11-14T08:17:03&#039;
System info: host: &#039;DESKTOP-KISPH7H&#039;, ip: &#039;192.168.0.7&#039;, os.name: &#039;Windows 10&#039;, os.arch: &#039;amd64&#039;, os.version: &#039;10.0&#039;, java.version: &#039;1.8.0_241&#039;
Driver info: org.openqa.selenium.chrome.ChromeDriver
Capabilities {acceptInsecureCerts: false, browserName: chrome, browserVersion: 79.0.3945.79, chrome: {chromedriverVersion: 79.0.3945.36 (3582db32b3389..., userDataDir: C:\Users\AKHIL\AppData\Loca...}, goog:chromeOptions: {debuggerAddress: localhost:57032}, javascriptEnabled: true, networkConnectionEnabled: false, pageLoadStrategy: normal, platform: WINDOWS, platformName: WINDOWS, proxy: Proxy(), setWindowRect: true, strictFileInteractability: false, timeouts: {implicit: 0, pageLoad: 300000, script: 30000}, unhandledPromptBehavior: dismiss and notify}
Session ID: 896dbaa182d620c54d170964c1aa7ed6">
      <![CDATA[org.openqa.selenium.StaleElementReferenceException: stale element reference: element is not attached to the page document
  (Session info: chrome=79.0.3945.79)
For documentation on this error, please visit: https://www.seleniumhq.org/exceptions/stale_element_reference.html
Build info: version: '3.141.59', revision: 'e82be7d358', time: '2018-11-14T08:17:03'
System info: host: 'DESKTOP-KISPH7H', ip: '192.168.0.7', os.name: 'Windows 10', os.arch: 'amd64', os.version: '10.0', java.version: '1.8.0_241'
Driver info: org.openqa.selenium.chrome.ChromeDriver
Capabilities {acceptInsecureCerts: false, browserName: chrome, browserVersion: 79.0.3945.79, chrome: {chromedriverVersion: 79.0.3945.36 (3582db32b3389..., userDataDir: C:\Users\AKHIL\AppData\Loca...}, goog:chromeOptions: {debuggerAddress: localhost:57032}, javascriptEnabled: true, networkConnectionEnabled: false, pageLoadStrategy: normal, platform: WINDOWS, platformName: WINDOWS, proxy: Proxy(), setWindowRect: true, strictFileInteractability: false, timeouts: {implicit: 0, pageLoad: 300000, script: 30000}, unhandledPromptBehavior: dismiss and notify}
Session ID: 896dbaa182d620c54d170964c1aa7ed6
at sun.reflect.NativeConstructorAccessorImpl.newInstance0(Native Method)
at sun.reflect.NativeConstructorAccessorImpl.newInstance(NativeConstructorAccessorImpl.java:62)
at sun.reflect.DelegatingConstructorAccessorImpl.newInstance(DelegatingConstructorAccessorImpl.java:45)
at java.lang.reflect.Constructor.newInstance(Constructor.java:423)
at org.openqa.selenium.remote.http.W3CHttpResponseCodec.createException(W3CHttpResponseCodec.java:187)
at org.openqa.selenium.remote.http.W3CHttpResponseCodec.decode(W3CHttpResponseCodec.java:122)
at org.openqa.selenium.remote.http.W3CHttpResponseCodec.decode(W3CHttpResponseCodec.java:49)
at org.openqa.selenium.remote.HttpCommandExecutor.execute(HttpCommandExecutor.java:158)
at org.openqa.selenium.remote.service.DriverCommandExecutor.execute(DriverCommandExecutor.java:83)
at org.openqa.selenium.remote.RemoteWebDriver.execute(RemoteWebDriver.java:552)
at org.openqa.selenium.remote.RemoteWebElement.execute(RemoteWebElement.java:285)
at org.openqa.selenium.remote.RemoteWebElement.getAttribute(RemoteWebElement.java:134)
at sun.reflect.GeneratedMethodAccessor5.invoke(Unknown Source)
at sun.reflect.DelegatingMethodAccessorImpl.invoke(DelegatingMethodAccessorImpl.java:43)
at java.lang.reflect.Method.invoke(Method.java:498)
at org.openqa.selenium.support.pagefactory.internal.LocatingElementHandler.invoke(LocatingElementHandler.java:51)
at com.sun.proxy.$Proxy17.getAttribute(Unknown Source)
at org.openqa.selenium.support.ui.ExpectedConditions$37.apply(ExpectedConditions.java:1052)
at org.openqa.selenium.support.ui.ExpectedConditions$37.apply(ExpectedConditions.java:1047)
at org.openqa.selenium.support.ui.FluentWait.until(FluentWait.java:249)
at com.poferries.freight.AutomationFramework.web.actions.HomePageActions.waitForProgressbarToappear(HomePageActions.java:57)
at com.poferries.freight.AutomationFramework.web.actions.HomePageActions.makeLengthAndLanguageSelections(HomePageActions.java:165)
at com.poferries.freight.AutomationFramework.web.stepDefinitions.MakeABookingSteps.i_set_the_and_units(MakeABookingSteps.java:85)
at ✽.I set the "en" and "Metre" units(file:src/test/resources/features/web/AbnormalWeightWidth.feature:19)
]]>
    </error>
  </testcase> <!-- runScenario -->
  <testcase name="runScenario" time="39.834" classname="com.poferries.freight.AutomationFramework.web.runner.RunCukes"/>
  <testcase name="runScenario" time="81.000" classname="com.poferries.freight.AutomationFramework.web.runner.RunCukes"/>
  <testcase name="runScenario" time="129.379" classname="com.poferries.freight.AutomationFramework.web.runner.RunCukes">
    <skipped/>
  </testcase> <!-- runScenario -->
  <testcase name="runScenario" time="69.651" classname="com.poferries.freight.AutomationFramework.web.runner.RunCukes"/>
  <testcase name="runScenario" time="30.618" classname="com.poferries.freight.AutomationFramework.web.runner.RunCukes"/>
  <testcase name="runScenario" time="82.491" classname="com.poferries.freight.AutomationFramework.web.runner.RunCukes"/>
  <testcase name="runScenario" time="105.254" classname="com.poferries.freight.AutomationFramework.web.runner.RunCukes"/>
  <testcase name="runScenario" time="129.439" classname="com.poferries.freight.AutomationFramework.web.runner.RunCukes"/>
  <testcase name="runScenario" time="78.184" classname="com.poferries.freight.AutomationFramework.web.runner.RunCukes"/>
  <testcase name="runScenario" time="171.954" classname="com.poferries.freight.AutomationFramework.web.runner.RunCukes">
    <failure type="java.lang.AssertionError" message="expected [29-May-2020] but found [28-May-2020]">
      <![CDATA[java.lang.AssertionError: expected [29-May-2020] but found [28-May-2020]
at org.testng.Assert.fail(Assert.java:96)
at org.testng.Assert.failNotEquals(Assert.java:776)
at org.testng.Assert.assertEqualsImpl(Assert.java:137)
at org.testng.Assert.assertEquals(Assert.java:118)
at org.testng.Assert.assertEquals(Assert.java:453)
at org.testng.Assert.assertEquals(Assert.java:463)
at com.poferries.freight.AutomationFramework.web.stepDefinitions.MakeABookingSteps.i_verify_the_confirmed_Payment_Details_and(MakeABookingSteps.java:1111)
at ✽.I verify the confirmed Payment Details "dt_paymentDate","dt_paymentType" and "dt_paymentStatus"(file:src/test/resources/features/web/MakeABookingDataDriven.feature:62)
]]>
    </failure>
  </testcase> <!-- runScenario -->
  <testcase name="runScenario" time="112.964" classname="com.poferries.freight.AutomationFramework.web.runner.RunCukes">
    <skipped/>
  </testcase> <!-- runScenario -->
</testsuite> <!-- com.poferries.freight.AutomationFramework.web.runner.RunCukes -->
